[0.609s] Invoking command in '/home/sanmaster/onshape-to-robot-tutorial/delta_robot_min_ws/build/my_first_delta': PYTHONPATH=/home/sanmaster/onshape-to-robot-tutorial/delta_robot_min_ws/build/my_first_delta/prefix_override:/home/sanmaster/onshape-to-robot-tutorial/delta_robot_min_ws/install/my_first_delta/lib/python3.10/site-packages:${PYTHONPATH} /usr/bin/python3 -W ignore:setup.py install is deprecated setup.py develop --editable --build-directory /home/sanmaster/onshape-to-robot-tutorial/delta_robot_min_ws/build/my_first_delta/build --no-deps symlink_data --force
[0.889s] running develop
[0.890s] /usr/lib/python3/dist-packages/setuptools/command/easy_install.py:158: EasyInstallDeprecationWarning: easy_install command is deprecated. Use build and pip and other standards-based tools.
[0.890s]   warnings.warn(
[1.085s] running egg_info
[1.086s] writing my_first_delta.egg-info/PKG-INFO
[1.086s] writing dependency_links to my_first_delta.egg-info/dependency_links.txt
[1.086s] writing entry points to my_first_delta.egg-info/entry_points.txt
[1.086s] writing requirements to my_first_delta.egg-info/requires.txt
[1.086s] writing top-level names to my_first_delta.egg-info/top_level.txt
[1.088s] reading manifest file 'my_first_delta.egg-info/SOURCES.txt'
[1.088s] writing manifest file 'my_first_delta.egg-info/SOURCES.txt'
[1.090s] running build_ext
[1.090s] Creating /home/sanmaster/onshape-to-robot-tutorial/delta_robot_min_ws/install/my_first_delta/lib/python3.10/site-packages/my-first-delta.egg-link (link to .)
[1.091s] 
[1.091s] Installed /home/sanmaster/onshape-to-robot-tutorial/delta_robot_min_ws/build/my_first_delta
[1.091s] running symlink_data
[1.091s] symbolically linking /home/sanmaster/onshape-to-robot-tutorial/delta_robot_min_ws/build/my_first_delta/resource/my_first_delta -> /home/sanmaster/onshape-to-robot-tutorial/delta_robot_min_ws/install/my_first_delta/share/ament_index/resource_index/packages
[1.091s] symbolically linking /home/sanmaster/onshape-to-robot-tutorial/delta_robot_min_ws/build/my_first_delta/package.xml -> /home/sanmaster/onshape-to-robot-tutorial/delta_robot_min_ws/install/my_first_delta/share/my_first_delta
[1.091s] symbolically linking /home/sanmaster/onshape-to-robot-tutorial/delta_robot_min_ws/build/my_first_delta/launch/basic_launch.py -> /home/sanmaster/onshape-to-robot-tutorial/delta_robot_min_ws/install/my_first_delta/share/my_first_delta/launch
[1.091s] symbolically linking /home/sanmaster/onshape-to-robot-tutorial/delta_robot_min_ws/build/my_first_delta/urdf/base.urdf.xacro -> /home/sanmaster/onshape-to-robot-tutorial/delta_robot_min_ws/install/my_first_delta/share/my_first_delta/urdf
[1.113s] Invoked command in '/home/sanmaster/onshape-to-robot-tutorial/delta_robot_min_ws/build/my_first_delta' returned '0': PYTHONPATH=/home/sanmaster/onshape-to-robot-tutorial/delta_robot_min_ws/build/my_first_delta/prefix_override:/home/sanmaster/onshape-to-robot-tutorial/delta_robot_min_ws/install/my_first_delta/lib/python3.10/site-packages:${PYTHONPATH} /usr/bin/python3 -W ignore:setup.py install is deprecated setup.py develop --editable --build-directory /home/sanmaster/onshape-to-robot-tutorial/delta_robot_min_ws/build/my_first_delta/build --no-deps symlink_data --force
