[1.120s] Invoking command in '/home/sanmaster/onshape-to-robot-tutorial/delta_robot_min_ws/src/my_second_delta': PYTHONPATH=/home/sanmaster/onshape-to-robot-tutorial/delta_robot_min_ws/src/my_second_delta/build/my_second_delta/prefix_override:/home/sanmaster/onshape-to-robot-tutorial/delta_robot_min_ws/src/my_second_delta/install/my_second_delta/lib/python3.10/site-packages:${PYTHONPATH} /usr/bin/python3 -W ignore:setup.py install is deprecated setup.py egg_info --egg-base build/my_second_delta build --build-base /home/sanmaster/onshape-to-robot-tutorial/delta_robot_min_ws/src/my_second_delta/build/my_second_delta/build install --record /home/sanmaster/onshape-to-robot-tutorial/delta_robot_min_ws/src/my_second_delta/build/my_second_delta/install.log --single-version-externally-managed install_data
[1.577s] running egg_info
[1.578s] writing build/my_second_delta/my_second_delta.egg-info/PKG-INFO
[1.578s] writing dependency_links to build/my_second_delta/my_second_delta.egg-info/dependency_links.txt
[1.579s] writing entry points to build/my_second_delta/my_second_delta.egg-info/entry_points.txt
[1.579s] writing requirements to build/my_second_delta/my_second_delta.egg-info/requires.txt
[1.579s] writing top-level names to build/my_second_delta/my_second_delta.egg-info/top_level.txt
[1.582s] reading manifest file 'build/my_second_delta/my_second_delta.egg-info/SOURCES.txt'
[1.582s] adding license file 'LICENSE'
[1.584s] writing manifest file 'build/my_second_delta/my_second_delta.egg-info/SOURCES.txt'
[1.584s] running build
[1.584s] running build_py
[1.585s] running install
[1.585s] running install_lib
[1.587s] running install_data
[1.587s] copying launch/launch_delta.py -> /home/sanmaster/onshape-to-robot-tutorial/delta_robot_min_ws/src/my_second_delta/install/my_second_delta/share/my_second_delta/launch
[1.588s] running install_egg_info
[1.590s] removing '/home/sanmaster/onshape-to-robot-tutorial/delta_robot_min_ws/src/my_second_delta/install/my_second_delta/lib/python3.10/site-packages/my_second_delta-0.0.0-py3.10.egg-info' (and everything under it)
[1.591s] Copying build/my_second_delta/my_second_delta.egg-info to /home/sanmaster/onshape-to-robot-tutorial/delta_robot_min_ws/src/my_second_delta/install/my_second_delta/lib/python3.10/site-packages/my_second_delta-0.0.0-py3.10.egg-info
[1.592s] running install_scripts
[1.623s] Installing inverse_kinematics_client script to /home/sanmaster/onshape-to-robot-tutorial/delta_robot_min_ws/src/my_second_delta/install/my_second_delta/lib/my_second_delta
[1.624s] Installing inverse_kinematics_server script to /home/sanmaster/onshape-to-robot-tutorial/delta_robot_min_ws/src/my_second_delta/install/my_second_delta/lib/my_second_delta
[1.624s] Installing joint_publisher script to /home/sanmaster/onshape-to-robot-tutorial/delta_robot_min_ws/src/my_second_delta/install/my_second_delta/lib/my_second_delta
[1.624s] Installing plc_reader script to /home/sanmaster/onshape-to-robot-tutorial/delta_robot_min_ws/src/my_second_delta/install/my_second_delta/lib/my_second_delta
[1.624s] Installing spawner script to /home/sanmaster/onshape-to-robot-tutorial/delta_robot_min_ws/src/my_second_delta/install/my_second_delta/lib/my_second_delta
[1.625s] writing list of installed files to '/home/sanmaster/onshape-to-robot-tutorial/delta_robot_min_ws/src/my_second_delta/build/my_second_delta/install.log'
[1.656s] Invoked command in '/home/sanmaster/onshape-to-robot-tutorial/delta_robot_min_ws/src/my_second_delta' returned '0': PYTHONPATH=/home/sanmaster/onshape-to-robot-tutorial/delta_robot_min_ws/src/my_second_delta/build/my_second_delta/prefix_override:/home/sanmaster/onshape-to-robot-tutorial/delta_robot_min_ws/src/my_second_delta/install/my_second_delta/lib/python3.10/site-packages:${PYTHONPATH} /usr/bin/python3 -W ignore:setup.py install is deprecated setup.py egg_info --egg-base build/my_second_delta build --build-base /home/sanmaster/onshape-to-robot-tutorial/delta_robot_min_ws/src/my_second_delta/build/my_second_delta/build install --record /home/sanmaster/onshape-to-robot-tutorial/delta_robot_min_ws/src/my_second_delta/build/my_second_delta/install.log --single-version-externally-managed install_data
