/home/sanmaster/onshape-to-robot-tutorial/delta_robot_min_ws/src/install/my_first_delta/lib/python3.10/site-packages/my_first_delta/excel_publisher.py
/home/sanmaster/onshape-to-robot-tutorial/delta_robot_min_ws/src/install/my_first_delta/lib/python3.10/site-packages/my_first_delta/inverse_kinematics_server.py
/home/sanmaster/onshape-to-robot-tutorial/delta_robot_min_ws/src/install/my_first_delta/lib/python3.10/site-packages/my_first_delta/__init__.py
/home/sanmaster/onshape-to-robot-tutorial/delta_robot_min_ws/src/install/my_first_delta/lib/python3.10/site-packages/my_first_delta/inverse_kinematics_client.py
/home/sanmaster/onshape-to-robot-tutorial/delta_robot_min_ws/src/install/my_first_delta/lib/python3.10/site-packages/my_first_delta/joint_publisher.py
/home/sanmaster/onshape-to-robot-tutorial/delta_robot_min_ws/src/install/my_first_delta/lib/python3.10/site-packages/my_first_delta/get_user_input.py
/home/sanmaster/onshape-to-robot-tutorial/delta_robot_min_ws/src/install/my_first_delta/lib/python3.10/site-packages/my_first_delta/__pycache__/excel_publisher.cpython-310.pyc
/home/sanmaster/onshape-to-robot-tutorial/delta_robot_min_ws/src/install/my_first_delta/lib/python3.10/site-packages/my_first_delta/__pycache__/inverse_kinematics_server.cpython-310.pyc
/home/sanmaster/onshape-to-robot-tutorial/delta_robot_min_ws/src/install/my_first_delta/lib/python3.10/site-packages/my_first_delta/__pycache__/__init__.cpython-310.pyc
/home/sanmaster/onshape-to-robot-tutorial/delta_robot_min_ws/src/install/my_first_delta/lib/python3.10/site-packages/my_first_delta/__pycache__/inverse_kinematics_client.cpython-310.pyc
/home/sanmaster/onshape-to-robot-tutorial/delta_robot_min_ws/src/install/my_first_delta/lib/python3.10/site-packages/my_first_delta/__pycache__/joint_publisher.cpython-310.pyc
/home/sanmaster/onshape-to-robot-tutorial/delta_robot_min_ws/src/install/my_first_delta/lib/python3.10/site-packages/my_first_delta/__pycache__/get_user_input.cpython-310.pyc
/home/sanmaster/onshape-to-robot-tutorial/delta_robot_min_ws/src/install/my_first_delta/share/ament_index/resource_index/packages/my_first_delta
/home/sanmaster/onshape-to-robot-tutorial/delta_robot_min_ws/src/install/my_first_delta/share/my_first_delta/package.xml
/home/sanmaster/onshape-to-robot-tutorial/delta_robot_min_ws/src/install/my_first_delta/share/my_first_delta/launch/basic_launch.py
/home/sanmaster/onshape-to-robot-tutorial/delta_robot_min_ws/src/install/my_first_delta/share/my_first_delta/urdf/base.urdf.xacro
/home/sanmaster/onshape-to-robot-tutorial/delta_robot_min_ws/src/install/my_first_delta/lib/python3.10/site-packages/my_first_delta-0.0.0-py3.10.egg-info/requires.txt
/home/sanmaster/onshape-to-robot-tutorial/delta_robot_min_ws/src/install/my_first_delta/lib/python3.10/site-packages/my_first_delta-0.0.0-py3.10.egg-info/zip-safe
/home/sanmaster/onshape-to-robot-tutorial/delta_robot_min_ws/src/install/my_first_delta/lib/python3.10/site-packages/my_first_delta-0.0.0-py3.10.egg-info/entry_points.txt
/home/sanmaster/onshape-to-robot-tutorial/delta_robot_min_ws/src/install/my_first_delta/lib/python3.10/site-packages/my_first_delta-0.0.0-py3.10.egg-info/PKG-INFO
/home/sanmaster/onshape-to-robot-tutorial/delta_robot_min_ws/src/install/my_first_delta/lib/python3.10/site-packages/my_first_delta-0.0.0-py3.10.egg-info/SOURCES.txt
/home/sanmaster/onshape-to-robot-tutorial/delta_robot_min_ws/src/install/my_first_delta/lib/python3.10/site-packages/my_first_delta-0.0.0-py3.10.egg-info/dependency_links.txt
/home/sanmaster/onshape-to-robot-tutorial/delta_robot_min_ws/src/install/my_first_delta/lib/python3.10/site-packages/my_first_delta-0.0.0-py3.10.egg-info/top_level.txt
/home/sanmaster/onshape-to-robot-tutorial/delta_robot_min_ws/src/install/my_first_delta/lib/my_first_delta/excel_publisher
/home/sanmaster/onshape-to-robot-tutorial/delta_robot_min_ws/src/install/my_first_delta/lib/my_first_delta/get_user_input
/home/sanmaster/onshape-to-robot-tutorial/delta_robot_min_ws/src/install/my_first_delta/lib/my_first_delta/inverse_kinematics_client
/home/sanmaster/onshape-to-robot-tutorial/delta_robot_min_ws/src/install/my_first_delta/lib/my_first_delta/inverse_kinematics_server
/home/sanmaster/onshape-to-robot-tutorial/delta_robot_min_ws/src/install/my_first_delta/lib/my_first_delta/joint_publisher
