[0.756s] Invoking command in '/home/sanmaster/onshape-to-robot-tutorial/delta_robot_min_ws/src/my_first_delta': PYTHONPATH=/home/sanmaster/onshape-to-robot-tutorial/delta_robot_min_ws/build/my_first_delta/prefix_override:/home/sanmaster/onshape-to-robot-tutorial/delta_robot_min_ws/install/my_first_delta/lib/python3.10/site-packages:${PYTHONPATH} /usr/bin/python3 -W ignore:setup.py install is deprecated setup.py egg_info --egg-base ../../build/my_first_delta build --build-base /home/sanmaster/onshape-to-robot-tutorial/delta_robot_min_ws/build/my_first_delta/build install --record /home/sanmaster/onshape-to-robot-tutorial/delta_robot_min_ws/build/my_first_delta/install.log --single-version-externally-managed install_data
[1.027s] running egg_info
[1.028s] writing ../../build/my_first_delta/my_first_delta.egg-info/PKG-INFO
[1.028s] writing dependency_links to ../../build/my_first_delta/my_first_delta.egg-info/dependency_links.txt
[1.028s] writing entry points to ../../build/my_first_delta/my_first_delta.egg-info/entry_points.txt
[1.029s] writing requirements to ../../build/my_first_delta/my_first_delta.egg-info/requires.txt
[1.029s] writing top-level names to ../../build/my_first_delta/my_first_delta.egg-info/top_level.txt
[1.030s] reading manifest file '../../build/my_first_delta/my_first_delta.egg-info/SOURCES.txt'
[1.031s] adding license file 'LICENSE'
[1.031s] writing manifest file '../../build/my_first_delta/my_first_delta.egg-info/SOURCES.txt'
[1.032s] running build
[1.032s] running build_py
[1.032s] running install
[1.032s] running install_lib
[1.034s] running install_data
[1.034s] copying urdf/base.urdf.xacro -> /home/sanmaster/onshape-to-robot-tutorial/delta_robot_min_ws/install/my_first_delta/share/my_first_delta/urdf
[1.034s] running install_egg_info
[1.035s] removing '/home/sanmaster/onshape-to-robot-tutorial/delta_robot_min_ws/install/my_first_delta/lib/python3.10/site-packages/my_first_delta-0.0.0-py3.10.egg-info' (and everything under it)
[1.036s] Copying ../../build/my_first_delta/my_first_delta.egg-info to /home/sanmaster/onshape-to-robot-tutorial/delta_robot_min_ws/install/my_first_delta/lib/python3.10/site-packages/my_first_delta-0.0.0-py3.10.egg-info
[1.037s] running install_scripts
[1.059s] Installing joint_publisher script to /home/sanmaster/onshape-to-robot-tutorial/delta_robot_min_ws/install/my_first_delta/lib/my_first_delta
[1.059s] writing list of installed files to '/home/sanmaster/onshape-to-robot-tutorial/delta_robot_min_ws/build/my_first_delta/install.log'
[1.081s] Invoked command in '/home/sanmaster/onshape-to-robot-tutorial/delta_robot_min_ws/src/my_first_delta' returned '0': PYTHONPATH=/home/sanmaster/onshape-to-robot-tutorial/delta_robot_min_ws/build/my_first_delta/prefix_override:/home/sanmaster/onshape-to-robot-tutorial/delta_robot_min_ws/install/my_first_delta/lib/python3.10/site-packages:${PYTHONPATH} /usr/bin/python3 -W ignore:setup.py install is deprecated setup.py egg_info --egg-base ../../build/my_first_delta build --build-base /home/sanmaster/onshape-to-robot-tutorial/delta_robot_min_ws/build/my_first_delta/build install --record /home/sanmaster/onshape-to-robot-tutorial/delta_robot_min_ws/build/my_first_delta/install.log --single-version-externally-managed install_data
