[0.010s] Invoking command in '/home/sanmaster/onshape-to-robot-tutorial/delta_robot_min_ws/build/more_interfaces': CMAKE_PREFIX_PATH=/opt/ros/iron /usr/bin/cmake --build /home/sanmaster/onshape-to-robot-tutorial/delta_robot_min_ws/build/more_interfaces -- -j12 -l12
[0.055s] [  2%] Built target more_interfaces__rosidl_generator_type_description
[0.064s] [  2%] Built target ament_cmake_python_copy_more_interfaces
[0.065s] [35m[1mConsolidate compiler generated dependencies of target more_interfaces__rosidl_generator_c[0m
[0.074s] [  5%] Built target more_interfaces__cpp
[0.078s] [ 20%] Built target more_interfaces__rosidl_generator_c
[0.088s] [35m[1mConsolidate compiler generated dependencies of target more_interfaces__rosidl_typesupport_introspection_c[0m
[0.088s] [35m[1mConsolidate compiler generated dependencies of target more_interfaces__rosidl_typesupport_cpp[0m
[0.089s] [35m[1mConsolidate compiler generated dependencies of target more_interfaces__rosidl_typesupport_fastrtps_c[0m
[0.089s] [35m[1mConsolidate compiler generated dependencies of target more_interfaces__rosidl_typesupport_fastrtps_cpp[0m
[0.090s] [35m[1mConsolidate compiler generated dependencies of target more_interfaces__rosidl_typesupport_introspection_cpp[0m
[0.090s] [35m[1mConsolidate compiler generated dependencies of target more_interfaces__rosidl_typesupport_c[0m
[0.103s] [ 29%] Built target more_interfaces__rosidl_typesupport_cpp
[0.103s] [ 38%] Built target more_interfaces__rosidl_typesupport_introspection_c
[0.104s] [ 47%] Built target more_interfaces__rosidl_typesupport_fastrtps_c
[0.104s] [ 55%] Built target more_interfaces__rosidl_typesupport_c
[0.108s] [ 73%] Built target more_interfaces__rosidl_typesupport_introspection_cpp
[0.108s] [ 73%] Built target more_interfaces__rosidl_typesupport_fastrtps_cpp
[0.131s] [ 73%] Built target more_interfaces
[0.154s] [ 76%] Built target more_interfaces__py
[0.166s] [35m[1mConsolidate compiler generated dependencies of target more_interfaces__rosidl_generator_py[0m
[0.182s] [ 82%] Built target more_interfaces__rosidl_generator_py
[0.194s] [35m[1mConsolidate compiler generated dependencies of target more_interfaces__rosidl_typesupport_fastrtps_c__pyext[0m
[0.194s] [35m[1mConsolidate compiler generated dependencies of target more_interfaces__rosidl_typesupport_introspection_c__pyext[0m
[0.194s] [35m[1mConsolidate compiler generated dependencies of target more_interfaces__rosidl_typesupport_c__pyext[0m
[0.211s] [100%] Built target more_interfaces__rosidl_typesupport_c__pyext
[0.211s] [100%] Built target more_interfaces__rosidl_typesupport_fastrtps_c__pyext
[0.211s] [100%] Built target more_interfaces__rosidl_typesupport_introspection_c__pyext
[0.404s] running egg_info
[0.404s] writing more_interfaces.egg-info/PKG-INFO
[0.405s] writing dependency_links to more_interfaces.egg-info/dependency_links.txt
[0.405s] writing top-level names to more_interfaces.egg-info/top_level.txt
[0.407s] reading manifest file 'more_interfaces.egg-info/SOURCES.txt'
[0.408s] writing manifest file 'more_interfaces.egg-info/SOURCES.txt'
[0.441s] [100%] Built target ament_cmake_python_build_more_interfaces_egg
[0.455s] Invoked command in '/home/sanmaster/onshape-to-robot-tutorial/delta_robot_min_ws/build/more_interfaces' returned '0': CMAKE_PREFIX_PATH=/opt/ros/iron /usr/bin/cmake --build /home/sanmaster/onshape-to-robot-tutorial/delta_robot_min_ws/build/more_interfaces -- -j12 -l12
[0.539s] Invoking command in '/home/sanmaster/onshape-to-robot-tutorial/delta_robot_min_ws/build/more_interfaces': CMAKE_PREFIX_PATH=/opt/ros/iron /usr/bin/cmake --install /home/sanmaster/onshape-to-robot-tutorial/delta_robot_min_ws/build/more_interfaces
[0.548s] -- Install configuration: ""
[0.548s] -- Up-to-date: /home/sanmaster/onshape-to-robot-tutorial/delta_robot_min_ws/install/more_interfaces/share/ament_index/resource_index/rosidl_interfaces/more_interfaces
[0.548s] -- Up-to-date: /home/sanmaster/onshape-to-robot-tutorial/delta_robot_min_ws/install/more_interfaces/share/more_interfaces/srv/DeltaTheta.json
[0.548s] -- Up-to-date: /home/sanmaster/onshape-to-robot-tutorial/delta_robot_min_ws/install/more_interfaces/include/more_interfaces/more_interfaces
[0.548s] -- Up-to-date: /home/sanmaster/onshape-to-robot-tutorial/delta_robot_min_ws/install/more_interfaces/include/more_interfaces/more_interfaces/srv
[0.548s] -- Up-to-date: /home/sanmaster/onshape-to-robot-tutorial/delta_robot_min_ws/install/more_interfaces/include/more_interfaces/more_interfaces/srv/delta_theta.h
[0.549s] -- Up-to-date: /home/sanmaster/onshape-to-robot-tutorial/delta_robot_min_ws/install/more_interfaces/include/more_interfaces/more_interfaces/srv/detail
[0.549s] -- Up-to-date: /home/sanmaster/onshape-to-robot-tutorial/delta_robot_min_ws/install/more_interfaces/include/more_interfaces/more_interfaces/srv/detail/delta_theta__struct.h
[0.549s] -- Up-to-date: /home/sanmaster/onshape-to-robot-tutorial/delta_robot_min_ws/install/more_interfaces/include/more_interfaces/more_interfaces/srv/detail/delta_theta__type_support.h
[0.549s] -- Up-to-date: /home/sanmaster/onshape-to-robot-tutorial/delta_robot_min_ws/install/more_interfaces/include/more_interfaces/more_interfaces/srv/detail/delta_theta__description.c
[0.549s] -- Up-to-date: /home/sanmaster/onshape-to-robot-tutorial/delta_robot_min_ws/install/more_interfaces/include/more_interfaces/more_interfaces/srv/detail/delta_theta__functions.h
[0.549s] -- Up-to-date: /home/sanmaster/onshape-to-robot-tutorial/delta_robot_min_ws/install/more_interfaces/include/more_interfaces/more_interfaces/srv/detail/delta_theta__functions.c
[0.549s] -- Up-to-date: /home/sanmaster/onshape-to-robot-tutorial/delta_robot_min_ws/install/more_interfaces/include/more_interfaces/more_interfaces/srv/detail/delta_theta__type_support.c
[0.550s] -- Up-to-date: /home/sanmaster/onshape-to-robot-tutorial/delta_robot_min_ws/install/more_interfaces/include/more_interfaces/more_interfaces/msg
[0.550s] -- Up-to-date: /home/sanmaster/onshape-to-robot-tutorial/delta_robot_min_ws/install/more_interfaces/include/more_interfaces/more_interfaces/msg/rosidl_generator_c__visibility_control.h
[0.550s] -- Up-to-date: /home/sanmaster/onshape-to-robot-tutorial/delta_robot_min_ws/install/more_interfaces/share/more_interfaces/environment/library_path.sh
[0.550s] -- Up-to-date: /home/sanmaster/onshape-to-robot-tutorial/delta_robot_min_ws/install/more_interfaces/share/more_interfaces/environment/library_path.dsv
[0.550s] -- Up-to-date: /home/sanmaster/onshape-to-robot-tutorial/delta_robot_min_ws/install/more_interfaces/lib/libmore_interfaces__rosidl_generator_c.so
[0.550s] -- Up-to-date: /home/sanmaster/onshape-to-robot-tutorial/delta_robot_min_ws/install/more_interfaces/include/more_interfaces/more_interfaces
[0.550s] -- Up-to-date: /home/sanmaster/onshape-to-robot-tutorial/delta_robot_min_ws/install/more_interfaces/include/more_interfaces/more_interfaces/srv
[0.550s] -- Up-to-date: /home/sanmaster/onshape-to-robot-tutorial/delta_robot_min_ws/install/more_interfaces/include/more_interfaces/more_interfaces/srv/detail
[0.551s] -- Up-to-date: /home/sanmaster/onshape-to-robot-tutorial/delta_robot_min_ws/install/more_interfaces/include/more_interfaces/more_interfaces/srv/detail/delta_theta__rosidl_typesupport_fastrtps_c.h
[0.551s] -- Up-to-date: /home/sanmaster/onshape-to-robot-tutorial/delta_robot_min_ws/install/more_interfaces/include/more_interfaces/more_interfaces/msg
[0.551s] -- Up-to-date: /home/sanmaster/onshape-to-robot-tutorial/delta_robot_min_ws/install/more_interfaces/include/more_interfaces/more_interfaces/msg/rosidl_typesupport_fastrtps_c__visibility_control.h
[0.551s] -- Up-to-date: /home/sanmaster/onshape-to-robot-tutorial/delta_robot_min_ws/install/more_interfaces/lib/libmore_interfaces__rosidl_typesupport_fastrtps_c.so
[0.551s] -- Up-to-date: /home/sanmaster/onshape-to-robot-tutorial/delta_robot_min_ws/install/more_interfaces/include/more_interfaces/more_interfaces
[0.551s] -- Up-to-date: /home/sanmaster/onshape-to-robot-tutorial/delta_robot_min_ws/install/more_interfaces/include/more_interfaces/more_interfaces/srv
[0.552s] -- Up-to-date: /home/sanmaster/onshape-to-robot-tutorial/delta_robot_min_ws/install/more_interfaces/include/more_interfaces/more_interfaces/srv/detail
[0.552s] -- Up-to-date: /home/sanmaster/onshape-to-robot-tutorial/delta_robot_min_ws/install/more_interfaces/include/more_interfaces/more_interfaces/srv/detail/delta_theta__rosidl_typesupport_introspection_c.h
[0.552s] -- Up-to-date: /home/sanmaster/onshape-to-robot-tutorial/delta_robot_min_ws/install/more_interfaces/include/more_interfaces/more_interfaces/srv/detail/delta_theta__type_support.c
[0.552s] -- Up-to-date: /home/sanmaster/onshape-to-robot-tutorial/delta_robot_min_ws/install/more_interfaces/include/more_interfaces/more_interfaces/msg
[0.552s] -- Up-to-date: /home/sanmaster/onshape-to-robot-tutorial/delta_robot_min_ws/install/more_interfaces/include/more_interfaces/more_interfaces/msg/rosidl_typesupport_introspection_c__visibility_control.h
[0.552s] -- Up-to-date: /home/sanmaster/onshape-to-robot-tutorial/delta_robot_min_ws/install/more_interfaces/lib/libmore_interfaces__rosidl_typesupport_introspection_c.so
[0.552s] -- Up-to-date: /home/sanmaster/onshape-to-robot-tutorial/delta_robot_min_ws/install/more_interfaces/lib/libmore_interfaces__rosidl_typesupport_c.so
[0.553s] -- Up-to-date: /home/sanmaster/onshape-to-robot-tutorial/delta_robot_min_ws/install/more_interfaces/include/more_interfaces/more_interfaces
[0.553s] -- Up-to-date: /home/sanmaster/onshape-to-robot-tutorial/delta_robot_min_ws/install/more_interfaces/include/more_interfaces/more_interfaces/srv
[0.553s] -- Up-to-date: /home/sanmaster/onshape-to-robot-tutorial/delta_robot_min_ws/install/more_interfaces/include/more_interfaces/more_interfaces/srv/detail
[0.553s] -- Up-to-date: /home/sanmaster/onshape-to-robot-tutorial/delta_robot_min_ws/install/more_interfaces/include/more_interfaces/more_interfaces/srv/detail/delta_theta__struct.hpp
[0.553s] -- Up-to-date: /home/sanmaster/onshape-to-robot-tutorial/delta_robot_min_ws/install/more_interfaces/include/more_interfaces/more_interfaces/srv/detail/delta_theta__builder.hpp
[0.553s] -- Up-to-date: /home/sanmaster/onshape-to-robot-tutorial/delta_robot_min_ws/install/more_interfaces/include/more_interfaces/more_interfaces/srv/detail/delta_theta__traits.hpp
[0.553s] -- Up-to-date: /home/sanmaster/onshape-to-robot-tutorial/delta_robot_min_ws/install/more_interfaces/include/more_interfaces/more_interfaces/srv/delta_theta.hpp
[0.554s] -- Up-to-date: /home/sanmaster/onshape-to-robot-tutorial/delta_robot_min_ws/install/more_interfaces/include/more_interfaces/more_interfaces
[0.554s] -- Up-to-date: /home/sanmaster/onshape-to-robot-tutorial/delta_robot_min_ws/install/more_interfaces/include/more_interfaces/more_interfaces/srv
[0.554s] -- Up-to-date: /home/sanmaster/onshape-to-robot-tutorial/delta_robot_min_ws/install/more_interfaces/include/more_interfaces/more_interfaces/srv/detail
[0.554s] -- Up-to-date: /home/sanmaster/onshape-to-robot-tutorial/delta_robot_min_ws/install/more_interfaces/include/more_interfaces/more_interfaces/srv/detail/delta_theta__rosidl_typesupport_fastrtps_cpp.hpp
[0.554s] -- Up-to-date: /home/sanmaster/onshape-to-robot-tutorial/delta_robot_min_ws/install/more_interfaces/include/more_interfaces/more_interfaces/srv/detail/dds_fastrtps
[0.554s] -- Up-to-date: /home/sanmaster/onshape-to-robot-tutorial/delta_robot_min_ws/install/more_interfaces/include/more_interfaces/more_interfaces/msg
[0.554s] -- Up-to-date: /home/sanmaster/onshape-to-robot-tutorial/delta_robot_min_ws/install/more_interfaces/include/more_interfaces/more_interfaces/msg/rosidl_typesupport_fastrtps_cpp__visibility_control.h
[0.554s] -- Up-to-date: /home/sanmaster/onshape-to-robot-tutorial/delta_robot_min_ws/install/more_interfaces/lib/libmore_interfaces__rosidl_typesupport_fastrtps_cpp.so
[0.555s] -- Up-to-date: /home/sanmaster/onshape-to-robot-tutorial/delta_robot_min_ws/install/more_interfaces/include/more_interfaces/more_interfaces
[0.555s] -- Up-to-date: /home/sanmaster/onshape-to-robot-tutorial/delta_robot_min_ws/install/more_interfaces/include/more_interfaces/more_interfaces/srv
[0.555s] -- Up-to-date: /home/sanmaster/onshape-to-robot-tutorial/delta_robot_min_ws/install/more_interfaces/include/more_interfaces/more_interfaces/srv/detail
[0.555s] -- Up-to-date: /home/sanmaster/onshape-to-robot-tutorial/delta_robot_min_ws/install/more_interfaces/include/more_interfaces/more_interfaces/srv/detail/delta_theta__rosidl_typesupport_introspection_cpp.hpp
[0.555s] -- Up-to-date: /home/sanmaster/onshape-to-robot-tutorial/delta_robot_min_ws/install/more_interfaces/include/more_interfaces/more_interfaces/srv/detail/delta_theta__type_support.cpp
[0.555s] -- Up-to-date: /home/sanmaster/onshape-to-robot-tutorial/delta_robot_min_ws/install/more_interfaces/lib/libmore_interfaces__rosidl_typesupport_introspection_cpp.so
[0.555s] -- Up-to-date: /home/sanmaster/onshape-to-robot-tutorial/delta_robot_min_ws/install/more_interfaces/lib/libmore_interfaces__rosidl_typesupport_cpp.so
[0.555s] -- Up-to-date: /home/sanmaster/onshape-to-robot-tutorial/delta_robot_min_ws/install/more_interfaces/share/more_interfaces/environment/pythonpath.sh
[0.556s] -- Up-to-date: /home/sanmaster/onshape-to-robot-tutorial/delta_robot_min_ws/install/more_interfaces/share/more_interfaces/environment/pythonpath.dsv
[0.556s] -- Up-to-date: /home/sanmaster/onshape-to-robot-tutorial/delta_robot_min_ws/install/more_interfaces/lib/python3.10/site-packages/more_interfaces-0.0.0-py3.10.egg-info
[0.556s] -- Installing: /home/sanmaster/onshape-to-robot-tutorial/delta_robot_min_ws/install/more_interfaces/lib/python3.10/site-packages/more_interfaces-0.0.0-py3.10.egg-info/PKG-INFO
[0.556s] -- Installing: /home/sanmaster/onshape-to-robot-tutorial/delta_robot_min_ws/install/more_interfaces/lib/python3.10/site-packages/more_interfaces-0.0.0-py3.10.egg-info/SOURCES.txt
[0.556s] -- Installing: /home/sanmaster/onshape-to-robot-tutorial/delta_robot_min_ws/install/more_interfaces/lib/python3.10/site-packages/more_interfaces-0.0.0-py3.10.egg-info/dependency_links.txt
[0.556s] -- Installing: /home/sanmaster/onshape-to-robot-tutorial/delta_robot_min_ws/install/more_interfaces/lib/python3.10/site-packages/more_interfaces-0.0.0-py3.10.egg-info/top_level.txt
[0.556s] -- Up-to-date: /home/sanmaster/onshape-to-robot-tutorial/delta_robot_min_ws/install/more_interfaces/lib/python3.10/site-packages/more_interfaces
[0.556s] -- Up-to-date: /home/sanmaster/onshape-to-robot-tutorial/delta_robot_min_ws/install/more_interfaces/lib/python3.10/site-packages/more_interfaces/more_interfaces_s__rosidl_typesupport_fastrtps_c.cpython-310-x86_64-linux-gnu.so
[0.557s] -- Up-to-date: /home/sanmaster/onshape-to-robot-tutorial/delta_robot_min_ws/install/more_interfaces/lib/python3.10/site-packages/more_interfaces/_more_interfaces_s.ep.rosidl_typesupport_c.c
[0.557s] -- Up-to-date: /home/sanmaster/onshape-to-robot-tutorial/delta_robot_min_ws/install/more_interfaces/lib/python3.10/site-packages/more_interfaces/srv
[0.557s] -- Up-to-date: /home/sanmaster/onshape-to-robot-tutorial/delta_robot_min_ws/install/more_interfaces/lib/python3.10/site-packages/more_interfaces/srv/_delta_theta_s.c
[0.557s] -- Up-to-date: /home/sanmaster/onshape-to-robot-tutorial/delta_robot_min_ws/install/more_interfaces/lib/python3.10/site-packages/more_interfaces/srv/__init__.py
[0.557s] -- Up-to-date: /home/sanmaster/onshape-to-robot-tutorial/delta_robot_min_ws/install/more_interfaces/lib/python3.10/site-packages/more_interfaces/srv/_delta_theta.py
[0.557s] -- Up-to-date: /home/sanmaster/onshape-to-robot-tutorial/delta_robot_min_ws/install/more_interfaces/lib/python3.10/site-packages/more_interfaces/more_interfaces_s__rosidl_typesupport_c.cpython-310-x86_64-linux-gnu.so
[0.557s] -- Up-to-date: /home/sanmaster/onshape-to-robot-tutorial/delta_robot_min_ws/install/more_interfaces/lib/python3.10/site-packages/more_interfaces/__init__.py
[0.557s] -- Up-to-date: /home/sanmaster/onshape-to-robot-tutorial/delta_robot_min_ws/install/more_interfaces/lib/python3.10/site-packages/more_interfaces/libmore_interfaces__rosidl_generator_py.so
[0.558s] -- Up-to-date: /home/sanmaster/onshape-to-robot-tutorial/delta_robot_min_ws/install/more_interfaces/lib/python3.10/site-packages/more_interfaces/_more_interfaces_s.ep.rosidl_typesupport_introspection_c.c
[0.558s] -- Up-to-date: /home/sanmaster/onshape-to-robot-tutorial/delta_robot_min_ws/install/more_interfaces/lib/python3.10/site-packages/more_interfaces/_more_interfaces_s.ep.rosidl_typesupport_fastrtps_c.c
[0.558s] -- Up-to-date: /home/sanmaster/onshape-to-robot-tutorial/delta_robot_min_ws/install/more_interfaces/lib/python3.10/site-packages/more_interfaces/more_interfaces_s__rosidl_typesupport_introspection_c.cpython-310-x86_64-linux-gnu.so
[0.587s] Listing '/home/sanmaster/onshape-to-robot-tutorial/delta_robot_min_ws/install/more_interfaces/lib/python3.10/site-packages/more_interfaces'...
[0.587s] Listing '/home/sanmaster/onshape-to-robot-tutorial/delta_robot_min_ws/install/more_interfaces/lib/python3.10/site-packages/more_interfaces/srv'...
[0.591s] -- Up-to-date: /home/sanmaster/onshape-to-robot-tutorial/delta_robot_min_ws/install/more_interfaces/lib/python3.10/site-packages/more_interfaces/more_interfaces_s__rosidl_typesupport_fastrtps_c.cpython-310-x86_64-linux-gnu.so
[0.592s] -- Up-to-date: /home/sanmaster/onshape-to-robot-tutorial/delta_robot_min_ws/install/more_interfaces/lib/python3.10/site-packages/more_interfaces/more_interfaces_s__rosidl_typesupport_introspection_c.cpython-310-x86_64-linux-gnu.so
[0.592s] -- Up-to-date: /home/sanmaster/onshape-to-robot-tutorial/delta_robot_min_ws/install/more_interfaces/lib/python3.10/site-packages/more_interfaces/more_interfaces_s__rosidl_typesupport_c.cpython-310-x86_64-linux-gnu.so
[0.593s] -- Up-to-date: /home/sanmaster/onshape-to-robot-tutorial/delta_robot_min_ws/install/more_interfaces/lib/libmore_interfaces__rosidl_generator_py.so
[0.593s] -- Up-to-date: /home/sanmaster/onshape-to-robot-tutorial/delta_robot_min_ws/install/more_interfaces/share/more_interfaces/srv/DeltaTheta.idl
[0.593s] -- Up-to-date: /home/sanmaster/onshape-to-robot-tutorial/delta_robot_min_ws/install/more_interfaces/share/more_interfaces/srv/DeltaTheta.srv
[0.593s] -- Up-to-date: /home/sanmaster/onshape-to-robot-tutorial/delta_robot_min_ws/install/more_interfaces/share/more_interfaces/srv/DeltaTheta_Request.msg
[0.594s] -- Up-to-date: /home/sanmaster/onshape-to-robot-tutorial/delta_robot_min_ws/install/more_interfaces/share/more_interfaces/srv/DeltaTheta_Response.msg
[0.594s] -- Up-to-date: /home/sanmaster/onshape-to-robot-tutorial/delta_robot_min_ws/install/more_interfaces/share/ament_index/resource_index/package_run_dependencies/more_interfaces
[0.594s] -- Up-to-date: /home/sanmaster/onshape-to-robot-tutorial/delta_robot_min_ws/install/more_interfaces/share/ament_index/resource_index/parent_prefix_path/more_interfaces
[0.594s] -- Up-to-date: /home/sanmaster/onshape-to-robot-tutorial/delta_robot_min_ws/install/more_interfaces/share/more_interfaces/environment/ament_prefix_path.sh
[0.594s] -- Up-to-date: /home/sanmaster/onshape-to-robot-tutorial/delta_robot_min_ws/install/more_interfaces/share/more_interfaces/environment/ament_prefix_path.dsv
[0.594s] -- Up-to-date: /home/sanmaster/onshape-to-robot-tutorial/delta_robot_min_ws/install/more_interfaces/share/more_interfaces/environment/path.sh
[0.595s] -- Up-to-date: /home/sanmaster/onshape-to-robot-tutorial/delta_robot_min_ws/install/more_interfaces/share/more_interfaces/environment/path.dsv
[0.595s] -- Up-to-date: /home/sanmaster/onshape-to-robot-tutorial/delta_robot_min_ws/install/more_interfaces/share/more_interfaces/local_setup.bash
[0.595s] -- Up-to-date: /home/sanmaster/onshape-to-robot-tutorial/delta_robot_min_ws/install/more_interfaces/share/more_interfaces/local_setup.sh
[0.595s] -- Up-to-date: /home/sanmaster/onshape-to-robot-tutorial/delta_robot_min_ws/install/more_interfaces/share/more_interfaces/local_setup.zsh
[0.595s] -- Up-to-date: /home/sanmaster/onshape-to-robot-tutorial/delta_robot_min_ws/install/more_interfaces/share/more_interfaces/local_setup.dsv
[0.595s] -- Installing: /home/sanmaster/onshape-to-robot-tutorial/delta_robot_min_ws/install/more_interfaces/share/more_interfaces/package.dsv
[0.596s] -- Up-to-date: /home/sanmaster/onshape-to-robot-tutorial/delta_robot_min_ws/install/more_interfaces/share/ament_index/resource_index/packages/more_interfaces
[0.596s] -- Up-to-date: /home/sanmaster/onshape-to-robot-tutorial/delta_robot_min_ws/install/more_interfaces/share/more_interfaces/cmake/export_more_interfaces__rosidl_generator_cExport.cmake
[0.596s] -- Up-to-date: /home/sanmaster/onshape-to-robot-tutorial/delta_robot_min_ws/install/more_interfaces/share/more_interfaces/cmake/export_more_interfaces__rosidl_generator_cExport-noconfig.cmake
[0.596s] -- Up-to-date: /home/sanmaster/onshape-to-robot-tutorial/delta_robot_min_ws/install/more_interfaces/share/more_interfaces/cmake/export_more_interfaces__rosidl_typesupport_fastrtps_cExport.cmake
[0.596s] -- Up-to-date: /home/sanmaster/onshape-to-robot-tutorial/delta_robot_min_ws/install/more_interfaces/share/more_interfaces/cmake/export_more_interfaces__rosidl_typesupport_fastrtps_cExport-noconfig.cmake
[0.596s] -- Up-to-date: /home/sanmaster/onshape-to-robot-tutorial/delta_robot_min_ws/install/more_interfaces/share/more_interfaces/cmake/more_interfaces__rosidl_typesupport_introspection_cExport.cmake
[0.596s] -- Up-to-date: /home/sanmaster/onshape-to-robot-tutorial/delta_robot_min_ws/install/more_interfaces/share/more_interfaces/cmake/more_interfaces__rosidl_typesupport_introspection_cExport-noconfig.cmake
[0.597s] -- Up-to-date: /home/sanmaster/onshape-to-robot-tutorial/delta_robot_min_ws/install/more_interfaces/share/more_interfaces/cmake/more_interfaces__rosidl_typesupport_cExport.cmake
[0.597s] -- Up-to-date: /home/sanmaster/onshape-to-robot-tutorial/delta_robot_min_ws/install/more_interfaces/share/more_interfaces/cmake/more_interfaces__rosidl_typesupport_cExport-noconfig.cmake
[0.597s] -- Up-to-date: /home/sanmaster/onshape-to-robot-tutorial/delta_robot_min_ws/install/more_interfaces/share/more_interfaces/cmake/export_more_interfaces__rosidl_generator_cppExport.cmake
[0.597s] -- Up-to-date: /home/sanmaster/onshape-to-robot-tutorial/delta_robot_min_ws/install/more_interfaces/share/more_interfaces/cmake/export_more_interfaces__rosidl_typesupport_fastrtps_cppExport.cmake
[0.597s] -- Up-to-date: /home/sanmaster/onshape-to-robot-tutorial/delta_robot_min_ws/install/more_interfaces/share/more_interfaces/cmake/export_more_interfaces__rosidl_typesupport_fastrtps_cppExport-noconfig.cmake
[0.597s] -- Up-to-date: /home/sanmaster/onshape-to-robot-tutorial/delta_robot_min_ws/install/more_interfaces/share/more_interfaces/cmake/more_interfaces__rosidl_typesupport_introspection_cppExport.cmake
[0.597s] -- Up-to-date: /home/sanmaster/onshape-to-robot-tutorial/delta_robot_min_ws/install/more_interfaces/share/more_interfaces/cmake/more_interfaces__rosidl_typesupport_introspection_cppExport-noconfig.cmake
[0.597s] -- Up-to-date: /home/sanmaster/onshape-to-robot-tutorial/delta_robot_min_ws/install/more_interfaces/share/more_interfaces/cmake/more_interfaces__rosidl_typesupport_cppExport.cmake
[0.598s] -- Up-to-date: /home/sanmaster/onshape-to-robot-tutorial/delta_robot_min_ws/install/more_interfaces/share/more_interfaces/cmake/more_interfaces__rosidl_typesupport_cppExport-noconfig.cmake
[0.598s] -- Up-to-date: /home/sanmaster/onshape-to-robot-tutorial/delta_robot_min_ws/install/more_interfaces/share/more_interfaces/cmake/export_more_interfaces__rosidl_generator_pyExport.cmake
[0.598s] -- Up-to-date: /home/sanmaster/onshape-to-robot-tutorial/delta_robot_min_ws/install/more_interfaces/share/more_interfaces/cmake/export_more_interfaces__rosidl_generator_pyExport-noconfig.cmake
[0.599s] -- Up-to-date: /home/sanmaster/onshape-to-robot-tutorial/delta_robot_min_ws/install/more_interfaces/share/more_interfaces/cmake/rosidl_cmake-extras.cmake
[0.599s] -- Up-to-date: /home/sanmaster/onshape-to-robot-tutorial/delta_robot_min_ws/install/more_interfaces/share/more_interfaces/cmake/ament_cmake_export_dependencies-extras.cmake
[0.599s] -- Up-to-date: /home/sanmaster/onshape-to-robot-tutorial/delta_robot_min_ws/install/more_interfaces/share/more_interfaces/cmake/ament_cmake_export_include_directories-extras.cmake
[0.600s] -- Up-to-date: /home/sanmaster/onshape-to-robot-tutorial/delta_robot_min_ws/install/more_interfaces/share/more_interfaces/cmake/ament_cmake_export_libraries-extras.cmake
[0.600s] -- Up-to-date: /home/sanmaster/onshape-to-robot-tutorial/delta_robot_min_ws/install/more_interfaces/share/more_interfaces/cmake/ament_cmake_export_targets-extras.cmake
[0.600s] -- Up-to-date: /home/sanmaster/onshape-to-robot-tutorial/delta_robot_min_ws/install/more_interfaces/share/more_interfaces/cmake/rosidl_cmake_export_typesupport_targets-extras.cmake
[0.600s] -- Up-to-date: /home/sanmaster/onshape-to-robot-tutorial/delta_robot_min_ws/install/more_interfaces/share/more_interfaces/cmake/rosidl_cmake_export_typesupport_libraries-extras.cmake
[0.601s] -- Up-to-date: /home/sanmaster/onshape-to-robot-tutorial/delta_robot_min_ws/install/more_interfaces/share/more_interfaces/cmake/more_interfacesConfig.cmake
[0.601s] -- Up-to-date: /home/sanmaster/onshape-to-robot-tutorial/delta_robot_min_ws/install/more_interfaces/share/more_interfaces/cmake/more_interfacesConfig-version.cmake
[0.601s] -- Up-to-date: /home/sanmaster/onshape-to-robot-tutorial/delta_robot_min_ws/install/more_interfaces/share/more_interfaces/package.xml
[0.601s] Invoked command in '/home/sanmaster/onshape-to-robot-tutorial/delta_robot_min_ws/build/more_interfaces' returned '0': CMAKE_PREFIX_PATH=/opt/ros/iron /usr/bin/cmake --install /home/sanmaster/onshape-to-robot-tutorial/delta_robot_min_ws/build/more_interfaces
