/home/sanmaster/onshape-to-robot-tutorial/delta_robot_min_ws/src/my_second_delta/install/my_second_delta/lib/python3.10/site-packages/my_second_delta/excel_publisher.py
/home/sanmaster/onshape-to-robot-tutorial/delta_robot_min_ws/src/my_second_delta/install/my_second_delta/lib/python3.10/site-packages/my_second_delta/inverse_kinematics_server.py
/home/sanmaster/onshape-to-robot-tutorial/delta_robot_min_ws/src/my_second_delta/install/my_second_delta/lib/python3.10/site-packages/my_second_delta/__init__.py
/home/sanmaster/onshape-to-robot-tutorial/delta_robot_min_ws/src/my_second_delta/install/my_second_delta/lib/python3.10/site-packages/my_second_delta/inverse_kinematics_client.py
/home/sanmaster/onshape-to-robot-tutorial/delta_robot_min_ws/src/my_second_delta/install/my_second_delta/lib/python3.10/site-packages/my_second_delta/joint_publisher.py
/home/sanmaster/onshape-to-robot-tutorial/delta_robot_min_ws/src/my_second_delta/install/my_second_delta/lib/python3.10/site-packages/my_second_delta/plc_reader.py
/home/sanmaster/onshape-to-robot-tutorial/delta_robot_min_ws/src/my_second_delta/install/my_second_delta/lib/python3.10/site-packages/my_second_delta/__pycache__/excel_publisher.cpython-310.pyc
/home/sanmaster/onshape-to-robot-tutorial/delta_robot_min_ws/src/my_second_delta/install/my_second_delta/lib/python3.10/site-packages/my_second_delta/__pycache__/inverse_kinematics_server.cpython-310.pyc
/home/sanmaster/onshape-to-robot-tutorial/delta_robot_min_ws/src/my_second_delta/install/my_second_delta/lib/python3.10/site-packages/my_second_delta/__pycache__/__init__.cpython-310.pyc
/home/sanmaster/onshape-to-robot-tutorial/delta_robot_min_ws/src/my_second_delta/install/my_second_delta/lib/python3.10/site-packages/my_second_delta/__pycache__/inverse_kinematics_client.cpython-310.pyc
/home/sanmaster/onshape-to-robot-tutorial/delta_robot_min_ws/src/my_second_delta/install/my_second_delta/lib/python3.10/site-packages/my_second_delta/__pycache__/joint_publisher.cpython-310.pyc
/home/sanmaster/onshape-to-robot-tutorial/delta_robot_min_ws/src/my_second_delta/install/my_second_delta/lib/python3.10/site-packages/my_second_delta/__pycache__/plc_reader.cpython-310.pyc
/home/sanmaster/onshape-to-robot-tutorial/delta_robot_min_ws/src/my_second_delta/install/my_second_delta/share/ament_index/resource_index/packages/my_second_delta
/home/sanmaster/onshape-to-robot-tutorial/delta_robot_min_ws/src/my_second_delta/install/my_second_delta/share/my_second_delta/package.xml
/home/sanmaster/onshape-to-robot-tutorial/delta_robot_min_ws/src/my_second_delta/install/my_second_delta/share/my_second_delta/launch/launch_delta.py
/home/sanmaster/onshape-to-robot-tutorial/delta_robot_min_ws/src/my_second_delta/install/my_second_delta/share/my_second_delta/urdf/delta.urdf.xacro
/home/sanmaster/onshape-to-robot-tutorial/delta_robot_min_ws/src/my_second_delta/install/my_second_delta/share/my_second_delta/urdf/macros.xacro
/home/sanmaster/onshape-to-robot-tutorial/delta_robot_min_ws/src/my_second_delta/install/my_second_delta/share/my_second_delta/urdf/gazebo_stuff.xacro
/home/sanmaster/onshape-to-robot-tutorial/delta_robot_min_ws/src/my_second_delta/install/my_second_delta/share/my_second_delta/urdf/delta.urdf
/home/sanmaster/onshape-to-robot-tutorial/delta_robot_min_ws/src/my_second_delta/install/my_second_delta/share/my_second_delta/meshes/Base_Fija.stl
/home/sanmaster/onshape-to-robot-tutorial/delta_robot_min_ws/src/my_second_delta/install/my_second_delta/share/my_second_delta/meshes/Brazo.stl
/home/sanmaster/onshape-to-robot-tutorial/delta_robot_min_ws/src/my_second_delta/install/my_second_delta/share/my_second_delta/meshes/Base_Movil.stl
/home/sanmaster/onshape-to-robot-tutorial/delta_robot_min_ws/src/my_second_delta/install/my_second_delta/share/my_second_delta/data/coordinates.xlsx
/home/sanmaster/onshape-to-robot-tutorial/delta_robot_min_ws/src/my_second_delta/install/my_second_delta/share/my_second_delta/config/delta_joint_position.yaml
/home/sanmaster/onshape-to-robot-tutorial/delta_robot_min_ws/src/my_second_delta/install/my_second_delta/include/my_second_delta/hardware/rrbot_system_multi_interface.hpp
/home/sanmaster/onshape-to-robot-tutorial/delta_robot_min_ws/src/my_second_delta/install/my_second_delta/include/my_second_delta/hardware/visibility_control.h
/home/sanmaster/onshape-to-robot-tutorial/delta_robot_min_ws/src/my_second_delta/install/my_second_delta/lib/python3.10/site-packages/my_second_delta-0.0.0-py3.10.egg-info/requires.txt
/home/sanmaster/onshape-to-robot-tutorial/delta_robot_min_ws/src/my_second_delta/install/my_second_delta/lib/python3.10/site-packages/my_second_delta-0.0.0-py3.10.egg-info/zip-safe
/home/sanmaster/onshape-to-robot-tutorial/delta_robot_min_ws/src/my_second_delta/install/my_second_delta/lib/python3.10/site-packages/my_second_delta-0.0.0-py3.10.egg-info/entry_points.txt
/home/sanmaster/onshape-to-robot-tutorial/delta_robot_min_ws/src/my_second_delta/install/my_second_delta/lib/python3.10/site-packages/my_second_delta-0.0.0-py3.10.egg-info/PKG-INFO
/home/sanmaster/onshape-to-robot-tutorial/delta_robot_min_ws/src/my_second_delta/install/my_second_delta/lib/python3.10/site-packages/my_second_delta-0.0.0-py3.10.egg-info/SOURCES.txt
/home/sanmaster/onshape-to-robot-tutorial/delta_robot_min_ws/src/my_second_delta/install/my_second_delta/lib/python3.10/site-packages/my_second_delta-0.0.0-py3.10.egg-info/dependency_links.txt
/home/sanmaster/onshape-to-robot-tutorial/delta_robot_min_ws/src/my_second_delta/install/my_second_delta/lib/python3.10/site-packages/my_second_delta-0.0.0-py3.10.egg-info/top_level.txt
/home/sanmaster/onshape-to-robot-tutorial/delta_robot_min_ws/src/my_second_delta/install/my_second_delta/lib/my_second_delta/inverse_kinematics_client
/home/sanmaster/onshape-to-robot-tutorial/delta_robot_min_ws/src/my_second_delta/install/my_second_delta/lib/my_second_delta/inverse_kinematics_server
/home/sanmaster/onshape-to-robot-tutorial/delta_robot_min_ws/src/my_second_delta/install/my_second_delta/lib/my_second_delta/joint_publisher
/home/sanmaster/onshape-to-robot-tutorial/delta_robot_min_ws/src/my_second_delta/install/my_second_delta/lib/my_second_delta/plc_reader
/home/sanmaster/onshape-to-robot-tutorial/delta_robot_min_ws/src/my_second_delta/install/my_second_delta/lib/my_second_delta/spawner
