[0.010s] Invoking command in '/home/sanmaster/onshape-to-robot-tutorial/delta_robot_min_ws/build/more_interfaces': CMAKE_PREFIX_PATH=/opt/ros/iron /usr/bin/cmake /home/sanmaster/onshape-to-robot-tutorial/delta_robot_min_ws/src/more_interfaces -DCMAKE_INSTALL_PREFIX=/home/sanmaster/onshape-to-robot-tutorial/delta_robot_min_ws/install/more_interfaces
[0.166s] -- The C compiler identification is GNU 11.4.0
[0.300s] -- The CXX compiler identification is GNU 11.4.0
[0.313s] -- Detecting C compiler ABI info
[0.384s] -- Detecting C compiler ABI info - done
[0.391s] -- Check for working C compiler: /usr/bin/cc - skipped
[0.392s] -- Detecting C compile features
[0.392s] -- Detecting C compile features - done
[0.396s] -- Detecting CXX compiler ABI info
[0.472s] -- Detecting CXX compiler ABI info - done
[0.479s] -- Check for working CXX compiler: /usr/bin/c++ - skipped
[0.479s] -- Detecting CXX compile features
[0.480s] -- Detecting CXX compile features - done
[0.484s] -- Found ament_cmake: 2.0.4 (/opt/ros/iron/share/ament_cmake/cmake)
[0.651s] -- Found Python3: /usr/bin/python3.10 (found version "3.10.12") found components: Interpreter 
[0.757s] -- Found rosidl_default_generators: 1.5.0 (/opt/ros/iron/share/rosidl_default_generators/cmake)
[0.766s] -- Using all available rosidl_typesupport_c: rosidl_typesupport_fastrtps_c;rosidl_typesupport_introspection_c
[0.825s] -- Using all available rosidl_typesupport_cpp: rosidl_typesupport_fastrtps_cpp;rosidl_typesupport_introspection_cpp
[0.876s] -- Found rosidl_adapter: 4.0.1 (/opt/ros/iron/share/rosidl_adapter/cmake)
[1.042s] [31mCMake Error at /opt/ros/iron/share/rosidl_adapter/cmake/rosidl_adapt_interfaces.cmake:57 (message):
[1.042s]   execute_process(/usr/bin/python3.10 -m rosidl_adapter --package-name
[1.043s]   more_interfaces --arguments-file
[1.043s]   /home/sanmaster/onshape-to-robot-tutorial/delta_robot_min_ws/build/more_interfaces/rosidl_adapter__arguments__more_interfaces.json
[1.043s]   --output-dir
[1.043s]   /home/sanmaster/onshape-to-robot-tutorial/delta_robot_min_ws/build/more_interfaces/rosidl_adapter/more_interfaces
[1.043s]   --output-file
[1.043s]   /home/sanmaster/onshape-to-robot-tutorial/delta_robot_min_ws/build/more_interfaces/rosidl_adapter/more_interfaces.idls)
[1.043s]   returned error code 1:
[1.043s] 
[1.043s]   Traceback (most recent call last):
[1.043s] 
[1.043s]     File "/usr/lib/python3.10/runpy.py", line 196, in _run_module_as_main
[1.043s]       return _run_code(code, main_globals, None,
[1.043s]     File "/usr/lib/python3.10/runpy.py", line 86, in _run_code
[1.043s]       exec(code, run_globals)
[1.044s]     File "/opt/ros/iron/lib/python3.10/site-packages/rosidl_adapter/__main__.py", line 19, in <module>
[1.044s]       sys.exit(main())
[1.044s]     File "/opt/ros/iron/lib/python3.10/site-packages/rosidl_adapter/main.py", line 53, in main
[1.044s]       abs_idl_file = convert_to_idl(
[1.044s]     File "/opt/ros/iron/lib/python3.10/site-packages/rosidl_adapter/__init__.py", line 24, in convert_to_idl
[1.044s]       return convert_srv_to_idl(
[1.044s]     File "/opt/ros/iron/lib/python3.10/site-packages/rosidl_adapter/srv/__init__.py", line 28, in convert_srv_to_idl
[1.044s]       srv = parse_service_string(package_name, input_file.stem, content)
[1.044s]     File "/opt/ros/iron/lib/python3.10/site-packages/rosidl_adapter/parser.py", line 851, in parse_service_string
[1.044s]       raise InvalidServiceSpecification(
[1.044s] 
[1.044s]   rosidl_adapter.parser.InvalidServiceSpecification: Could not find separator
[1.044s]   '---' between request and response
[1.044s] 
[1.044s] Call Stack (most recent call first):
[1.045s]   /opt/ros/iron/share/rosidl_cmake/cmake/rosidl_generate_interfaces.cmake:132 (rosidl_adapt_interfaces)
[1.045s]   CMakeLists.txt:16 (rosidl_generate_interfaces)
[1.045s] 
[1.045s] [0m
[1.045s] -- Configuring incomplete, errors occurred!
[1.045s] See also "/home/sanmaster/onshape-to-robot-tutorial/delta_robot_min_ws/build/more_interfaces/CMakeFiles/CMakeOutput.log".
[1.050s] Invoked command in '/home/sanmaster/onshape-to-robot-tutorial/delta_robot_min_ws/build/more_interfaces' returned '1': CMAKE_PREFIX_PATH=/opt/ros/iron /usr/bin/cmake /home/sanmaster/onshape-to-robot-tutorial/delta_robot_min_ws/src/more_interfaces -DCMAKE_INSTALL_PREFIX=/home/sanmaster/onshape-to-robot-tutorial/delta_robot_min_ws/install/more_interfaces
