[0.664s] Invoking command in '/home/sanmaster/onshape-to-robot-tutorial/delta_robot_min_ws/src/my_second_delta': PYTHONPATH=/home/sanmaster/onshape-to-robot-tutorial/delta_robot_min_ws/build/my_second_delta/prefix_override:/home/sanmaster/onshape-to-robot-tutorial/delta_robot_min_ws/install/my_second_delta/lib/python3.10/site-packages:${PYTHONPATH} /usr/bin/python3 -W ignore:setup.py install is deprecated setup.py egg_info --egg-base ../../build/my_second_delta build --build-base /home/sanmaster/onshape-to-robot-tutorial/delta_robot_min_ws/build/my_second_delta/build install --record /home/sanmaster/onshape-to-robot-tutorial/delta_robot_min_ws/build/my_second_delta/install.log --single-version-externally-managed install_data
[0.937s] running egg_info
[0.938s] writing ../../build/my_second_delta/my_second_delta.egg-info/PKG-INFO
[0.938s] writing dependency_links to ../../build/my_second_delta/my_second_delta.egg-info/dependency_links.txt
[0.938s] writing entry points to ../../build/my_second_delta/my_second_delta.egg-info/entry_points.txt
[0.939s] writing requirements to ../../build/my_second_delta/my_second_delta.egg-info/requires.txt
[0.939s] writing top-level names to ../../build/my_second_delta/my_second_delta.egg-info/top_level.txt
[0.940s] reading manifest file '../../build/my_second_delta/my_second_delta.egg-info/SOURCES.txt'
[0.940s] adding license file 'LICENSE'
[0.941s] writing manifest file '../../build/my_second_delta/my_second_delta.egg-info/SOURCES.txt'
[0.941s] running build
[0.942s] running build_py
[0.942s] running install
[0.942s] running install_lib
[0.943s] running install_data
[0.943s] copying urdf/delta.urdf -> /home/sanmaster/onshape-to-robot-tutorial/delta_robot_min_ws/install/my_second_delta/share/my_second_delta/urdf
[0.944s] running install_egg_info
[0.945s] removing '/home/sanmaster/onshape-to-robot-tutorial/delta_robot_min_ws/install/my_second_delta/lib/python3.10/site-packages/my_second_delta-0.0.0-py3.10.egg-info' (and everything under it)
[0.945s] Copying ../../build/my_second_delta/my_second_delta.egg-info to /home/sanmaster/onshape-to-robot-tutorial/delta_robot_min_ws/install/my_second_delta/lib/python3.10/site-packages/my_second_delta-0.0.0-py3.10.egg-info
[0.946s] running install_scripts
[0.967s] writing list of installed files to '/home/sanmaster/onshape-to-robot-tutorial/delta_robot_min_ws/build/my_second_delta/install.log'
[0.986s] Invoked command in '/home/sanmaster/onshape-to-robot-tutorial/delta_robot_min_ws/src/my_second_delta' returned '0': PYTHONPATH=/home/sanmaster/onshape-to-robot-tutorial/delta_robot_min_ws/build/my_second_delta/prefix_override:/home/sanmaster/onshape-to-robot-tutorial/delta_robot_min_ws/install/my_second_delta/lib/python3.10/site-packages:${PYTHONPATH} /usr/bin/python3 -W ignore:setup.py install is deprecated setup.py egg_info --egg-base ../../build/my_second_delta build --build-base /home/sanmaster/onshape-to-robot-tutorial/delta_robot_min_ws/build/my_second_delta/build install --record /home/sanmaster/onshape-to-robot-tutorial/delta_robot_min_ws/build/my_second_delta/install.log --single-version-externally-managed install_data
