[0.705s] Invoking command in '/home/sanmaster/onshape-to-robot-tutorial/delta_robot_min_ws/src/my_first_delta': PYTHONPATH=/home/sanmaster/onshape-to-robot-tutorial/delta_robot_min_ws/build/my_first_delta/prefix_override:/home/sanmaster/onshape-to-robot-tutorial/delta_robot_min_ws/install/my_first_delta/lib/python3.10/site-packages:${PYTHONPATH} /usr/bin/python3 -W ignore:setup.py install is deprecated setup.py egg_info --egg-base ../../build/my_first_delta build --build-base /home/sanmaster/onshape-to-robot-tutorial/delta_robot_min_ws/build/my_first_delta/build install --record /home/sanmaster/onshape-to-robot-tutorial/delta_robot_min_ws/build/my_first_delta/install.log --single-version-externally-managed install_data
[1.007s] running egg_info
[1.008s] writing ../../build/my_first_delta/my_first_delta.egg-info/PKG-INFO
[1.008s] writing dependency_links to ../../build/my_first_delta/my_first_delta.egg-info/dependency_links.txt
[1.008s] writing entry points to ../../build/my_first_delta/my_first_delta.egg-info/entry_points.txt
[1.008s] writing requirements to ../../build/my_first_delta/my_first_delta.egg-info/requires.txt
[1.008s] writing top-level names to ../../build/my_first_delta/my_first_delta.egg-info/top_level.txt
[1.010s] reading manifest file '../../build/my_first_delta/my_first_delta.egg-info/SOURCES.txt'
[1.010s] adding license file 'LICENSE'
[1.011s] writing manifest file '../../build/my_first_delta/my_first_delta.egg-info/SOURCES.txt'
[1.011s] running build
[1.011s] running build_py
[1.012s] running install
[1.012s] running install_lib
[1.013s] running install_data
[1.013s] copying urdf/base.urdf.xacro -> /home/sanmaster/onshape-to-robot-tutorial/delta_robot_min_ws/install/my_first_delta/share/my_first_delta/urdf
[1.013s] running install_egg_info
[1.015s] removing '/home/sanmaster/onshape-to-robot-tutorial/delta_robot_min_ws/install/my_first_delta/lib/python3.10/site-packages/my_first_delta-0.0.0-py3.10.egg-info' (and everything under it)
[1.016s] Copying ../../build/my_first_delta/my_first_delta.egg-info to /home/sanmaster/onshape-to-robot-tutorial/delta_robot_min_ws/install/my_first_delta/lib/python3.10/site-packages/my_first_delta-0.0.0-py3.10.egg-info
[1.017s] running install_scripts
[1.040s] Installing joint_publisher script to /home/sanmaster/onshape-to-robot-tutorial/delta_robot_min_ws/install/my_first_delta/lib/my_first_delta
[1.041s] writing list of installed files to '/home/sanmaster/onshape-to-robot-tutorial/delta_robot_min_ws/build/my_first_delta/install.log'
[1.064s] Invoked command in '/home/sanmaster/onshape-to-robot-tutorial/delta_robot_min_ws/src/my_first_delta' returned '0': PYTHONPATH=/home/sanmaster/onshape-to-robot-tutorial/delta_robot_min_ws/build/my_first_delta/prefix_override:/home/sanmaster/onshape-to-robot-tutorial/delta_robot_min_ws/install/my_first_delta/lib/python3.10/site-packages:${PYTHONPATH} /usr/bin/python3 -W ignore:setup.py install is deprecated setup.py egg_info --egg-base ../../build/my_first_delta build --build-base /home/sanmaster/onshape-to-robot-tutorial/delta_robot_min_ws/build/my_first_delta/build install --record /home/sanmaster/onshape-to-robot-tutorial/delta_robot_min_ws/build/my_first_delta/install.log --single-version-externally-managed install_data
