[1.161s] Invoking command in '/home/sanmaster/onshape-to-robot-tutorial/delta_robot_min_ws/src/my_second_delta': PYTHONPATH=/home/sanmaster/onshape-to-robot-tutorial/delta_robot_min_ws/src/my_second_delta/build/my_second_delta/prefix_override:/home/sanmaster/onshape-to-robot-tutorial/delta_robot_min_ws/src/my_second_delta/install/my_second_delta/lib/python3.10/site-packages:${PYTHONPATH} /usr/bin/python3 -W ignore:setup.py install is deprecated setup.py egg_info --egg-base build/my_second_delta build --build-base /home/sanmaster/onshape-to-robot-tutorial/delta_robot_min_ws/src/my_second_delta/build/my_second_delta/build install --record /home/sanmaster/onshape-to-robot-tutorial/delta_robot_min_ws/src/my_second_delta/build/my_second_delta/install.log --single-version-externally-managed install_data
[1.626s] running egg_info
[1.627s] writing build/my_second_delta/my_second_delta.egg-info/PKG-INFO
[1.627s] writing dependency_links to build/my_second_delta/my_second_delta.egg-info/dependency_links.txt
[1.627s] writing entry points to build/my_second_delta/my_second_delta.egg-info/entry_points.txt
[1.628s] writing requirements to build/my_second_delta/my_second_delta.egg-info/requires.txt
[1.628s] writing top-level names to build/my_second_delta/my_second_delta.egg-info/top_level.txt
[1.631s] reading manifest file 'build/my_second_delta/my_second_delta.egg-info/SOURCES.txt'
[1.632s] adding license file 'LICENSE'
[1.634s] writing manifest file 'build/my_second_delta/my_second_delta.egg-info/SOURCES.txt'
[1.634s] running build
[1.634s] running build_py
[1.634s] copying my_second_delta/plc_reader.py -> /home/sanmaster/onshape-to-robot-tutorial/delta_robot_min_ws/src/my_second_delta/build/my_second_delta/build/lib/my_second_delta
[1.635s] running install
[1.635s] running install_lib
[1.637s] copying /home/sanmaster/onshape-to-robot-tutorial/delta_robot_min_ws/src/my_second_delta/build/my_second_delta/build/lib/my_second_delta/plc_reader.py -> /home/sanmaster/onshape-to-robot-tutorial/delta_robot_min_ws/src/my_second_delta/install/my_second_delta/lib/python3.10/site-packages/my_second_delta
[1.638s] byte-compiling /home/sanmaster/onshape-to-robot-tutorial/delta_robot_min_ws/src/my_second_delta/install/my_second_delta/lib/python3.10/site-packages/my_second_delta/plc_reader.py to plc_reader.cpython-310.pyc
[1.639s] running install_data
[1.640s] running install_egg_info
[1.642s] removing '/home/sanmaster/onshape-to-robot-tutorial/delta_robot_min_ws/src/my_second_delta/install/my_second_delta/lib/python3.10/site-packages/my_second_delta-0.0.0-py3.10.egg-info' (and everything under it)
[1.643s] Copying build/my_second_delta/my_second_delta.egg-info to /home/sanmaster/onshape-to-robot-tutorial/delta_robot_min_ws/src/my_second_delta/install/my_second_delta/lib/python3.10/site-packages/my_second_delta-0.0.0-py3.10.egg-info
[1.644s] running install_scripts
[1.677s] Installing inverse_kinematics_client script to /home/sanmaster/onshape-to-robot-tutorial/delta_robot_min_ws/src/my_second_delta/install/my_second_delta/lib/my_second_delta
[1.677s] Installing inverse_kinematics_server script to /home/sanmaster/onshape-to-robot-tutorial/delta_robot_min_ws/src/my_second_delta/install/my_second_delta/lib/my_second_delta
[1.677s] Installing joint_publisher script to /home/sanmaster/onshape-to-robot-tutorial/delta_robot_min_ws/src/my_second_delta/install/my_second_delta/lib/my_second_delta
[1.678s] Installing plc_reader script to /home/sanmaster/onshape-to-robot-tutorial/delta_robot_min_ws/src/my_second_delta/install/my_second_delta/lib/my_second_delta
[1.678s] Installing spawner script to /home/sanmaster/onshape-to-robot-tutorial/delta_robot_min_ws/src/my_second_delta/install/my_second_delta/lib/my_second_delta
[1.678s] writing list of installed files to '/home/sanmaster/onshape-to-robot-tutorial/delta_robot_min_ws/src/my_second_delta/build/my_second_delta/install.log'
[1.708s] Invoked command in '/home/sanmaster/onshape-to-robot-tutorial/delta_robot_min_ws/src/my_second_delta' returned '0': PYTHONPATH=/home/sanmaster/onshape-to-robot-tutorial/delta_robot_min_ws/src/my_second_delta/build/my_second_delta/prefix_override:/home/sanmaster/onshape-to-robot-tutorial/delta_robot_min_ws/src/my_second_delta/install/my_second_delta/lib/python3.10/site-packages:${PYTHONPATH} /usr/bin/python3 -W ignore:setup.py install is deprecated setup.py egg_info --egg-base build/my_second_delta build --build-base /home/sanmaster/onshape-to-robot-tutorial/delta_robot_min_ws/src/my_second_delta/build/my_second_delta/build install --record /home/sanmaster/onshape-to-robot-tutorial/delta_robot_min_ws/src/my_second_delta/build/my_second_delta/install.log --single-version-externally-managed install_data
