[0.827s] Invoking command in '/home/sanmaster/onshape-to-robot-tutorial/delta_robot_min_ws/src/my_first_delta': PYTHONPATH=/home/sanmaster/onshape-to-robot-tutorial/delta_robot_min_ws/build/my_first_delta/prefix_override:/home/sanmaster/onshape-to-robot-tutorial/delta_robot_min_ws/install/my_first_delta/lib/python3.10/site-packages:${PYTHONPATH} /usr/bin/python3 -W ignore:setup.py install is deprecated setup.py egg_info --egg-base ../../build/my_first_delta build --build-base /home/sanmaster/onshape-to-robot-tutorial/delta_robot_min_ws/build/my_first_delta/build install --record /home/sanmaster/onshape-to-robot-tutorial/delta_robot_min_ws/build/my_first_delta/install.log --single-version-externally-managed install_data
[1.140s] running egg_info
[1.141s] writing ../../build/my_first_delta/my_first_delta.egg-info/PKG-INFO
[1.141s] writing dependency_links to ../../build/my_first_delta/my_first_delta.egg-info/dependency_links.txt
[1.141s] writing entry points to ../../build/my_first_delta/my_first_delta.egg-info/entry_points.txt
[1.141s] writing requirements to ../../build/my_first_delta/my_first_delta.egg-info/requires.txt
[1.141s] writing top-level names to ../../build/my_first_delta/my_first_delta.egg-info/top_level.txt
[1.143s] reading manifest file '../../build/my_first_delta/my_first_delta.egg-info/SOURCES.txt'
[1.143s] adding license file 'LICENSE'
[1.144s] writing manifest file '../../build/my_first_delta/my_first_delta.egg-info/SOURCES.txt'
[1.145s] running build
[1.145s] running build_py
[1.145s] copying my_first_delta/joint_publisher.py -> /home/sanmaster/onshape-to-robot-tutorial/delta_robot_min_ws/build/my_first_delta/build/lib/my_first_delta
[1.145s] running install
[1.145s] running install_lib
[1.146s] copying /home/sanmaster/onshape-to-robot-tutorial/delta_robot_min_ws/build/my_first_delta/build/lib/my_first_delta/joint_publisher.py -> /home/sanmaster/onshape-to-robot-tutorial/delta_robot_min_ws/install/my_first_delta/lib/python3.10/site-packages/my_first_delta
[1.147s] byte-compiling /home/sanmaster/onshape-to-robot-tutorial/delta_robot_min_ws/install/my_first_delta/lib/python3.10/site-packages/my_first_delta/joint_publisher.py to joint_publisher.cpython-310.pyc
[1.148s] running install_data
[1.148s] running install_egg_info
[1.150s] removing '/home/sanmaster/onshape-to-robot-tutorial/delta_robot_min_ws/install/my_first_delta/lib/python3.10/site-packages/my_first_delta-0.0.0-py3.10.egg-info' (and everything under it)
[1.150s] Copying ../../build/my_first_delta/my_first_delta.egg-info to /home/sanmaster/onshape-to-robot-tutorial/delta_robot_min_ws/install/my_first_delta/lib/python3.10/site-packages/my_first_delta-0.0.0-py3.10.egg-info
[1.151s] running install_scripts
[1.176s] Installing get_user_input script to /home/sanmaster/onshape-to-robot-tutorial/delta_robot_min_ws/install/my_first_delta/lib/my_first_delta
[1.176s] Installing inverse_kinematics_client script to /home/sanmaster/onshape-to-robot-tutorial/delta_robot_min_ws/install/my_first_delta/lib/my_first_delta
[1.176s] Installing inverse_kinematics_server script to /home/sanmaster/onshape-to-robot-tutorial/delta_robot_min_ws/install/my_first_delta/lib/my_first_delta
[1.176s] Installing joint_publisher script to /home/sanmaster/onshape-to-robot-tutorial/delta_robot_min_ws/install/my_first_delta/lib/my_first_delta
[1.176s] writing list of installed files to '/home/sanmaster/onshape-to-robot-tutorial/delta_robot_min_ws/build/my_first_delta/install.log'
[1.202s] Invoked command in '/home/sanmaster/onshape-to-robot-tutorial/delta_robot_min_ws/src/my_first_delta' returned '0': PYTHONPATH=/home/sanmaster/onshape-to-robot-tutorial/delta_robot_min_ws/build/my_first_delta/prefix_override:/home/sanmaster/onshape-to-robot-tutorial/delta_robot_min_ws/install/my_first_delta/lib/python3.10/site-packages:${PYTHONPATH} /usr/bin/python3 -W ignore:setup.py install is deprecated setup.py egg_info --egg-base ../../build/my_first_delta build --build-base /home/sanmaster/onshape-to-robot-tutorial/delta_robot_min_ws/build/my_first_delta/build install --record /home/sanmaster/onshape-to-robot-tutorial/delta_robot_min_ws/build/my_first_delta/install.log --single-version-externally-managed install_data
