[0.698s] Invoking command in '/home/sanmaster/onshape-to-robot-tutorial/delta_robot_min_ws/src/my_third_delta': PYTHONPATH=/home/sanmaster/onshape-to-robot-tutorial/delta_robot_min_ws/src/build/my_third_delta/prefix_override:/home/sanmaster/onshape-to-robot-tutorial/delta_robot_min_ws/src/install/my_third_delta/lib/python3.10/site-packages:${PYTHONPATH} /usr/bin/python3 -W ignore:setup.py install is deprecated setup.py egg_info --egg-base ../build/my_third_delta build --build-base /home/sanmaster/onshape-to-robot-tutorial/delta_robot_min_ws/src/build/my_third_delta/build install --record /home/sanmaster/onshape-to-robot-tutorial/delta_robot_min_ws/src/build/my_third_delta/install.log --single-version-externally-managed install_data
[0.988s] running egg_info
[0.988s] creating ../build/my_third_delta/my_third_delta.egg-info
[0.988s] writing ../build/my_third_delta/my_third_delta.egg-info/PKG-INFO
[0.989s] writing dependency_links to ../build/my_third_delta/my_third_delta.egg-info/dependency_links.txt
[0.989s] writing entry points to ../build/my_third_delta/my_third_delta.egg-info/entry_points.txt
[0.989s] writing requirements to ../build/my_third_delta/my_third_delta.egg-info/requires.txt
[0.989s] writing top-level names to ../build/my_third_delta/my_third_delta.egg-info/top_level.txt
[0.989s] writing manifest file '../build/my_third_delta/my_third_delta.egg-info/SOURCES.txt'
[0.992s] reading manifest file '../build/my_third_delta/my_third_delta.egg-info/SOURCES.txt'
[0.992s] writing manifest file '../build/my_third_delta/my_third_delta.egg-info/SOURCES.txt'
[0.993s] running build
[0.993s] running build_py
[0.993s] creating /home/sanmaster/onshape-to-robot-tutorial/delta_robot_min_ws/src/build/my_third_delta/build
[0.993s] creating /home/sanmaster/onshape-to-robot-tutorial/delta_robot_min_ws/src/build/my_third_delta/build/lib
[0.993s] creating /home/sanmaster/onshape-to-robot-tutorial/delta_robot_min_ws/src/build/my_third_delta/build/lib/my_third_delta
[0.993s] copying my_third_delta/__init__.py -> /home/sanmaster/onshape-to-robot-tutorial/delta_robot_min_ws/src/build/my_third_delta/build/lib/my_third_delta
[0.993s] running install
[0.994s] running install_lib
[0.995s] creating /home/sanmaster/onshape-to-robot-tutorial/delta_robot_min_ws/src/install/my_third_delta/lib/python3.10/site-packages/my_third_delta
[0.995s] copying /home/sanmaster/onshape-to-robot-tutorial/delta_robot_min_ws/src/build/my_third_delta/build/lib/my_third_delta/__init__.py -> /home/sanmaster/onshape-to-robot-tutorial/delta_robot_min_ws/src/install/my_third_delta/lib/python3.10/site-packages/my_third_delta
[0.995s] byte-compiling /home/sanmaster/onshape-to-robot-tutorial/delta_robot_min_ws/src/install/my_third_delta/lib/python3.10/site-packages/my_third_delta/__init__.py to __init__.cpython-310.pyc
[0.996s] running install_data
[0.996s] creating /home/sanmaster/onshape-to-robot-tutorial/delta_robot_min_ws/src/install/my_third_delta/share/ament_index
[0.996s] creating /home/sanmaster/onshape-to-robot-tutorial/delta_robot_min_ws/src/install/my_third_delta/share/ament_index/resource_index
[0.996s] creating /home/sanmaster/onshape-to-robot-tutorial/delta_robot_min_ws/src/install/my_third_delta/share/ament_index/resource_index/packages
[0.996s] copying resource/my_third_delta -> /home/sanmaster/onshape-to-robot-tutorial/delta_robot_min_ws/src/install/my_third_delta/share/ament_index/resource_index/packages
[0.996s] copying package.xml -> /home/sanmaster/onshape-to-robot-tutorial/delta_robot_min_ws/src/install/my_third_delta/share/my_third_delta
[0.996s] running install_egg_info
[0.999s] Copying ../build/my_third_delta/my_third_delta.egg-info to /home/sanmaster/onshape-to-robot-tutorial/delta_robot_min_ws/src/install/my_third_delta/lib/python3.10/site-packages/my_third_delta-0.0.0-py3.10.egg-info
[1.000s] running install_scripts
[1.021s] writing list of installed files to '/home/sanmaster/onshape-to-robot-tutorial/delta_robot_min_ws/src/build/my_third_delta/install.log'
[1.042s] Invoked command in '/home/sanmaster/onshape-to-robot-tutorial/delta_robot_min_ws/src/my_third_delta' returned '0': PYTHONPATH=/home/sanmaster/onshape-to-robot-tutorial/delta_robot_min_ws/src/build/my_third_delta/prefix_override:/home/sanmaster/onshape-to-robot-tutorial/delta_robot_min_ws/src/install/my_third_delta/lib/python3.10/site-packages:${PYTHONPATH} /usr/bin/python3 -W ignore:setup.py install is deprecated setup.py egg_info --egg-base ../build/my_third_delta build --build-base /home/sanmaster/onshape-to-robot-tutorial/delta_robot_min_ws/src/build/my_third_delta/build install --record /home/sanmaster/onshape-to-robot-tutorial/delta_robot_min_ws/src/build/my_third_delta/install.log --single-version-externally-managed install_data
