[0.119s] DEBUG:colcon:Command line arguments: ['/usr/bin/colcon', 'build', '--executor', 'sequential']
[0.119s] DEBUG:colcon:Parsed command line arguments: Namespace(log_base=None, log_level=None, verb_name='build', build_base='build', install_base='install', merge_install=False, symlink_install=False, test_result_base=None, continue_on_error=False, executor='sequential', parallel_workers=12, event_handlers=None, ignore_user_meta=False, metas=['./colcon.meta'], base_paths=['.'], packages_ignore=None, packages_ignore_regex=None, paths=None, packages_up_to=None, packages_up_to_regex=None, packages_above=None, packages_above_and_dependencies=None, packages_above_depth=None, packages_select_by_dep=None, packages_skip_by_dep=None, packages_skip_up_to=None, packages_select_build_failed=False, packages_skip_build_finished=False, packages_select_test_failures=False, packages_skip_test_passed=False, packages_select=None, packages_skip=None, packages_select_regex=None, packages_skip_regex=None, packages_start=None, packages_end=None, allow_overriding=[], cmake_args=None, cmake_target=None, cmake_target_skip_unavailable=False, cmake_clean_cache=False, cmake_clean_first=False, cmake_force_configure=False, ament_cmake_args=None, catkin_cmake_args=None, catkin_skip_building_tests=False, verb_parser=<colcon_defaults.argument_parser.defaults.DefaultArgumentsDecorator object at 0x77a91d241150>, verb_extension=<colcon_core.verb.build.BuildVerb object at 0x77a91d240040>, main=<bound method BuildVerb.main of <colcon_core.verb.build.BuildVerb object at 0x77a91d240040>>)
[0.324s] Level 1:colcon.colcon_core.package_discovery:discover_packages(colcon_meta) check parameters
[0.324s] Level 1:colcon.colcon_core.package_discovery:discover_packages(recursive) check parameters
[0.324s] Level 1:colcon.colcon_core.package_discovery:discover_packages(ignore) check parameters
[0.324s] Level 1:colcon.colcon_core.package_discovery:discover_packages(path) check parameters
[0.324s] Level 1:colcon.colcon_core.package_discovery:discover_packages(colcon_meta) discover
[0.324s] Level 1:colcon.colcon_core.package_discovery:discover_packages(recursive) discover
[0.324s] INFO:colcon.colcon_core.package_discovery:Crawling recursively for packages in '/home/sanmaster/onshape-to-robot-tutorial/delta_robot_min_ws'
[0.324s] Level 1:colcon.colcon_core.package_identification:_identify(.) by extensions ['ignore', 'ignore_ament_install']
[0.324s] Level 1:colcon.colcon_core.package_identification:_identify(.) by extension 'ignore'
[0.325s] Level 1:colcon.colcon_core.package_identification:_identify(.) by extension 'ignore_ament_install'
[0.325s] Level 1:colcon.colcon_core.package_identification:_identify(.) by extensions ['colcon_pkg']
[0.325s] Level 1:colcon.colcon_core.package_identification:_identify(.) by extension 'colcon_pkg'
[0.325s] Level 1:colcon.colcon_core.package_identification:_identify(.) by extensions ['colcon_meta']
[0.325s] Level 1:colcon.colcon_core.package_identification:_identify(.) by extension 'colcon_meta'
[0.325s] Level 1:colcon.colcon_core.package_identification:_identify(.) by extensions ['ros']
[0.325s] Level 1:colcon.colcon_core.package_identification:_identify(.) by extension 'ros'
[0.337s] Level 1:colcon.colcon_core.package_identification:_identify(.) by extensions ['cmake', 'python']
[0.337s] Level 1:colcon.colcon_core.package_identification:_identify(.) by extension 'cmake'
[0.337s] Level 1:colcon.colcon_core.package_identification:_identify(.) by extension 'python'
[0.337s] Level 1:colcon.colcon_core.package_identification:_identify(.) by extensions ['python_setup_py']
[0.337s] Level 1:colcon.colcon_core.package_identification:_identify(.) by extension 'python_setup_py'
[0.338s] Level 1:colcon.colcon_core.package_identification:_identify(build) by extensions ['ignore', 'ignore_ament_install']
[0.338s] Level 1:colcon.colcon_core.package_identification:_identify(build) by extension 'ignore'
[0.338s] Level 1:colcon.colcon_core.package_identification:_identify(build) ignored
[0.338s] Level 1:colcon.colcon_core.package_identification:_identify(install) by extensions ['ignore', 'ignore_ament_install']
[0.338s] Level 1:colcon.colcon_core.package_identification:_identify(install) by extension 'ignore'
[0.338s] Level 1:colcon.colcon_core.package_identification:_identify(install) ignored
[0.338s] Level 1:colcon.colcon_core.package_identification:_identify(log) by extensions ['ignore', 'ignore_ament_install']
[0.339s] Level 1:colcon.colcon_core.package_identification:_identify(log) by extension 'ignore'
[0.339s] Level 1:colcon.colcon_core.package_identification:_identify(log) ignored
[0.339s] Level 1:colcon.colcon_core.package_identification:_identify(rosbag2_2024_05_26-16_18_09) by extensions ['ignore', 'ignore_ament_install']
[0.339s] Level 1:colcon.colcon_core.package_identification:_identify(rosbag2_2024_05_26-16_18_09) by extension 'ignore'
[0.339s] Level 1:colcon.colcon_core.package_identification:_identify(rosbag2_2024_05_26-16_18_09) by extension 'ignore_ament_install'
[0.339s] Level 1:colcon.colcon_core.package_identification:_identify(rosbag2_2024_05_26-16_18_09) by extensions ['colcon_pkg']
[0.339s] Level 1:colcon.colcon_core.package_identification:_identify(rosbag2_2024_05_26-16_18_09) by extension 'colcon_pkg'
[0.339s] Level 1:colcon.colcon_core.package_identification:_identify(rosbag2_2024_05_26-16_18_09) by extensions ['colcon_meta']
[0.339s] Level 1:colcon.colcon_core.package_identification:_identify(rosbag2_2024_05_26-16_18_09) by extension 'colcon_meta'
[0.339s] Level 1:colcon.colcon_core.package_identification:_identify(rosbag2_2024_05_26-16_18_09) by extensions ['ros']
[0.339s] Level 1:colcon.colcon_core.package_identification:_identify(rosbag2_2024_05_26-16_18_09) by extension 'ros'
[0.339s] Level 1:colcon.colcon_core.package_identification:_identify(rosbag2_2024_05_26-16_18_09) by extensions ['cmake', 'python']
[0.339s] Level 1:colcon.colcon_core.package_identification:_identify(rosbag2_2024_05_26-16_18_09) by extension 'cmake'
[0.339s] Level 1:colcon.colcon_core.package_identification:_identify(rosbag2_2024_05_26-16_18_09) by extension 'python'
[0.339s] Level 1:colcon.colcon_core.package_identification:_identify(rosbag2_2024_05_26-16_18_09) by extensions ['python_setup_py']
[0.339s] Level 1:colcon.colcon_core.package_identification:_identify(rosbag2_2024_05_26-16_18_09) by extension 'python_setup_py'
[0.340s] Level 1:colcon.colcon_core.package_identification:_identify(src) by extensions ['ignore', 'ignore_ament_install']
[0.340s] Level 1:colcon.colcon_core.package_identification:_identify(src) by extension 'ignore'
[0.340s] Level 1:colcon.colcon_core.package_identification:_identify(src) by extension 'ignore_ament_install'
[0.340s] Level 1:colcon.colcon_core.package_identification:_identify(src) by extensions ['colcon_pkg']
[0.340s] Level 1:colcon.colcon_core.package_identification:_identify(src) by extension 'colcon_pkg'
[0.340s] Level 1:colcon.colcon_core.package_identification:_identify(src) by extensions ['colcon_meta']
[0.340s] Level 1:colcon.colcon_core.package_identification:_identify(src) by extension 'colcon_meta'
[0.340s] Level 1:colcon.colcon_core.package_identification:_identify(src) by extensions ['ros']
[0.340s] Level 1:colcon.colcon_core.package_identification:_identify(src) by extension 'ros'
[0.340s] Level 1:colcon.colcon_core.package_identification:_identify(src) by extensions ['cmake', 'python']
[0.340s] Level 1:colcon.colcon_core.package_identification:_identify(src) by extension 'cmake'
[0.340s] Level 1:colcon.colcon_core.package_identification:_identify(src) by extension 'python'
[0.340s] Level 1:colcon.colcon_core.package_identification:_identify(src) by extensions ['python_setup_py']
[0.340s] Level 1:colcon.colcon_core.package_identification:_identify(src) by extension 'python_setup_py'
[0.341s] Level 1:colcon.colcon_core.package_identification:_identify(src/more_interfaces) by extensions ['ignore', 'ignore_ament_install']
[0.341s] Level 1:colcon.colcon_core.package_identification:_identify(src/more_interfaces) by extension 'ignore'
[0.341s] Level 1:colcon.colcon_core.package_identification:_identify(src/more_interfaces) by extension 'ignore_ament_install'
[0.341s] Level 1:colcon.colcon_core.package_identification:_identify(src/more_interfaces) by extensions ['colcon_pkg']
[0.341s] Level 1:colcon.colcon_core.package_identification:_identify(src/more_interfaces) by extension 'colcon_pkg'
[0.341s] Level 1:colcon.colcon_core.package_identification:_identify(src/more_interfaces) by extensions ['colcon_meta']
[0.341s] Level 1:colcon.colcon_core.package_identification:_identify(src/more_interfaces) by extension 'colcon_meta'
[0.341s] Level 1:colcon.colcon_core.package_identification:_identify(src/more_interfaces) by extensions ['ros']
[0.341s] Level 1:colcon.colcon_core.package_identification:_identify(src/more_interfaces) by extension 'ros'
[0.344s] DEBUG:colcon.colcon_core.package_identification:Package 'src/more_interfaces' with type 'ros.ament_cmake' and name 'more_interfaces'
[0.344s] Level 1:colcon.colcon_core.package_identification:_identify(src/my_first_delta) by extensions ['ignore', 'ignore_ament_install']
[0.344s] Level 1:colcon.colcon_core.package_identification:_identify(src/my_first_delta) by extension 'ignore'
[0.344s] Level 1:colcon.colcon_core.package_identification:_identify(src/my_first_delta) by extension 'ignore_ament_install'
[0.344s] Level 1:colcon.colcon_core.package_identification:_identify(src/my_first_delta) by extensions ['colcon_pkg']
[0.344s] Level 1:colcon.colcon_core.package_identification:_identify(src/my_first_delta) by extension 'colcon_pkg'
[0.344s] Level 1:colcon.colcon_core.package_identification:_identify(src/my_first_delta) by extensions ['colcon_meta']
[0.344s] Level 1:colcon.colcon_core.package_identification:_identify(src/my_first_delta) by extension 'colcon_meta'
[0.344s] Level 1:colcon.colcon_core.package_identification:_identify(src/my_first_delta) by extensions ['ros']
[0.344s] Level 1:colcon.colcon_core.package_identification:_identify(src/my_first_delta) by extension 'ros'
[0.345s] DEBUG:colcon.colcon_core.package_identification:Package 'src/my_first_delta' with type 'ros.ament_python' and name 'my_first_delta'
[0.345s] Level 1:colcon.colcon_core.package_identification:_identify(src/my_second_delta) by extensions ['ignore', 'ignore_ament_install']
[0.345s] Level 1:colcon.colcon_core.package_identification:_identify(src/my_second_delta) by extension 'ignore'
[0.345s] Level 1:colcon.colcon_core.package_identification:_identify(src/my_second_delta) by extension 'ignore_ament_install'
[0.346s] Level 1:colcon.colcon_core.package_identification:_identify(src/my_second_delta) by extensions ['colcon_pkg']
[0.346s] Level 1:colcon.colcon_core.package_identification:_identify(src/my_second_delta) by extension 'colcon_pkg'
[0.346s] Level 1:colcon.colcon_core.package_identification:_identify(src/my_second_delta) by extensions ['colcon_meta']
[0.346s] Level 1:colcon.colcon_core.package_identification:_identify(src/my_second_delta) by extension 'colcon_meta'
[0.346s] Level 1:colcon.colcon_core.package_identification:_identify(src/my_second_delta) by extensions ['ros']
[0.346s] Level 1:colcon.colcon_core.package_identification:_identify(src/my_second_delta) by extension 'ros'
[0.346s] DEBUG:colcon.colcon_core.package_identification:Package 'src/my_second_delta' with type 'ros.ament_python' and name 'my_second_delta'
[0.346s] Level 1:colcon.colcon_core.package_discovery:discover_packages(recursive) using defaults
[0.346s] Level 1:colcon.colcon_core.package_discovery:discover_packages(ignore) discover
[0.346s] Level 1:colcon.colcon_core.package_discovery:discover_packages(ignore) using defaults
[0.346s] Level 1:colcon.colcon_core.package_discovery:discover_packages(path) discover
[0.346s] Level 1:colcon.colcon_core.package_discovery:discover_packages(path) using defaults
[0.381s] Level 1:colcon.colcon_core.package_discovery:discover_packages(prefix_path) check parameters
[0.381s] Level 1:colcon.colcon_core.package_discovery:discover_packages(prefix_path) discover
[0.384s] DEBUG:colcon.colcon_installed_package_information.package_discovery:Found 330 installed packages in /opt/ros/iron
[0.386s] Level 1:colcon.colcon_core.package_discovery:discover_packages(prefix_path) using defaults
[0.445s] Level 5:colcon.colcon_core.verb:set package 'more_interfaces' build argument 'cmake_args' from command line to 'None'
[0.445s] Level 5:colcon.colcon_core.verb:set package 'more_interfaces' build argument 'cmake_target' from command line to 'None'
[0.445s] Level 5:colcon.colcon_core.verb:set package 'more_interfaces' build argument 'cmake_target_skip_unavailable' from command line to 'False'
[0.445s] Level 5:colcon.colcon_core.verb:set package 'more_interfaces' build argument 'cmake_clean_cache' from command line to 'False'
[0.445s] Level 5:colcon.colcon_core.verb:set package 'more_interfaces' build argument 'cmake_clean_first' from command line to 'False'
[0.445s] Level 5:colcon.colcon_core.verb:set package 'more_interfaces' build argument 'cmake_force_configure' from command line to 'False'
[0.445s] Level 5:colcon.colcon_core.verb:set package 'more_interfaces' build argument 'ament_cmake_args' from command line to 'None'
[0.445s] Level 5:colcon.colcon_core.verb:set package 'more_interfaces' build argument 'catkin_cmake_args' from command line to 'None'
[0.445s] Level 5:colcon.colcon_core.verb:set package 'more_interfaces' build argument 'catkin_skip_building_tests' from command line to 'False'
[0.445s] DEBUG:colcon.colcon_core.verb:Building package 'more_interfaces' with the following arguments: {'ament_cmake_args': None, 'build_base': '/home/sanmaster/onshape-to-robot-tutorial/delta_robot_min_ws/build/more_interfaces', 'catkin_cmake_args': None, 'catkin_skip_building_tests': False, 'cmake_args': None, 'cmake_clean_cache': False, 'cmake_clean_first': False, 'cmake_force_configure': False, 'cmake_target': None, 'cmake_target_skip_unavailable': False, 'install_base': '/home/sanmaster/onshape-to-robot-tutorial/delta_robot_min_ws/install/more_interfaces', 'merge_install': False, 'path': '/home/sanmaster/onshape-to-robot-tutorial/delta_robot_min_ws/src/more_interfaces', 'symlink_install': False, 'test_result_base': None}
[0.446s] Level 5:colcon.colcon_core.verb:set package 'my_first_delta' build argument 'cmake_args' from command line to 'None'
[0.446s] Level 5:colcon.colcon_core.verb:set package 'my_first_delta' build argument 'cmake_target' from command line to 'None'
[0.446s] Level 5:colcon.colcon_core.verb:set package 'my_first_delta' build argument 'cmake_target_skip_unavailable' from command line to 'False'
[0.446s] Level 5:colcon.colcon_core.verb:set package 'my_first_delta' build argument 'cmake_clean_cache' from command line to 'False'
[0.446s] Level 5:colcon.colcon_core.verb:set package 'my_first_delta' build argument 'cmake_clean_first' from command line to 'False'
[0.446s] Level 5:colcon.colcon_core.verb:set package 'my_first_delta' build argument 'cmake_force_configure' from command line to 'False'
[0.446s] Level 5:colcon.colcon_core.verb:set package 'my_first_delta' build argument 'ament_cmake_args' from command line to 'None'
[0.446s] Level 5:colcon.colcon_core.verb:set package 'my_first_delta' build argument 'catkin_cmake_args' from command line to 'None'
[0.446s] Level 5:colcon.colcon_core.verb:set package 'my_first_delta' build argument 'catkin_skip_building_tests' from command line to 'False'
[0.446s] DEBUG:colcon.colcon_core.verb:Building package 'my_first_delta' with the following arguments: {'ament_cmake_args': None, 'build_base': '/home/sanmaster/onshape-to-robot-tutorial/delta_robot_min_ws/build/my_first_delta', 'catkin_cmake_args': None, 'catkin_skip_building_tests': False, 'cmake_args': None, 'cmake_clean_cache': False, 'cmake_clean_first': False, 'cmake_force_configure': False, 'cmake_target': None, 'cmake_target_skip_unavailable': False, 'install_base': '/home/sanmaster/onshape-to-robot-tutorial/delta_robot_min_ws/install/my_first_delta', 'merge_install': False, 'path': '/home/sanmaster/onshape-to-robot-tutorial/delta_robot_min_ws/src/my_first_delta', 'symlink_install': False, 'test_result_base': None}
[0.446s] Level 5:colcon.colcon_core.verb:set package 'my_second_delta' build argument 'cmake_args' from command line to 'None'
[0.446s] Level 5:colcon.colcon_core.verb:set package 'my_second_delta' build argument 'cmake_target' from command line to 'None'
[0.446s] Level 5:colcon.colcon_core.verb:set package 'my_second_delta' build argument 'cmake_target_skip_unavailable' from command line to 'False'
[0.446s] Level 5:colcon.colcon_core.verb:set package 'my_second_delta' build argument 'cmake_clean_cache' from command line to 'False'
[0.446s] Level 5:colcon.colcon_core.verb:set package 'my_second_delta' build argument 'cmake_clean_first' from command line to 'False'
[0.447s] Level 5:colcon.colcon_core.verb:set package 'my_second_delta' build argument 'cmake_force_configure' from command line to 'False'
[0.447s] Level 5:colcon.colcon_core.verb:set package 'my_second_delta' build argument 'ament_cmake_args' from command line to 'None'
[0.447s] Level 5:colcon.colcon_core.verb:set package 'my_second_delta' build argument 'catkin_cmake_args' from command line to 'None'
[0.447s] Level 5:colcon.colcon_core.verb:set package 'my_second_delta' build argument 'catkin_skip_building_tests' from command line to 'False'
[0.447s] DEBUG:colcon.colcon_core.verb:Building package 'my_second_delta' with the following arguments: {'ament_cmake_args': None, 'build_base': '/home/sanmaster/onshape-to-robot-tutorial/delta_robot_min_ws/build/my_second_delta', 'catkin_cmake_args': None, 'catkin_skip_building_tests': False, 'cmake_args': None, 'cmake_clean_cache': False, 'cmake_clean_first': False, 'cmake_force_configure': False, 'cmake_target': None, 'cmake_target_skip_unavailable': False, 'install_base': '/home/sanmaster/onshape-to-robot-tutorial/delta_robot_min_ws/install/my_second_delta', 'merge_install': False, 'path': '/home/sanmaster/onshape-to-robot-tutorial/delta_robot_min_ws/src/my_second_delta', 'symlink_install': False, 'test_result_base': None}
[0.447s] INFO:colcon.colcon_core.executor:Executing jobs using 'sequential' executor
[0.448s] DEBUG:colcon.colcon_core.executor.sequential:run_until_complete 'more_interfaces'
[0.448s] INFO:colcon.colcon_ros.task.ament_cmake.build:Building ROS package in '/home/sanmaster/onshape-to-robot-tutorial/delta_robot_min_ws/src/more_interfaces' with build type 'ament_cmake'
[0.448s] INFO:colcon.colcon_cmake.task.cmake.build:Building CMake package in '/home/sanmaster/onshape-to-robot-tutorial/delta_robot_min_ws/src/more_interfaces'
[0.451s] INFO:colcon.colcon_core.plugin_system:Skipping extension 'colcon_core.shell.bat': Not used on non-Windows systems
[0.451s] INFO:colcon.colcon_core.shell:Skip shell extension 'powershell' for command environment: Not usable outside of PowerShell
[0.451s] DEBUG:colcon.colcon_core.shell:Skip shell extension 'dsv' for command environment
[0.461s] DEBUG:colcon.colcon_core.event_handler.log_command:Invoking command in '/home/sanmaster/onshape-to-robot-tutorial/delta_robot_min_ws/build/more_interfaces': CMAKE_PREFIX_PATH=/opt/ros/iron /usr/bin/cmake --build /home/sanmaster/onshape-to-robot-tutorial/delta_robot_min_ws/build/more_interfaces -- -j12 -l12
[0.939s] DEBUG:colcon.colcon_core.event_handler.log_command:Invoked command in '/home/sanmaster/onshape-to-robot-tutorial/delta_robot_min_ws/build/more_interfaces' returned '0': CMAKE_PREFIX_PATH=/opt/ros/iron /usr/bin/cmake --build /home/sanmaster/onshape-to-robot-tutorial/delta_robot_min_ws/build/more_interfaces -- -j12 -l12
[1.021s] DEBUG:colcon.colcon_core.event_handler.log_command:Invoking command in '/home/sanmaster/onshape-to-robot-tutorial/delta_robot_min_ws/build/more_interfaces': CMAKE_PREFIX_PATH=/opt/ros/iron /usr/bin/cmake --install /home/sanmaster/onshape-to-robot-tutorial/delta_robot_min_ws/build/more_interfaces
[1.092s] Level 1:colcon.colcon_core.environment:create_environment_scripts_only(more_interfaces)
[1.093s] DEBUG:colcon.colcon_core.event_handler.log_command:Invoked command in '/home/sanmaster/onshape-to-robot-tutorial/delta_robot_min_ws/build/more_interfaces' returned '0': CMAKE_PREFIX_PATH=/opt/ros/iron /usr/bin/cmake --install /home/sanmaster/onshape-to-robot-tutorial/delta_robot_min_ws/build/more_interfaces
[1.096s] Level 1:colcon.colcon_core.environment:checking '/home/sanmaster/onshape-to-robot-tutorial/delta_robot_min_ws/install/more_interfaces' for CMake module files
[1.097s] Level 1:colcon.colcon_core.environment:checking '/home/sanmaster/onshape-to-robot-tutorial/delta_robot_min_ws/install/more_interfaces' for CMake config files
[1.098s] Level 1:colcon.colcon_core.shell:create_environment_hook('more_interfaces', 'cmake_prefix_path')
[1.098s] INFO:colcon.colcon_core.shell:Creating environment hook '/home/sanmaster/onshape-to-robot-tutorial/delta_robot_min_ws/install/more_interfaces/share/more_interfaces/hook/cmake_prefix_path.ps1'
[1.099s] INFO:colcon.colcon_core.shell:Creating environment descriptor '/home/sanmaster/onshape-to-robot-tutorial/delta_robot_min_ws/install/more_interfaces/share/more_interfaces/hook/cmake_prefix_path.dsv'
[1.100s] INFO:colcon.colcon_core.shell:Creating environment hook '/home/sanmaster/onshape-to-robot-tutorial/delta_robot_min_ws/install/more_interfaces/share/more_interfaces/hook/cmake_prefix_path.sh'
[1.101s] Level 1:colcon.colcon_core.environment:checking '/home/sanmaster/onshape-to-robot-tutorial/delta_robot_min_ws/install/more_interfaces/lib'
[1.101s] Level 1:colcon.colcon_core.shell:create_environment_hook('more_interfaces', 'ld_library_path_lib')
[1.101s] INFO:colcon.colcon_core.shell:Creating environment hook '/home/sanmaster/onshape-to-robot-tutorial/delta_robot_min_ws/install/more_interfaces/share/more_interfaces/hook/ld_library_path_lib.ps1'
[1.102s] INFO:colcon.colcon_core.shell:Creating environment descriptor '/home/sanmaster/onshape-to-robot-tutorial/delta_robot_min_ws/install/more_interfaces/share/more_interfaces/hook/ld_library_path_lib.dsv'
[1.102s] INFO:colcon.colcon_core.shell:Creating environment hook '/home/sanmaster/onshape-to-robot-tutorial/delta_robot_min_ws/install/more_interfaces/share/more_interfaces/hook/ld_library_path_lib.sh'
[1.103s] Level 1:colcon.colcon_core.environment:checking '/home/sanmaster/onshape-to-robot-tutorial/delta_robot_min_ws/install/more_interfaces/bin'
[1.103s] Level 1:colcon.colcon_core.environment:checking '/home/sanmaster/onshape-to-robot-tutorial/delta_robot_min_ws/install/more_interfaces/lib/pkgconfig/more_interfaces.pc'
[1.103s] Level 1:colcon.colcon_core.environment:checking '/home/sanmaster/onshape-to-robot-tutorial/delta_robot_min_ws/install/more_interfaces/lib/python3.10/site-packages'
[1.103s] Level 1:colcon.colcon_core.shell:create_environment_hook('more_interfaces', 'pythonpath')
[1.103s] INFO:colcon.colcon_core.shell:Creating environment hook '/home/sanmaster/onshape-to-robot-tutorial/delta_robot_min_ws/install/more_interfaces/share/more_interfaces/hook/pythonpath.ps1'
[1.104s] INFO:colcon.colcon_core.shell:Creating environment descriptor '/home/sanmaster/onshape-to-robot-tutorial/delta_robot_min_ws/install/more_interfaces/share/more_interfaces/hook/pythonpath.dsv'
[1.104s] INFO:colcon.colcon_core.shell:Creating environment hook '/home/sanmaster/onshape-to-robot-tutorial/delta_robot_min_ws/install/more_interfaces/share/more_interfaces/hook/pythonpath.sh'
[1.105s] Level 1:colcon.colcon_core.environment:checking '/home/sanmaster/onshape-to-robot-tutorial/delta_robot_min_ws/install/more_interfaces/bin'
[1.106s] INFO:colcon.colcon_core.shell:Creating package script '/home/sanmaster/onshape-to-robot-tutorial/delta_robot_min_ws/install/more_interfaces/share/more_interfaces/package.ps1'
[1.107s] INFO:colcon.colcon_core.shell:Creating package descriptor '/home/sanmaster/onshape-to-robot-tutorial/delta_robot_min_ws/install/more_interfaces/share/more_interfaces/package.dsv'
[1.108s] INFO:colcon.colcon_core.shell:Creating package script '/home/sanmaster/onshape-to-robot-tutorial/delta_robot_min_ws/install/more_interfaces/share/more_interfaces/package.sh'
[1.110s] INFO:colcon.colcon_core.shell:Creating package script '/home/sanmaster/onshape-to-robot-tutorial/delta_robot_min_ws/install/more_interfaces/share/more_interfaces/package.bash'
[1.111s] INFO:colcon.colcon_core.shell:Creating package script '/home/sanmaster/onshape-to-robot-tutorial/delta_robot_min_ws/install/more_interfaces/share/more_interfaces/package.zsh'
[1.111s] Level 1:colcon.colcon_core.environment:create_file_with_runtime_dependencies(/home/sanmaster/onshape-to-robot-tutorial/delta_robot_min_ws/install/more_interfaces/share/colcon-core/packages/more_interfaces)
[1.188s] Level 1:colcon.colcon_core.environment:create_environment_scripts_only(more_interfaces)
[1.189s] Level 1:colcon.colcon_core.environment:checking '/home/sanmaster/onshape-to-robot-tutorial/delta_robot_min_ws/install/more_interfaces' for CMake module files
[1.189s] Level 1:colcon.colcon_core.environment:checking '/home/sanmaster/onshape-to-robot-tutorial/delta_robot_min_ws/install/more_interfaces' for CMake config files
[1.190s] Level 1:colcon.colcon_core.shell:create_environment_hook('more_interfaces', 'cmake_prefix_path')
[1.190s] INFO:colcon.colcon_core.shell:Creating environment hook '/home/sanmaster/onshape-to-robot-tutorial/delta_robot_min_ws/install/more_interfaces/share/more_interfaces/hook/cmake_prefix_path.ps1'
[1.191s] INFO:colcon.colcon_core.shell:Creating environment descriptor '/home/sanmaster/onshape-to-robot-tutorial/delta_robot_min_ws/install/more_interfaces/share/more_interfaces/hook/cmake_prefix_path.dsv'
[1.191s] INFO:colcon.colcon_core.shell:Creating environment hook '/home/sanmaster/onshape-to-robot-tutorial/delta_robot_min_ws/install/more_interfaces/share/more_interfaces/hook/cmake_prefix_path.sh'
[1.192s] Level 1:colcon.colcon_core.environment:checking '/home/sanmaster/onshape-to-robot-tutorial/delta_robot_min_ws/install/more_interfaces/lib'
[1.192s] Level 1:colcon.colcon_core.shell:create_environment_hook('more_interfaces', 'ld_library_path_lib')
[1.192s] INFO:colcon.colcon_core.shell:Creating environment hook '/home/sanmaster/onshape-to-robot-tutorial/delta_robot_min_ws/install/more_interfaces/share/more_interfaces/hook/ld_library_path_lib.ps1'
[1.193s] INFO:colcon.colcon_core.shell:Creating environment descriptor '/home/sanmaster/onshape-to-robot-tutorial/delta_robot_min_ws/install/more_interfaces/share/more_interfaces/hook/ld_library_path_lib.dsv'
[1.193s] INFO:colcon.colcon_core.shell:Creating environment hook '/home/sanmaster/onshape-to-robot-tutorial/delta_robot_min_ws/install/more_interfaces/share/more_interfaces/hook/ld_library_path_lib.sh'
[1.194s] Level 1:colcon.colcon_core.environment:checking '/home/sanmaster/onshape-to-robot-tutorial/delta_robot_min_ws/install/more_interfaces/bin'
[1.194s] Level 1:colcon.colcon_core.environment:checking '/home/sanmaster/onshape-to-robot-tutorial/delta_robot_min_ws/install/more_interfaces/lib/pkgconfig/more_interfaces.pc'
[1.194s] Level 1:colcon.colcon_core.environment:checking '/home/sanmaster/onshape-to-robot-tutorial/delta_robot_min_ws/install/more_interfaces/lib/python3.10/site-packages'
[1.195s] Level 1:colcon.colcon_core.shell:create_environment_hook('more_interfaces', 'pythonpath')
[1.195s] INFO:colcon.colcon_core.shell:Creating environment hook '/home/sanmaster/onshape-to-robot-tutorial/delta_robot_min_ws/install/more_interfaces/share/more_interfaces/hook/pythonpath.ps1'
[1.196s] INFO:colcon.colcon_core.shell:Creating environment descriptor '/home/sanmaster/onshape-to-robot-tutorial/delta_robot_min_ws/install/more_interfaces/share/more_interfaces/hook/pythonpath.dsv'
[1.196s] INFO:colcon.colcon_core.shell:Creating environment hook '/home/sanmaster/onshape-to-robot-tutorial/delta_robot_min_ws/install/more_interfaces/share/more_interfaces/hook/pythonpath.sh'
[1.197s] Level 1:colcon.colcon_core.environment:checking '/home/sanmaster/onshape-to-robot-tutorial/delta_robot_min_ws/install/more_interfaces/bin'
[1.198s] INFO:colcon.colcon_core.shell:Creating package script '/home/sanmaster/onshape-to-robot-tutorial/delta_robot_min_ws/install/more_interfaces/share/more_interfaces/package.ps1'
[1.199s] INFO:colcon.colcon_core.shell:Creating package descriptor '/home/sanmaster/onshape-to-robot-tutorial/delta_robot_min_ws/install/more_interfaces/share/more_interfaces/package.dsv'
[1.200s] INFO:colcon.colcon_core.shell:Creating package script '/home/sanmaster/onshape-to-robot-tutorial/delta_robot_min_ws/install/more_interfaces/share/more_interfaces/package.sh'
[1.200s] INFO:colcon.colcon_core.shell:Creating package script '/home/sanmaster/onshape-to-robot-tutorial/delta_robot_min_ws/install/more_interfaces/share/more_interfaces/package.bash'
[1.201s] INFO:colcon.colcon_core.shell:Creating package script '/home/sanmaster/onshape-to-robot-tutorial/delta_robot_min_ws/install/more_interfaces/share/more_interfaces/package.zsh'
[1.201s] Level 1:colcon.colcon_core.environment:create_file_with_runtime_dependencies(/home/sanmaster/onshape-to-robot-tutorial/delta_robot_min_ws/install/more_interfaces/share/colcon-core/packages/more_interfaces)
[1.202s] DEBUG:colcon.colcon_core.executor.sequential:run_until_complete 'more_interfaces' finished with '0'
[1.202s] DEBUG:colcon.colcon_core.executor.sequential:run_until_complete 'my_first_delta'
[1.202s] INFO:colcon.colcon_ros.task.ament_python.build:Building ROS package in '/home/sanmaster/onshape-to-robot-tutorial/delta_robot_min_ws/src/my_first_delta' with build type 'ament_python'
[1.202s] Level 1:colcon.colcon_core.shell:create_environment_hook('my_first_delta', 'ament_prefix_path')
[1.203s] INFO:colcon.colcon_core.shell:Creating environment hook '/home/sanmaster/onshape-to-robot-tutorial/delta_robot_min_ws/install/my_first_delta/share/my_first_delta/hook/ament_prefix_path.ps1'
[1.203s] INFO:colcon.colcon_core.shell:Creating environment descriptor '/home/sanmaster/onshape-to-robot-tutorial/delta_robot_min_ws/install/my_first_delta/share/my_first_delta/hook/ament_prefix_path.dsv'
[1.204s] INFO:colcon.colcon_core.shell:Creating environment hook '/home/sanmaster/onshape-to-robot-tutorial/delta_robot_min_ws/install/my_first_delta/share/my_first_delta/hook/ament_prefix_path.sh'
[1.205s] INFO:colcon.colcon_core.shell:Skip shell extension 'powershell' for command environment: Not usable outside of PowerShell
[1.205s] DEBUG:colcon.colcon_core.shell:Skip shell extension 'dsv' for command environment
[1.526s] INFO:colcon.colcon_core.task.python.build:Building Python package in '/home/sanmaster/onshape-to-robot-tutorial/delta_robot_min_ws/src/my_first_delta'
[1.526s] INFO:colcon.colcon_core.shell:Skip shell extension 'powershell' for command environment: Not usable outside of PowerShell
[1.526s] DEBUG:colcon.colcon_core.shell:Skip shell extension 'dsv' for command environment
[1.927s] DEBUG:colcon.colcon_core.event_handler.log_command:Invoking command in '/home/sanmaster/onshape-to-robot-tutorial/delta_robot_min_ws/src/my_first_delta': PYTHONPATH=/home/sanmaster/onshape-to-robot-tutorial/delta_robot_min_ws/build/my_first_delta/prefix_override:/home/sanmaster/onshape-to-robot-tutorial/delta_robot_min_ws/install/my_first_delta/lib/python3.10/site-packages:${PYTHONPATH} /usr/bin/python3 -W ignore:setup.py install is deprecated setup.py egg_info --egg-base ../../build/my_first_delta build --build-base /home/sanmaster/onshape-to-robot-tutorial/delta_robot_min_ws/build/my_first_delta/build install --record /home/sanmaster/onshape-to-robot-tutorial/delta_robot_min_ws/build/my_first_delta/install.log --single-version-externally-managed install_data
[2.281s] Level 1:colcon.colcon_core.environment:checking '/home/sanmaster/onshape-to-robot-tutorial/delta_robot_min_ws/install/my_first_delta' for CMake module files
[2.281s] DEBUG:colcon.colcon_core.event_handler.log_command:Invoked command in '/home/sanmaster/onshape-to-robot-tutorial/delta_robot_min_ws/src/my_first_delta' returned '0': PYTHONPATH=/home/sanmaster/onshape-to-robot-tutorial/delta_robot_min_ws/build/my_first_delta/prefix_override:/home/sanmaster/onshape-to-robot-tutorial/delta_robot_min_ws/install/my_first_delta/lib/python3.10/site-packages:${PYTHONPATH} /usr/bin/python3 -W ignore:setup.py install is deprecated setup.py egg_info --egg-base ../../build/my_first_delta build --build-base /home/sanmaster/onshape-to-robot-tutorial/delta_robot_min_ws/build/my_first_delta/build install --record /home/sanmaster/onshape-to-robot-tutorial/delta_robot_min_ws/build/my_first_delta/install.log --single-version-externally-managed install_data
[2.281s] Level 1:colcon.colcon_core.environment:checking '/home/sanmaster/onshape-to-robot-tutorial/delta_robot_min_ws/install/my_first_delta' for CMake config files
[2.282s] Level 1:colcon.colcon_core.environment:checking '/home/sanmaster/onshape-to-robot-tutorial/delta_robot_min_ws/install/my_first_delta/lib'
[2.282s] Level 1:colcon.colcon_core.environment:checking '/home/sanmaster/onshape-to-robot-tutorial/delta_robot_min_ws/install/my_first_delta/bin'
[2.282s] Level 1:colcon.colcon_core.environment:checking '/home/sanmaster/onshape-to-robot-tutorial/delta_robot_min_ws/install/my_first_delta/lib/pkgconfig/my_first_delta.pc'
[2.282s] Level 1:colcon.colcon_core.environment:checking '/home/sanmaster/onshape-to-robot-tutorial/delta_robot_min_ws/install/my_first_delta/lib/python3.10/site-packages'
[2.282s] Level 1:colcon.colcon_core.shell:create_environment_hook('my_first_delta', 'pythonpath')
[2.283s] INFO:colcon.colcon_core.shell:Creating environment hook '/home/sanmaster/onshape-to-robot-tutorial/delta_robot_min_ws/install/my_first_delta/share/my_first_delta/hook/pythonpath.ps1'
[2.283s] INFO:colcon.colcon_core.shell:Creating environment descriptor '/home/sanmaster/onshape-to-robot-tutorial/delta_robot_min_ws/install/my_first_delta/share/my_first_delta/hook/pythonpath.dsv'
[2.283s] INFO:colcon.colcon_core.shell:Creating environment hook '/home/sanmaster/onshape-to-robot-tutorial/delta_robot_min_ws/install/my_first_delta/share/my_first_delta/hook/pythonpath.sh'
[2.284s] Level 1:colcon.colcon_core.environment:checking '/home/sanmaster/onshape-to-robot-tutorial/delta_robot_min_ws/install/my_first_delta/bin'
[2.284s] Level 1:colcon.colcon_core.environment:create_environment_scripts_only(my_first_delta)
[2.284s] INFO:colcon.colcon_core.shell:Creating package script '/home/sanmaster/onshape-to-robot-tutorial/delta_robot_min_ws/install/my_first_delta/share/my_first_delta/package.ps1'
[2.285s] INFO:colcon.colcon_core.shell:Creating package descriptor '/home/sanmaster/onshape-to-robot-tutorial/delta_robot_min_ws/install/my_first_delta/share/my_first_delta/package.dsv'
[2.285s] INFO:colcon.colcon_core.shell:Creating package script '/home/sanmaster/onshape-to-robot-tutorial/delta_robot_min_ws/install/my_first_delta/share/my_first_delta/package.sh'
[2.286s] INFO:colcon.colcon_core.shell:Creating package script '/home/sanmaster/onshape-to-robot-tutorial/delta_robot_min_ws/install/my_first_delta/share/my_first_delta/package.bash'
[2.286s] INFO:colcon.colcon_core.shell:Creating package script '/home/sanmaster/onshape-to-robot-tutorial/delta_robot_min_ws/install/my_first_delta/share/my_first_delta/package.zsh'
[2.286s] Level 1:colcon.colcon_core.environment:create_file_with_runtime_dependencies(/home/sanmaster/onshape-to-robot-tutorial/delta_robot_min_ws/install/my_first_delta/share/colcon-core/packages/my_first_delta)
[2.286s] DEBUG:colcon.colcon_core.executor.sequential:run_until_complete 'my_first_delta' finished with '0'
[2.286s] DEBUG:colcon.colcon_core.executor.sequential:run_until_complete 'my_second_delta'
[2.286s] INFO:colcon.colcon_ros.task.ament_python.build:Building ROS package in '/home/sanmaster/onshape-to-robot-tutorial/delta_robot_min_ws/src/my_second_delta' with build type 'ament_python'
[2.287s] Level 1:colcon.colcon_core.shell:create_environment_hook('my_second_delta', 'ament_prefix_path')
[2.287s] INFO:colcon.colcon_core.shell:Creating environment hook '/home/sanmaster/onshape-to-robot-tutorial/delta_robot_min_ws/install/my_second_delta/share/my_second_delta/hook/ament_prefix_path.ps1'
[2.287s] INFO:colcon.colcon_core.shell:Creating environment descriptor '/home/sanmaster/onshape-to-robot-tutorial/delta_robot_min_ws/install/my_second_delta/share/my_second_delta/hook/ament_prefix_path.dsv'
[2.288s] INFO:colcon.colcon_core.shell:Creating environment hook '/home/sanmaster/onshape-to-robot-tutorial/delta_robot_min_ws/install/my_second_delta/share/my_second_delta/hook/ament_prefix_path.sh'
[2.288s] INFO:colcon.colcon_core.shell:Skip shell extension 'powershell' for command environment: Not usable outside of PowerShell
[2.289s] DEBUG:colcon.colcon_core.shell:Skip shell extension 'dsv' for command environment
[2.621s] INFO:colcon.colcon_core.task.python.build:Building Python package in '/home/sanmaster/onshape-to-robot-tutorial/delta_robot_min_ws/src/my_second_delta'
[2.621s] INFO:colcon.colcon_core.shell:Skip shell extension 'powershell' for command environment: Not usable outside of PowerShell
[2.621s] DEBUG:colcon.colcon_core.shell:Skip shell extension 'dsv' for command environment
[3.041s] DEBUG:colcon.colcon_core.event_handler.log_command:Invoking command in '/home/sanmaster/onshape-to-robot-tutorial/delta_robot_min_ws/src/my_second_delta': PYTHONPATH=/home/sanmaster/onshape-to-robot-tutorial/delta_robot_min_ws/build/my_second_delta/prefix_override:/home/sanmaster/onshape-to-robot-tutorial/delta_robot_min_ws/install/my_second_delta/lib/python3.10/site-packages:${PYTHONPATH} /usr/bin/python3 -W ignore:setup.py install is deprecated setup.py egg_info --egg-base ../../build/my_second_delta build --build-base /home/sanmaster/onshape-to-robot-tutorial/delta_robot_min_ws/build/my_second_delta/build install --record /home/sanmaster/onshape-to-robot-tutorial/delta_robot_min_ws/build/my_second_delta/install.log --single-version-externally-managed install_data
[3.422s] Level 1:colcon.colcon_core.environment:checking '/home/sanmaster/onshape-to-robot-tutorial/delta_robot_min_ws/install/my_second_delta' for CMake module files
[3.422s] DEBUG:colcon.colcon_core.event_handler.log_command:Invoked command in '/home/sanmaster/onshape-to-robot-tutorial/delta_robot_min_ws/src/my_second_delta' returned '0': PYTHONPATH=/home/sanmaster/onshape-to-robot-tutorial/delta_robot_min_ws/build/my_second_delta/prefix_override:/home/sanmaster/onshape-to-robot-tutorial/delta_robot_min_ws/install/my_second_delta/lib/python3.10/site-packages:${PYTHONPATH} /usr/bin/python3 -W ignore:setup.py install is deprecated setup.py egg_info --egg-base ../../build/my_second_delta build --build-base /home/sanmaster/onshape-to-robot-tutorial/delta_robot_min_ws/build/my_second_delta/build install --record /home/sanmaster/onshape-to-robot-tutorial/delta_robot_min_ws/build/my_second_delta/install.log --single-version-externally-managed install_data
[3.423s] Level 1:colcon.colcon_core.environment:checking '/home/sanmaster/onshape-to-robot-tutorial/delta_robot_min_ws/install/my_second_delta' for CMake config files
[3.423s] Level 1:colcon.colcon_core.environment:checking '/home/sanmaster/onshape-to-robot-tutorial/delta_robot_min_ws/install/my_second_delta/lib'
[3.423s] Level 1:colcon.colcon_core.environment:checking '/home/sanmaster/onshape-to-robot-tutorial/delta_robot_min_ws/install/my_second_delta/bin'
[3.423s] Level 1:colcon.colcon_core.environment:checking '/home/sanmaster/onshape-to-robot-tutorial/delta_robot_min_ws/install/my_second_delta/lib/pkgconfig/my_second_delta.pc'
[3.424s] Level 1:colcon.colcon_core.environment:checking '/home/sanmaster/onshape-to-robot-tutorial/delta_robot_min_ws/install/my_second_delta/lib/python3.10/site-packages'
[3.424s] Level 1:colcon.colcon_core.shell:create_environment_hook('my_second_delta', 'pythonpath')
[3.424s] INFO:colcon.colcon_core.shell:Creating environment hook '/home/sanmaster/onshape-to-robot-tutorial/delta_robot_min_ws/install/my_second_delta/share/my_second_delta/hook/pythonpath.ps1'
[3.424s] INFO:colcon.colcon_core.shell:Creating environment descriptor '/home/sanmaster/onshape-to-robot-tutorial/delta_robot_min_ws/install/my_second_delta/share/my_second_delta/hook/pythonpath.dsv'
[3.425s] INFO:colcon.colcon_core.shell:Creating environment hook '/home/sanmaster/onshape-to-robot-tutorial/delta_robot_min_ws/install/my_second_delta/share/my_second_delta/hook/pythonpath.sh'
[3.425s] Level 1:colcon.colcon_core.environment:checking '/home/sanmaster/onshape-to-robot-tutorial/delta_robot_min_ws/install/my_second_delta/bin'
[3.426s] Level 1:colcon.colcon_core.environment:create_environment_scripts_only(my_second_delta)
[3.426s] INFO:colcon.colcon_core.shell:Creating package script '/home/sanmaster/onshape-to-robot-tutorial/delta_robot_min_ws/install/my_second_delta/share/my_second_delta/package.ps1'
[3.427s] INFO:colcon.colcon_core.shell:Creating package descriptor '/home/sanmaster/onshape-to-robot-tutorial/delta_robot_min_ws/install/my_second_delta/share/my_second_delta/package.dsv'
[3.427s] INFO:colcon.colcon_core.shell:Creating package script '/home/sanmaster/onshape-to-robot-tutorial/delta_robot_min_ws/install/my_second_delta/share/my_second_delta/package.sh'
[3.428s] INFO:colcon.colcon_core.shell:Creating package script '/home/sanmaster/onshape-to-robot-tutorial/delta_robot_min_ws/install/my_second_delta/share/my_second_delta/package.bash'
[3.428s] INFO:colcon.colcon_core.shell:Creating package script '/home/sanmaster/onshape-to-robot-tutorial/delta_robot_min_ws/install/my_second_delta/share/my_second_delta/package.zsh'
[3.429s] Level 1:colcon.colcon_core.environment:create_file_with_runtime_dependencies(/home/sanmaster/onshape-to-robot-tutorial/delta_robot_min_ws/install/my_second_delta/share/colcon-core/packages/my_second_delta)
[3.429s] DEBUG:colcon.colcon_core.executor.sequential:run_until_complete 'my_second_delta' finished with '0'
[3.429s] DEBUG:colcon.colcon_core.executor.sequential:closing loop
[3.429s] DEBUG:colcon.colcon_core.executor.sequential:loop closed
[3.429s] DEBUG:colcon.colcon_core.event_reactor:joining thread
[3.435s] INFO:colcon.colcon_core.plugin_system:Skipping extension 'colcon_notification.desktop_notification.terminal_notifier': Not used on non-Darwin systems
[3.435s] INFO:colcon.colcon_core.plugin_system:Skipping extension 'colcon_notification.desktop_notification.win32': Not used on non-Windows systems
[3.435s] INFO:colcon.colcon_notification.desktop_notification:Sending desktop notification using 'notify2'
[3.446s] DEBUG:colcon.colcon_core.event_reactor:joined thread
[3.446s] INFO:colcon.colcon_core.shell:Creating prefix script '/home/sanmaster/onshape-to-robot-tutorial/delta_robot_min_ws/install/local_setup.ps1'
[3.447s] INFO:colcon.colcon_core.shell:Creating prefix util module '/home/sanmaster/onshape-to-robot-tutorial/delta_robot_min_ws/install/_local_setup_util_ps1.py'
[3.449s] INFO:colcon.colcon_core.shell:Creating prefix chain script '/home/sanmaster/onshape-to-robot-tutorial/delta_robot_min_ws/install/setup.ps1'
[3.450s] INFO:colcon.colcon_core.shell:Creating prefix script '/home/sanmaster/onshape-to-robot-tutorial/delta_robot_min_ws/install/local_setup.sh'
[3.450s] INFO:colcon.colcon_core.shell:Creating prefix util module '/home/sanmaster/onshape-to-robot-tutorial/delta_robot_min_ws/install/_local_setup_util_sh.py'
[3.451s] INFO:colcon.colcon_core.shell:Creating prefix chain script '/home/sanmaster/onshape-to-robot-tutorial/delta_robot_min_ws/install/setup.sh'
[3.452s] INFO:colcon.colcon_core.shell:Creating prefix script '/home/sanmaster/onshape-to-robot-tutorial/delta_robot_min_ws/install/local_setup.bash'
[3.452s] INFO:colcon.colcon_core.shell:Creating prefix chain script '/home/sanmaster/onshape-to-robot-tutorial/delta_robot_min_ws/install/setup.bash'
[3.453s] INFO:colcon.colcon_core.shell:Creating prefix script '/home/sanmaster/onshape-to-robot-tutorial/delta_robot_min_ws/install/local_setup.zsh'
[3.453s] INFO:colcon.colcon_core.shell:Creating prefix chain script '/home/sanmaster/onshape-to-robot-tutorial/delta_robot_min_ws/install/setup.zsh'
