[0.768s] Invoking command in '/home/sanmaster/onshape-to-robot-tutorial/delta_robot_min_ws/src/my_third_delta': PYTHONPATH=/home/sanmaster/onshape-to-robot-tutorial/delta_robot_min_ws/build/my_third_delta/prefix_override:/home/sanmaster/onshape-to-robot-tutorial/delta_robot_min_ws/install/my_third_delta/lib/python3.10/site-packages:${PYTHONPATH} /usr/bin/python3 -W ignore:setup.py install is deprecated setup.py egg_info --egg-base ../../build/my_third_delta build --build-base /home/sanmaster/onshape-to-robot-tutorial/delta_robot_min_ws/build/my_third_delta/build install --record /home/sanmaster/onshape-to-robot-tutorial/delta_robot_min_ws/build/my_third_delta/install.log --single-version-externally-managed install_data
[1.079s] running egg_info
[1.079s] writing ../../build/my_third_delta/my_third_delta.egg-info/PKG-INFO
[1.079s] writing dependency_links to ../../build/my_third_delta/my_third_delta.egg-info/dependency_links.txt
[1.080s] writing entry points to ../../build/my_third_delta/my_third_delta.egg-info/entry_points.txt
[1.080s] writing requirements to ../../build/my_third_delta/my_third_delta.egg-info/requires.txt
[1.080s] writing top-level names to ../../build/my_third_delta/my_third_delta.egg-info/top_level.txt
[1.082s] reading manifest file '../../build/my_third_delta/my_third_delta.egg-info/SOURCES.txt'
[1.083s] writing manifest file '../../build/my_third_delta/my_third_delta.egg-info/SOURCES.txt'
[1.083s] running build
[1.083s] running build_py
[1.083s] running install
[1.084s] running install_lib
[1.087s] running install_data
[1.087s] copying launch/launch_delta.py -> /home/sanmaster/onshape-to-robot-tutorial/delta_robot_min_ws/install/my_third_delta/share/my_third_delta/launch
[1.088s] running install_egg_info
[1.090s] removing '/home/sanmaster/onshape-to-robot-tutorial/delta_robot_min_ws/install/my_third_delta/lib/python3.10/site-packages/my_third_delta-0.0.0-py3.10.egg-info' (and everything under it)
[1.090s] Copying ../../build/my_third_delta/my_third_delta.egg-info to /home/sanmaster/onshape-to-robot-tutorial/delta_robot_min_ws/install/my_third_delta/lib/python3.10/site-packages/my_third_delta-0.0.0-py3.10.egg-info
[1.091s] running install_scripts
[1.115s] writing list of installed files to '/home/sanmaster/onshape-to-robot-tutorial/delta_robot_min_ws/build/my_third_delta/install.log'
[1.144s] Invoked command in '/home/sanmaster/onshape-to-robot-tutorial/delta_robot_min_ws/src/my_third_delta' returned '0': PYTHONPATH=/home/sanmaster/onshape-to-robot-tutorial/delta_robot_min_ws/build/my_third_delta/prefix_override:/home/sanmaster/onshape-to-robot-tutorial/delta_robot_min_ws/install/my_third_delta/lib/python3.10/site-packages:${PYTHONPATH} /usr/bin/python3 -W ignore:setup.py install is deprecated setup.py egg_info --egg-base ../../build/my_third_delta build --build-base /home/sanmaster/onshape-to-robot-tutorial/delta_robot_min_ws/build/my_third_delta/build install --record /home/sanmaster/onshape-to-robot-tutorial/delta_robot_min_ws/build/my_third_delta/install.log --single-version-externally-managed install_data
