running egg_info
creating ../build/my_first_delta/my_first_delta.egg-info
writing ../build/my_first_delta/my_first_delta.egg-info/PKG-INFO
writing dependency_links to ../build/my_first_delta/my_first_delta.egg-info/dependency_links.txt
writing entry points to ../build/my_first_delta/my_first_delta.egg-info/entry_points.txt
writing requirements to ../build/my_first_delta/my_first_delta.egg-info/requires.txt
writing top-level names to ../build/my_first_delta/my_first_delta.egg-info/top_level.txt
writing manifest file '../build/my_first_delta/my_first_delta.egg-info/SOURCES.txt'
reading manifest file '../build/my_first_delta/my_first_delta.egg-info/SOURCES.txt'
adding license file 'LICENSE'
writing manifest file '../build/my_first_delta/my_first_delta.egg-info/SOURCES.txt'
running build
running build_py
creating /home/sanmaster/onshape-to-robot-tutorial/delta_robot_min_ws/src/build/my_first_delta/build
creating /home/sanmaster/onshape-to-robot-tutorial/delta_robot_min_ws/src/build/my_first_delta/build/lib
creating /home/sanmaster/onshape-to-robot-tutorial/delta_robot_min_ws/src/build/my_first_delta/build/lib/my_first_delta
copying my_first_delta/excel_publisher.py -> /home/sanmaster/onshape-to-robot-tutorial/delta_robot_min_ws/src/build/my_first_delta/build/lib/my_first_delta
copying my_first_delta/inverse_kinematics_server.py -> /home/sanmaster/onshape-to-robot-tutorial/delta_robot_min_ws/src/build/my_first_delta/build/lib/my_first_delta
copying my_first_delta/__init__.py -> /home/sanmaster/onshape-to-robot-tutorial/delta_robot_min_ws/src/build/my_first_delta/build/lib/my_first_delta
copying my_first_delta/inverse_kinematics_client.py -> /home/sanmaster/onshape-to-robot-tutorial/delta_robot_min_ws/src/build/my_first_delta/build/lib/my_first_delta
copying my_first_delta/joint_publisher.py -> /home/sanmaster/onshape-to-robot-tutorial/delta_robot_min_ws/src/build/my_first_delta/build/lib/my_first_delta
copying my_first_delta/get_user_input.py -> /home/sanmaster/onshape-to-robot-tutorial/delta_robot_min_ws/src/build/my_first_delta/build/lib/my_first_delta
running install
running install_lib
creating /home/sanmaster/onshape-to-robot-tutorial/delta_robot_min_ws/src/install/my_first_delta/lib/python3.10/site-packages/my_first_delta
copying /home/sanmaster/onshape-to-robot-tutorial/delta_robot_min_ws/src/build/my_first_delta/build/lib/my_first_delta/excel_publisher.py -> /home/sanmaster/onshape-to-robot-tutorial/delta_robot_min_ws/src/install/my_first_delta/lib/python3.10/site-packages/my_first_delta
copying /home/sanmaster/onshape-to-robot-tutorial/delta_robot_min_ws/src/build/my_first_delta/build/lib/my_first_delta/inverse_kinematics_server.py -> /home/sanmaster/onshape-to-robot-tutorial/delta_robot_min_ws/src/install/my_first_delta/lib/python3.10/site-packages/my_first_delta
copying /home/sanmaster/onshape-to-robot-tutorial/delta_robot_min_ws/src/build/my_first_delta/build/lib/my_first_delta/__init__.py -> /home/sanmaster/onshape-to-robot-tutorial/delta_robot_min_ws/src/install/my_first_delta/lib/python3.10/site-packages/my_first_delta
copying /home/sanmaster/onshape-to-robot-tutorial/delta_robot_min_ws/src/build/my_first_delta/build/lib/my_first_delta/inverse_kinematics_client.py -> /home/sanmaster/onshape-to-robot-tutorial/delta_robot_min_ws/src/install/my_first_delta/lib/python3.10/site-packages/my_first_delta
copying /home/sanmaster/onshape-to-robot-tutorial/delta_robot_min_ws/src/build/my_first_delta/build/lib/my_first_delta/joint_publisher.py -> /home/sanmaster/onshape-to-robot-tutorial/delta_robot_min_ws/src/install/my_first_delta/lib/python3.10/site-packages/my_first_delta
copying /home/sanmaster/onshape-to-robot-tutorial/delta_robot_min_ws/src/build/my_first_delta/build/lib/my_first_delta/get_user_input.py -> /home/sanmaster/onshape-to-robot-tutorial/delta_robot_min_ws/src/install/my_first_delta/lib/python3.10/site-packages/my_first_delta
byte-compiling /home/sanmaster/onshape-to-robot-tutorial/delta_robot_min_ws/src/install/my_first_delta/lib/python3.10/site-packages/my_first_delta/excel_publisher.py to excel_publisher.cpython-310.pyc
byte-compiling /home/sanmaster/onshape-to-robot-tutorial/delta_robot_min_ws/src/install/my_first_delta/lib/python3.10/site-packages/my_first_delta/inverse_kinematics_server.py to inverse_kinematics_server.cpython-310.pyc
byte-compiling /home/sanmaster/onshape-to-robot-tutorial/delta_robot_min_ws/src/install/my_first_delta/lib/python3.10/site-packages/my_first_delta/__init__.py to __init__.cpython-310.pyc
byte-compiling /home/sanmaster/onshape-to-robot-tutorial/delta_robot_min_ws/src/install/my_first_delta/lib/python3.10/site-packages/my_first_delta/inverse_kinematics_client.py to inverse_kinematics_client.cpython-310.pyc
byte-compiling /home/sanmaster/onshape-to-robot-tutorial/delta_robot_min_ws/src/install/my_first_delta/lib/python3.10/site-packages/my_first_delta/joint_publisher.py to joint_publisher.cpython-310.pyc
byte-compiling /home/sanmaster/onshape-to-robot-tutorial/delta_robot_min_ws/src/install/my_first_delta/lib/python3.10/site-packages/my_first_delta/get_user_input.py to get_user_input.cpython-310.pyc
running install_data
creating /home/sanmaster/onshape-to-robot-tutorial/delta_robot_min_ws/src/install/my_first_delta/share/ament_index
creating /home/sanmaster/onshape-to-robot-tutorial/delta_robot_min_ws/src/install/my_first_delta/share/ament_index/resource_index
creating /home/sanmaster/onshape-to-robot-tutorial/delta_robot_min_ws/src/install/my_first_delta/share/ament_index/resource_index/packages
copying resource/my_first_delta -> /home/sanmaster/onshape-to-robot-tutorial/delta_robot_min_ws/src/install/my_first_delta/share/ament_index/resource_index/packages
copying package.xml -> /home/sanmaster/onshape-to-robot-tutorial/delta_robot_min_ws/src/install/my_first_delta/share/my_first_delta
creating /home/sanmaster/onshape-to-robot-tutorial/delta_robot_min_ws/src/install/my_first_delta/share/my_first_delta/launch
copying launch/basic_launch.py -> /home/sanmaster/onshape-to-robot-tutorial/delta_robot_min_ws/src/install/my_first_delta/share/my_first_delta/launch
creating /home/sanmaster/onshape-to-robot-tutorial/delta_robot_min_ws/src/install/my_first_delta/share/my_first_delta/urdf
copying urdf/base.urdf.xacro -> /home/sanmaster/onshape-to-robot-tutorial/delta_robot_min_ws/src/install/my_first_delta/share/my_first_delta/urdf
running install_egg_info
Copying ../build/my_first_delta/my_first_delta.egg-info to /home/sanmaster/onshape-to-robot-tutorial/delta_robot_min_ws/src/install/my_first_delta/lib/python3.10/site-packages/my_first_delta-0.0.0-py3.10.egg-info
running install_scripts
Installing excel_publisher script to /home/sanmaster/onshape-to-robot-tutorial/delta_robot_min_ws/src/install/my_first_delta/lib/my_first_delta
Installing get_user_input script to /home/sanmaster/onshape-to-robot-tutorial/delta_robot_min_ws/src/install/my_first_delta/lib/my_first_delta
Installing inverse_kinematics_client script to /home/sanmaster/onshape-to-robot-tutorial/delta_robot_min_ws/src/install/my_first_delta/lib/my_first_delta
Installing inverse_kinematics_server script to /home/sanmaster/onshape-to-robot-tutorial/delta_robot_min_ws/src/install/my_first_delta/lib/my_first_delta
Installing joint_publisher script to /home/sanmaster/onshape-to-robot-tutorial/delta_robot_min_ws/src/install/my_first_delta/lib/my_first_delta
writing list of installed files to '/home/sanmaster/onshape-to-robot-tutorial/delta_robot_min_ws/src/build/my_first_delta/install.log'
