[0.013s] Invoking command in '/home/sanmaster/onshape-to-robot-tutorial/delta_robot_min_ws/build/more_interfaces': CMAKE_PREFIX_PATH=/opt/ros/iron /usr/bin/cmake --build /home/sanmaster/onshape-to-robot-tutorial/delta_robot_min_ws/build/more_interfaces -- -j12 -l12
[0.063s] [  2%] Built target more_interfaces__rosidl_generator_type_description
[0.074s] [  2%] Built target ament_cmake_python_copy_more_interfaces
[0.085s] [  5%] Built target more_interfaces__cpp
[0.086s] [ 20%] Built target more_interfaces__rosidl_generator_c
[0.114s] [ 29%] Built target more_interfaces__rosidl_typesupport_c
[0.116s] [ 44%] Built target more_interfaces__rosidl_typesupport_introspection_c
[0.116s] [ 47%] Built target more_interfaces__rosidl_typesupport_fastrtps_c
[0.116s] [ 55%] Built target more_interfaces__rosidl_typesupport_introspection_cpp
[0.116s] [ 64%] Built target more_interfaces__rosidl_typesupport_cpp
[0.122s] [ 73%] Built target more_interfaces__rosidl_typesupport_fastrtps_cpp
[0.147s] [ 73%] Built target more_interfaces
[0.172s] [ 76%] Built target more_interfaces__py
[0.201s] [ 82%] Built target more_interfaces__rosidl_generator_py
[0.230s] [ 88%] Built target more_interfaces__rosidl_typesupport_fastrtps_c__pyext
[0.231s] [ 94%] Built target more_interfaces__rosidl_typesupport_c__pyext
[0.231s] [100%] Built target more_interfaces__rosidl_typesupport_introspection_c__pyext
[0.419s] running egg_info
[0.420s] writing more_interfaces.egg-info/PKG-INFO
[0.420s] writing dependency_links to more_interfaces.egg-info/dependency_links.txt
[0.420s] writing top-level names to more_interfaces.egg-info/top_level.txt
[0.424s] reading manifest file 'more_interfaces.egg-info/SOURCES.txt'
[0.424s] writing manifest file 'more_interfaces.egg-info/SOURCES.txt'
[0.456s] [100%] Built target ament_cmake_python_build_more_interfaces_egg
[0.468s] Invoked command in '/home/sanmaster/onshape-to-robot-tutorial/delta_robot_min_ws/build/more_interfaces' returned '0': CMAKE_PREFIX_PATH=/opt/ros/iron /usr/bin/cmake --build /home/sanmaster/onshape-to-robot-tutorial/delta_robot_min_ws/build/more_interfaces -- -j12 -l12
[0.549s] Invoking command in '/home/sanmaster/onshape-to-robot-tutorial/delta_robot_min_ws/build/more_interfaces': CMAKE_PREFIX_PATH=/opt/ros/iron /usr/bin/cmake --install /home/sanmaster/onshape-to-robot-tutorial/delta_robot_min_ws/build/more_interfaces
[0.557s] -- Install configuration: ""
[0.558s] -- Up-to-date: /home/sanmaster/onshape-to-robot-tutorial/delta_robot_min_ws/install/more_interfaces/share/ament_index/resource_index/rosidl_interfaces/more_interfaces
[0.558s] -- Up-to-date: /home/sanmaster/onshape-to-robot-tutorial/delta_robot_min_ws/install/more_interfaces/share/more_interfaces/srv/DeltaTheta.json
[0.558s] -- Up-to-date: /home/sanmaster/onshape-to-robot-tutorial/delta_robot_min_ws/install/more_interfaces/include/more_interfaces/more_interfaces
[0.558s] -- Up-to-date: /home/sanmaster/onshape-to-robot-tutorial/delta_robot_min_ws/install/more_interfaces/include/more_interfaces/more_interfaces/srv
[0.558s] -- Up-to-date: /home/sanmaster/onshape-to-robot-tutorial/delta_robot_min_ws/install/more_interfaces/include/more_interfaces/more_interfaces/srv/delta_theta.h
[0.558s] -- Up-to-date: /home/sanmaster/onshape-to-robot-tutorial/delta_robot_min_ws/install/more_interfaces/include/more_interfaces/more_interfaces/srv/detail
[0.558s] -- Up-to-date: /home/sanmaster/onshape-to-robot-tutorial/delta_robot_min_ws/install/more_interfaces/include/more_interfaces/more_interfaces/srv/detail/delta_theta__struct.h
[0.558s] -- Up-to-date: /home/sanmaster/onshape-to-robot-tutorial/delta_robot_min_ws/install/more_interfaces/include/more_interfaces/more_interfaces/srv/detail/delta_theta__type_support.h
[0.559s] -- Up-to-date: /home/sanmaster/onshape-to-robot-tutorial/delta_robot_min_ws/install/more_interfaces/include/more_interfaces/more_interfaces/srv/detail/delta_theta__description.c
[0.559s] -- Up-to-date: /home/sanmaster/onshape-to-robot-tutorial/delta_robot_min_ws/install/more_interfaces/include/more_interfaces/more_interfaces/srv/detail/delta_theta__functions.h
[0.559s] -- Up-to-date: /home/sanmaster/onshape-to-robot-tutorial/delta_robot_min_ws/install/more_interfaces/include/more_interfaces/more_interfaces/srv/detail/delta_theta__functions.c
[0.559s] -- Up-to-date: /home/sanmaster/onshape-to-robot-tutorial/delta_robot_min_ws/install/more_interfaces/include/more_interfaces/more_interfaces/srv/detail/delta_theta__type_support.c
[0.559s] -- Up-to-date: /home/sanmaster/onshape-to-robot-tutorial/delta_robot_min_ws/install/more_interfaces/include/more_interfaces/more_interfaces/msg
[0.559s] -- Up-to-date: /home/sanmaster/onshape-to-robot-tutorial/delta_robot_min_ws/install/more_interfaces/include/more_interfaces/more_interfaces/msg/rosidl_generator_c__visibility_control.h
[0.559s] -- Up-to-date: /home/sanmaster/onshape-to-robot-tutorial/delta_robot_min_ws/install/more_interfaces/share/more_interfaces/environment/library_path.sh
[0.559s] -- Up-to-date: /home/sanmaster/onshape-to-robot-tutorial/delta_robot_min_ws/install/more_interfaces/share/more_interfaces/environment/library_path.dsv
[0.559s] -- Up-to-date: /home/sanmaster/onshape-to-robot-tutorial/delta_robot_min_ws/install/more_interfaces/lib/libmore_interfaces__rosidl_generator_c.so
[0.559s] -- Up-to-date: /home/sanmaster/onshape-to-robot-tutorial/delta_robot_min_ws/install/more_interfaces/include/more_interfaces/more_interfaces
[0.560s] -- Up-to-date: /home/sanmaster/onshape-to-robot-tutorial/delta_robot_min_ws/install/more_interfaces/include/more_interfaces/more_interfaces/srv
[0.560s] -- Up-to-date: /home/sanmaster/onshape-to-robot-tutorial/delta_robot_min_ws/install/more_interfaces/include/more_interfaces/more_interfaces/srv/detail
[0.560s] -- Up-to-date: /home/sanmaster/onshape-to-robot-tutorial/delta_robot_min_ws/install/more_interfaces/include/more_interfaces/more_interfaces/srv/detail/delta_theta__rosidl_typesupport_fastrtps_c.h
[0.560s] -- Up-to-date: /home/sanmaster/onshape-to-robot-tutorial/delta_robot_min_ws/install/more_interfaces/include/more_interfaces/more_interfaces/msg
[0.560s] -- Up-to-date: /home/sanmaster/onshape-to-robot-tutorial/delta_robot_min_ws/install/more_interfaces/include/more_interfaces/more_interfaces/msg/rosidl_typesupport_fastrtps_c__visibility_control.h
[0.560s] -- Up-to-date: /home/sanmaster/onshape-to-robot-tutorial/delta_robot_min_ws/install/more_interfaces/lib/libmore_interfaces__rosidl_typesupport_fastrtps_c.so
[0.560s] -- Up-to-date: /home/sanmaster/onshape-to-robot-tutorial/delta_robot_min_ws/install/more_interfaces/include/more_interfaces/more_interfaces
[0.561s] -- Up-to-date: /home/sanmaster/onshape-to-robot-tutorial/delta_robot_min_ws/install/more_interfaces/include/more_interfaces/more_interfaces/srv
[0.561s] -- Up-to-date: /home/sanmaster/onshape-to-robot-tutorial/delta_robot_min_ws/install/more_interfaces/include/more_interfaces/more_interfaces/srv/detail
[0.561s] -- Up-to-date: /home/sanmaster/onshape-to-robot-tutorial/delta_robot_min_ws/install/more_interfaces/include/more_interfaces/more_interfaces/srv/detail/delta_theta__rosidl_typesupport_introspection_c.h
[0.561s] -- Up-to-date: /home/sanmaster/onshape-to-robot-tutorial/delta_robot_min_ws/install/more_interfaces/include/more_interfaces/more_interfaces/srv/detail/delta_theta__type_support.c
[0.561s] -- Up-to-date: /home/sanmaster/onshape-to-robot-tutorial/delta_robot_min_ws/install/more_interfaces/include/more_interfaces/more_interfaces/msg
[0.561s] -- Up-to-date: /home/sanmaster/onshape-to-robot-tutorial/delta_robot_min_ws/install/more_interfaces/include/more_interfaces/more_interfaces/msg/rosidl_typesupport_introspection_c__visibility_control.h
[0.561s] -- Up-to-date: /home/sanmaster/onshape-to-robot-tutorial/delta_robot_min_ws/install/more_interfaces/lib/libmore_interfaces__rosidl_typesupport_introspection_c.so
[0.561s] -- Up-to-date: /home/sanmaster/onshape-to-robot-tutorial/delta_robot_min_ws/install/more_interfaces/lib/libmore_interfaces__rosidl_typesupport_c.so
[0.561s] -- Up-to-date: /home/sanmaster/onshape-to-robot-tutorial/delta_robot_min_ws/install/more_interfaces/include/more_interfaces/more_interfaces
[0.561s] -- Up-to-date: /home/sanmaster/onshape-to-robot-tutorial/delta_robot_min_ws/install/more_interfaces/include/more_interfaces/more_interfaces/srv
[0.562s] -- Up-to-date: /home/sanmaster/onshape-to-robot-tutorial/delta_robot_min_ws/install/more_interfaces/include/more_interfaces/more_interfaces/srv/detail
[0.562s] -- Up-to-date: /home/sanmaster/onshape-to-robot-tutorial/delta_robot_min_ws/install/more_interfaces/include/more_interfaces/more_interfaces/srv/detail/delta_theta__struct.hpp
[0.562s] -- Up-to-date: /home/sanmaster/onshape-to-robot-tutorial/delta_robot_min_ws/install/more_interfaces/include/more_interfaces/more_interfaces/srv/detail/delta_theta__builder.hpp
[0.562s] -- Up-to-date: /home/sanmaster/onshape-to-robot-tutorial/delta_robot_min_ws/install/more_interfaces/include/more_interfaces/more_interfaces/srv/detail/delta_theta__traits.hpp
[0.562s] -- Up-to-date: /home/sanmaster/onshape-to-robot-tutorial/delta_robot_min_ws/install/more_interfaces/include/more_interfaces/more_interfaces/srv/delta_theta.hpp
[0.562s] -- Up-to-date: /home/sanmaster/onshape-to-robot-tutorial/delta_robot_min_ws/install/more_interfaces/include/more_interfaces/more_interfaces
[0.562s] -- Up-to-date: /home/sanmaster/onshape-to-robot-tutorial/delta_robot_min_ws/install/more_interfaces/include/more_interfaces/more_interfaces/srv
[0.562s] -- Up-to-date: /home/sanmaster/onshape-to-robot-tutorial/delta_robot_min_ws/install/more_interfaces/include/more_interfaces/more_interfaces/srv/detail
[0.563s] -- Up-to-date: /home/sanmaster/onshape-to-robot-tutorial/delta_robot_min_ws/install/more_interfaces/include/more_interfaces/more_interfaces/srv/detail/delta_theta__rosidl_typesupport_fastrtps_cpp.hpp
[0.563s] -- Up-to-date: /home/sanmaster/onshape-to-robot-tutorial/delta_robot_min_ws/install/more_interfaces/include/more_interfaces/more_interfaces/srv/detail/dds_fastrtps
[0.563s] -- Up-to-date: /home/sanmaster/onshape-to-robot-tutorial/delta_robot_min_ws/install/more_interfaces/include/more_interfaces/more_interfaces/msg
[0.563s] -- Up-to-date: /home/sanmaster/onshape-to-robot-tutorial/delta_robot_min_ws/install/more_interfaces/include/more_interfaces/more_interfaces/msg/rosidl_typesupport_fastrtps_cpp__visibility_control.h
[0.563s] -- Up-to-date: /home/sanmaster/onshape-to-robot-tutorial/delta_robot_min_ws/install/more_interfaces/lib/libmore_interfaces__rosidl_typesupport_fastrtps_cpp.so
[0.563s] -- Up-to-date: /home/sanmaster/onshape-to-robot-tutorial/delta_robot_min_ws/install/more_interfaces/include/more_interfaces/more_interfaces
[0.563s] -- Up-to-date: /home/sanmaster/onshape-to-robot-tutorial/delta_robot_min_ws/install/more_interfaces/include/more_interfaces/more_interfaces/srv
[0.563s] -- Up-to-date: /home/sanmaster/onshape-to-robot-tutorial/delta_robot_min_ws/install/more_interfaces/include/more_interfaces/more_interfaces/srv/detail
[0.563s] -- Up-to-date: /home/sanmaster/onshape-to-robot-tutorial/delta_robot_min_ws/install/more_interfaces/include/more_interfaces/more_interfaces/srv/detail/delta_theta__rosidl_typesupport_introspection_cpp.hpp
[0.563s] -- Up-to-date: /home/sanmaster/onshape-to-robot-tutorial/delta_robot_min_ws/install/more_interfaces/include/more_interfaces/more_interfaces/srv/detail/delta_theta__type_support.cpp
[0.564s] -- Up-to-date: /home/sanmaster/onshape-to-robot-tutorial/delta_robot_min_ws/install/more_interfaces/lib/libmore_interfaces__rosidl_typesupport_introspection_cpp.so
[0.564s] -- Up-to-date: /home/sanmaster/onshape-to-robot-tutorial/delta_robot_min_ws/install/more_interfaces/lib/libmore_interfaces__rosidl_typesupport_cpp.so
[0.564s] -- Up-to-date: /home/sanmaster/onshape-to-robot-tutorial/delta_robot_min_ws/install/more_interfaces/share/more_interfaces/environment/pythonpath.sh
[0.564s] -- Up-to-date: /home/sanmaster/onshape-to-robot-tutorial/delta_robot_min_ws/install/more_interfaces/share/more_interfaces/environment/pythonpath.dsv
[0.564s] -- Up-to-date: /home/sanmaster/onshape-to-robot-tutorial/delta_robot_min_ws/install/more_interfaces/lib/python3.10/site-packages/more_interfaces-0.0.0-py3.10.egg-info
[0.564s] -- Installing: /home/sanmaster/onshape-to-robot-tutorial/delta_robot_min_ws/install/more_interfaces/lib/python3.10/site-packages/more_interfaces-0.0.0-py3.10.egg-info/PKG-INFO
[0.564s] -- Installing: /home/sanmaster/onshape-to-robot-tutorial/delta_robot_min_ws/install/more_interfaces/lib/python3.10/site-packages/more_interfaces-0.0.0-py3.10.egg-info/SOURCES.txt
[0.564s] -- Installing: /home/sanmaster/onshape-to-robot-tutorial/delta_robot_min_ws/install/more_interfaces/lib/python3.10/site-packages/more_interfaces-0.0.0-py3.10.egg-info/dependency_links.txt
[0.564s] -- Installing: /home/sanmaster/onshape-to-robot-tutorial/delta_robot_min_ws/install/more_interfaces/lib/python3.10/site-packages/more_interfaces-0.0.0-py3.10.egg-info/top_level.txt
[0.564s] -- Up-to-date: /home/sanmaster/onshape-to-robot-tutorial/delta_robot_min_ws/install/more_interfaces/lib/python3.10/site-packages/more_interfaces
[0.565s] -- Up-to-date: /home/sanmaster/onshape-to-robot-tutorial/delta_robot_min_ws/install/more_interfaces/lib/python3.10/site-packages/more_interfaces/more_interfaces_s__rosidl_typesupport_fastrtps_c.cpython-310-x86_64-linux-gnu.so
[0.565s] -- Up-to-date: /home/sanmaster/onshape-to-robot-tutorial/delta_robot_min_ws/install/more_interfaces/lib/python3.10/site-packages/more_interfaces/_more_interfaces_s.ep.rosidl_typesupport_c.c
[0.565s] -- Up-to-date: /home/sanmaster/onshape-to-robot-tutorial/delta_robot_min_ws/install/more_interfaces/lib/python3.10/site-packages/more_interfaces/srv
[0.565s] -- Up-to-date: /home/sanmaster/onshape-to-robot-tutorial/delta_robot_min_ws/install/more_interfaces/lib/python3.10/site-packages/more_interfaces/srv/_delta_theta_s.c
[0.565s] -- Up-to-date: /home/sanmaster/onshape-to-robot-tutorial/delta_robot_min_ws/install/more_interfaces/lib/python3.10/site-packages/more_interfaces/srv/__init__.py
[0.565s] -- Up-to-date: /home/sanmaster/onshape-to-robot-tutorial/delta_robot_min_ws/install/more_interfaces/lib/python3.10/site-packages/more_interfaces/srv/_delta_theta.py
[0.565s] -- Up-to-date: /home/sanmaster/onshape-to-robot-tutorial/delta_robot_min_ws/install/more_interfaces/lib/python3.10/site-packages/more_interfaces/more_interfaces_s__rosidl_typesupport_c.cpython-310-x86_64-linux-gnu.so
[0.565s] -- Up-to-date: /home/sanmaster/onshape-to-robot-tutorial/delta_robot_min_ws/install/more_interfaces/lib/python3.10/site-packages/more_interfaces/__init__.py
[0.565s] -- Up-to-date: /home/sanmaster/onshape-to-robot-tutorial/delta_robot_min_ws/install/more_interfaces/lib/python3.10/site-packages/more_interfaces/libmore_interfaces__rosidl_generator_py.so
[0.565s] -- Up-to-date: /home/sanmaster/onshape-to-robot-tutorial/delta_robot_min_ws/install/more_interfaces/lib/python3.10/site-packages/more_interfaces/_more_interfaces_s.ep.rosidl_typesupport_introspection_c.c
[0.566s] -- Up-to-date: /home/sanmaster/onshape-to-robot-tutorial/delta_robot_min_ws/install/more_interfaces/lib/python3.10/site-packages/more_interfaces/_more_interfaces_s.ep.rosidl_typesupport_fastrtps_c.c
[0.566s] -- Up-to-date: /home/sanmaster/onshape-to-robot-tutorial/delta_robot_min_ws/install/more_interfaces/lib/python3.10/site-packages/more_interfaces/more_interfaces_s__rosidl_typesupport_introspection_c.cpython-310-x86_64-linux-gnu.so
[0.597s] Listing '/home/sanmaster/onshape-to-robot-tutorial/delta_robot_min_ws/install/more_interfaces/lib/python3.10/site-packages/more_interfaces'...
[0.597s] Listing '/home/sanmaster/onshape-to-robot-tutorial/delta_robot_min_ws/install/more_interfaces/lib/python3.10/site-packages/more_interfaces/srv'...
[0.603s] -- Up-to-date: /home/sanmaster/onshape-to-robot-tutorial/delta_robot_min_ws/install/more_interfaces/lib/python3.10/site-packages/more_interfaces/more_interfaces_s__rosidl_typesupport_fastrtps_c.cpython-310-x86_64-linux-gnu.so
[0.604s] -- Up-to-date: /home/sanmaster/onshape-to-robot-tutorial/delta_robot_min_ws/install/more_interfaces/lib/python3.10/site-packages/more_interfaces/more_interfaces_s__rosidl_typesupport_introspection_c.cpython-310-x86_64-linux-gnu.so
[0.604s] -- Up-to-date: /home/sanmaster/onshape-to-robot-tutorial/delta_robot_min_ws/install/more_interfaces/lib/python3.10/site-packages/more_interfaces/more_interfaces_s__rosidl_typesupport_c.cpython-310-x86_64-linux-gnu.so
[0.605s] -- Up-to-date: /home/sanmaster/onshape-to-robot-tutorial/delta_robot_min_ws/install/more_interfaces/lib/libmore_interfaces__rosidl_generator_py.so
[0.605s] -- Up-to-date: /home/sanmaster/onshape-to-robot-tutorial/delta_robot_min_ws/install/more_interfaces/share/more_interfaces/srv/DeltaTheta.idl
[0.605s] -- Up-to-date: /home/sanmaster/onshape-to-robot-tutorial/delta_robot_min_ws/install/more_interfaces/share/more_interfaces/srv/DeltaTheta.srv
[0.605s] -- Up-to-date: /home/sanmaster/onshape-to-robot-tutorial/delta_robot_min_ws/install/more_interfaces/share/more_interfaces/srv/DeltaTheta_Request.msg
[0.606s] -- Up-to-date: /home/sanmaster/onshape-to-robot-tutorial/delta_robot_min_ws/install/more_interfaces/share/more_interfaces/srv/DeltaTheta_Response.msg
[0.606s] -- Up-to-date: /home/sanmaster/onshape-to-robot-tutorial/delta_robot_min_ws/install/more_interfaces/share/ament_index/resource_index/package_run_dependencies/more_interfaces
[0.606s] -- Up-to-date: /home/sanmaster/onshape-to-robot-tutorial/delta_robot_min_ws/install/more_interfaces/share/ament_index/resource_index/parent_prefix_path/more_interfaces
[0.606s] -- Up-to-date: /home/sanmaster/onshape-to-robot-tutorial/delta_robot_min_ws/install/more_interfaces/share/more_interfaces/environment/ament_prefix_path.sh
[0.606s] -- Up-to-date: /home/sanmaster/onshape-to-robot-tutorial/delta_robot_min_ws/install/more_interfaces/share/more_interfaces/environment/ament_prefix_path.dsv
[0.607s] -- Up-to-date: /home/sanmaster/onshape-to-robot-tutorial/delta_robot_min_ws/install/more_interfaces/share/more_interfaces/environment/path.sh
[0.607s] -- Up-to-date: /home/sanmaster/onshape-to-robot-tutorial/delta_robot_min_ws/install/more_interfaces/share/more_interfaces/environment/path.dsv
[0.607s] -- Up-to-date: /home/sanmaster/onshape-to-robot-tutorial/delta_robot_min_ws/install/more_interfaces/share/more_interfaces/local_setup.bash
[0.607s] -- Up-to-date: /home/sanmaster/onshape-to-robot-tutorial/delta_robot_min_ws/install/more_interfaces/share/more_interfaces/local_setup.sh
[0.607s] -- Up-to-date: /home/sanmaster/onshape-to-robot-tutorial/delta_robot_min_ws/install/more_interfaces/share/more_interfaces/local_setup.zsh
[0.607s] -- Up-to-date: /home/sanmaster/onshape-to-robot-tutorial/delta_robot_min_ws/install/more_interfaces/share/more_interfaces/local_setup.dsv
[0.608s] -- Installing: /home/sanmaster/onshape-to-robot-tutorial/delta_robot_min_ws/install/more_interfaces/share/more_interfaces/package.dsv
[0.608s] -- Up-to-date: /home/sanmaster/onshape-to-robot-tutorial/delta_robot_min_ws/install/more_interfaces/share/ament_index/resource_index/packages/more_interfaces
[0.608s] -- Up-to-date: /home/sanmaster/onshape-to-robot-tutorial/delta_robot_min_ws/install/more_interfaces/share/more_interfaces/cmake/export_more_interfaces__rosidl_generator_cExport.cmake
[0.608s] -- Up-to-date: /home/sanmaster/onshape-to-robot-tutorial/delta_robot_min_ws/install/more_interfaces/share/more_interfaces/cmake/export_more_interfaces__rosidl_generator_cExport-noconfig.cmake
[0.608s] -- Up-to-date: /home/sanmaster/onshape-to-robot-tutorial/delta_robot_min_ws/install/more_interfaces/share/more_interfaces/cmake/export_more_interfaces__rosidl_typesupport_fastrtps_cExport.cmake
[0.608s] -- Up-to-date: /home/sanmaster/onshape-to-robot-tutorial/delta_robot_min_ws/install/more_interfaces/share/more_interfaces/cmake/export_more_interfaces__rosidl_typesupport_fastrtps_cExport-noconfig.cmake
[0.608s] -- Up-to-date: /home/sanmaster/onshape-to-robot-tutorial/delta_robot_min_ws/install/more_interfaces/share/more_interfaces/cmake/more_interfaces__rosidl_typesupport_introspection_cExport.cmake
[0.609s] -- Up-to-date: /home/sanmaster/onshape-to-robot-tutorial/delta_robot_min_ws/install/more_interfaces/share/more_interfaces/cmake/more_interfaces__rosidl_typesupport_introspection_cExport-noconfig.cmake
[0.609s] -- Up-to-date: /home/sanmaster/onshape-to-robot-tutorial/delta_robot_min_ws/install/more_interfaces/share/more_interfaces/cmake/more_interfaces__rosidl_typesupport_cExport.cmake
[0.609s] -- Up-to-date: /home/sanmaster/onshape-to-robot-tutorial/delta_robot_min_ws/install/more_interfaces/share/more_interfaces/cmake/more_interfaces__rosidl_typesupport_cExport-noconfig.cmake
[0.609s] -- Up-to-date: /home/sanmaster/onshape-to-robot-tutorial/delta_robot_min_ws/install/more_interfaces/share/more_interfaces/cmake/export_more_interfaces__rosidl_generator_cppExport.cmake
[0.609s] -- Up-to-date: /home/sanmaster/onshape-to-robot-tutorial/delta_robot_min_ws/install/more_interfaces/share/more_interfaces/cmake/export_more_interfaces__rosidl_typesupport_fastrtps_cppExport.cmake
[0.609s] -- Up-to-date: /home/sanmaster/onshape-to-robot-tutorial/delta_robot_min_ws/install/more_interfaces/share/more_interfaces/cmake/export_more_interfaces__rosidl_typesupport_fastrtps_cppExport-noconfig.cmake
[0.609s] -- Up-to-date: /home/sanmaster/onshape-to-robot-tutorial/delta_robot_min_ws/install/more_interfaces/share/more_interfaces/cmake/more_interfaces__rosidl_typesupport_introspection_cppExport.cmake
[0.609s] -- Up-to-date: /home/sanmaster/onshape-to-robot-tutorial/delta_robot_min_ws/install/more_interfaces/share/more_interfaces/cmake/more_interfaces__rosidl_typesupport_introspection_cppExport-noconfig.cmake
[0.610s] -- Up-to-date: /home/sanmaster/onshape-to-robot-tutorial/delta_robot_min_ws/install/more_interfaces/share/more_interfaces/cmake/more_interfaces__rosidl_typesupport_cppExport.cmake
[0.610s] -- Up-to-date: /home/sanmaster/onshape-to-robot-tutorial/delta_robot_min_ws/install/more_interfaces/share/more_interfaces/cmake/more_interfaces__rosidl_typesupport_cppExport-noconfig.cmake
[0.610s] -- Up-to-date: /home/sanmaster/onshape-to-robot-tutorial/delta_robot_min_ws/install/more_interfaces/share/more_interfaces/cmake/export_more_interfaces__rosidl_generator_pyExport.cmake
[0.611s] -- Up-to-date: /home/sanmaster/onshape-to-robot-tutorial/delta_robot_min_ws/install/more_interfaces/share/more_interfaces/cmake/export_more_interfaces__rosidl_generator_pyExport-noconfig.cmake
[0.611s] -- Up-to-date: /home/sanmaster/onshape-to-robot-tutorial/delta_robot_min_ws/install/more_interfaces/share/more_interfaces/cmake/rosidl_cmake-extras.cmake
[0.612s] -- Up-to-date: /home/sanmaster/onshape-to-robot-tutorial/delta_robot_min_ws/install/more_interfaces/share/more_interfaces/cmake/ament_cmake_export_dependencies-extras.cmake
[0.612s] -- Up-to-date: /home/sanmaster/onshape-to-robot-tutorial/delta_robot_min_ws/install/more_interfaces/share/more_interfaces/cmake/ament_cmake_export_include_directories-extras.cmake
[0.612s] -- Up-to-date: /home/sanmaster/onshape-to-robot-tutorial/delta_robot_min_ws/install/more_interfaces/share/more_interfaces/cmake/ament_cmake_export_libraries-extras.cmake
[0.612s] -- Up-to-date: /home/sanmaster/onshape-to-robot-tutorial/delta_robot_min_ws/install/more_interfaces/share/more_interfaces/cmake/ament_cmake_export_targets-extras.cmake
[0.612s] -- Up-to-date: /home/sanmaster/onshape-to-robot-tutorial/delta_robot_min_ws/install/more_interfaces/share/more_interfaces/cmake/rosidl_cmake_export_typesupport_targets-extras.cmake
[0.613s] -- Up-to-date: /home/sanmaster/onshape-to-robot-tutorial/delta_robot_min_ws/install/more_interfaces/share/more_interfaces/cmake/rosidl_cmake_export_typesupport_libraries-extras.cmake
[0.613s] -- Up-to-date: /home/sanmaster/onshape-to-robot-tutorial/delta_robot_min_ws/install/more_interfaces/share/more_interfaces/cmake/more_interfacesConfig.cmake
[0.613s] -- Up-to-date: /home/sanmaster/onshape-to-robot-tutorial/delta_robot_min_ws/install/more_interfaces/share/more_interfaces/cmake/more_interfacesConfig-version.cmake
[0.613s] -- Up-to-date: /home/sanmaster/onshape-to-robot-tutorial/delta_robot_min_ws/install/more_interfaces/share/more_interfaces/package.xml
[0.614s] Invoked command in '/home/sanmaster/onshape-to-robot-tutorial/delta_robot_min_ws/build/more_interfaces' returned '0': CMAKE_PREFIX_PATH=/opt/ros/iron /usr/bin/cmake --install /home/sanmaster/onshape-to-robot-tutorial/delta_robot_min_ws/build/more_interfaces
