[0.010s] Invoking command in '/home/sanmaster/onshape-to-robot-tutorial/delta_robot_min_ws/src/build/more_interfaces': CMAKE_PREFIX_PATH=/opt/ros/iron /usr/bin/cmake /home/sanmaster/onshape-to-robot-tutorial/delta_robot_min_ws/src/more_interfaces -DCMAKE_INSTALL_PREFIX=/home/sanmaster/onshape-to-robot-tutorial/delta_robot_min_ws/src/install/more_interfaces
[0.057s] -- The C compiler identification is GNU 11.4.0
[0.107s] -- The CXX compiler identification is GNU 11.4.0
[0.113s] -- Detecting C compiler ABI info
[0.174s] -- Detecting C compiler ABI info - done
[0.181s] -- Check for working C compiler: /usr/bin/cc - skipped
[0.181s] -- Detecting C compile features
[0.181s] -- Detecting C compile features - done
[0.184s] -- Detecting CXX compiler ABI info
[0.255s] -- Detecting CXX compiler ABI info - done
[0.262s] -- Check for working CXX compiler: /usr/bin/c++ - skipped
[0.262s] -- Detecting CXX compile features
[0.263s] -- Detecting CXX compile features - done
[0.265s] -- Found ament_cmake: 2.0.4 (/opt/ros/iron/share/ament_cmake/cmake)
[0.423s] -- Found Python3: /usr/bin/python3.10 (found version "3.10.12") found components: Interpreter 
[0.510s] -- Found rosidl_default_generators: 1.5.0 (/opt/ros/iron/share/rosidl_default_generators/cmake)
[0.517s] -- Using all available rosidl_typesupport_c: rosidl_typesupport_fastrtps_c;rosidl_typesupport_introspection_c
[0.571s] -- Using all available rosidl_typesupport_cpp: rosidl_typesupport_fastrtps_cpp;rosidl_typesupport_introspection_cpp
[0.621s] -- Found rosidl_adapter: 4.0.1 (/opt/ros/iron/share/rosidl_adapter/cmake)
[1.000s] -- Found ament_cmake_ros: 0.11.2 (/opt/ros/iron/share/ament_cmake_ros/cmake)
[1.176s] -- Using all available rosidl_typesupport_c: rosidl_typesupport_fastrtps_c;rosidl_typesupport_introspection_c
[1.407s] -- Using all available rosidl_typesupport_cpp: rosidl_typesupport_fastrtps_cpp;rosidl_typesupport_introspection_cpp
[1.429s] -- Found PythonInterp: /usr/bin/python3 (found suitable version "3.10.12", minimum required is "3.6") 
[1.432s] -- Found python_cmake_module: 0.10.2 (/opt/ros/iron/share/python_cmake_module/cmake)
[1.459s] -- Found PythonLibs: /usr/lib/x86_64-linux-gnu/libpython3.10.so (found suitable version "3.10.12", minimum required is "3.5") 
[1.459s] -- Using PYTHON_EXECUTABLE: /usr/bin/python3
[1.459s] -- Using PYTHON_INCLUDE_DIRS: /usr/include/python3.10
[1.459s] -- Using PYTHON_LIBRARIES: /usr/lib/x86_64-linux-gnu/libpython3.10.so
[1.479s] -- Found PythonExtra: .so  
[1.515s] -- Found ament_lint_auto: 0.14.3 (/opt/ros/iron/share/ament_lint_auto/cmake)
[1.537s] -- Added test 'lint_cmake' to check CMake code style
[1.538s] -- Added test 'xmllint' to check XML markup files
[1.541s] -- Configuring done
[1.576s] -- Generating done
[1.579s] -- Build files have been written to: /home/sanmaster/onshape-to-robot-tutorial/delta_robot_min_ws/src/build/more_interfaces
[1.585s] Invoked command in '/home/sanmaster/onshape-to-robot-tutorial/delta_robot_min_ws/src/build/more_interfaces' returned '0': CMAKE_PREFIX_PATH=/opt/ros/iron /usr/bin/cmake /home/sanmaster/onshape-to-robot-tutorial/delta_robot_min_ws/src/more_interfaces -DCMAKE_INSTALL_PREFIX=/home/sanmaster/onshape-to-robot-tutorial/delta_robot_min_ws/src/install/more_interfaces
[1.587s] Invoking command in '/home/sanmaster/onshape-to-robot-tutorial/delta_robot_min_ws/src/build/more_interfaces': CMAKE_PREFIX_PATH=/opt/ros/iron /usr/bin/cmake --build /home/sanmaster/onshape-to-robot-tutorial/delta_robot_min_ws/src/build/more_interfaces -- -j12 -l12
[1.631s] [  2%] [34m[1mGenerating type hashes for ROS interfaces[0m
[1.639s] [  2%] Built target ament_cmake_python_copy_more_interfaces
[1.835s] [  2%] Built target more_interfaces__rosidl_generator_type_description
[1.848s] [  5%] [34m[1mGenerating C code for ROS interfaces[0m
[1.859s] [  8%] [34m[1mGenerating C++ code for ROS interfaces[0m
[1.963s] running egg_info
[1.964s] creating more_interfaces.egg-info
[1.964s] writing more_interfaces.egg-info/PKG-INFO
[1.964s] writing dependency_links to more_interfaces.egg-info/dependency_links.txt
[1.965s] writing top-level names to more_interfaces.egg-info/top_level.txt
[1.965s] writing manifest file 'more_interfaces.egg-info/SOURCES.txt'
[1.968s] reading manifest file 'more_interfaces.egg-info/SOURCES.txt'
[1.969s] writing manifest file 'more_interfaces.egg-info/SOURCES.txt'
[1.999s] [  8%] Built target ament_cmake_python_build_more_interfaces_egg
[2.198s] [  8%] Built target more_interfaces__cpp
[2.236s] [ 14%] [32mBuilding C object CMakeFiles/more_interfaces__rosidl_generator_c.dir/rosidl_generator_c/more_interfaces/srv/detail/delta_theta__description.c.o[0m
[2.236s] [ 17%] [32mBuilding C object CMakeFiles/more_interfaces__rosidl_generator_c.dir/rosidl_generator_c/more_interfaces/srv/detail/delta_theta__type_support.c.o[0m
[2.236s] [ 14%] [32mBuilding C object CMakeFiles/more_interfaces__rosidl_generator_c.dir/rosidl_generator_c/more_interfaces/srv/detail/delta_theta__functions.c.o[0m
[2.316s] [ 20%] [32m[1mLinking C shared library libmore_interfaces__rosidl_generator_c.so[0m
[2.350s] [ 20%] Built target more_interfaces__rosidl_generator_c
[2.359s] [ 23%] [34m[1mGenerating C type support for eProsima Fast-RTPS[0m
[2.359s] [ 26%] [34m[1mGenerating C introspection for ROS interfaces[0m
[2.360s] [ 29%] [34m[1mGenerating C++ type support for eProsima Fast-RTPS[0m
[2.360s] [ 32%] [34m[1mGenerating C++ type support dispatch for ROS interfaces[0m
[2.360s] [ 35%] [34m[1mGenerating C++ introspection for ROS interfaces[0m
[2.361s] [ 38%] [34m[1mGenerating C type support dispatch for ROS interfaces[0m
[2.695s] [ 41%] [32mBuilding CXX object CMakeFiles/more_interfaces__rosidl_typesupport_cpp.dir/rosidl_typesupport_cpp/more_interfaces/srv/delta_theta__type_support.cpp.o[0m
[2.758s] [ 44%] [32mBuilding C object CMakeFiles/more_interfaces__rosidl_typesupport_introspection_c.dir/rosidl_typesupport_introspection_c/more_interfaces/srv/detail/delta_theta__type_support.c.o[0m
[2.772s] [ 47%] [32mBuilding CXX object CMakeFiles/more_interfaces__rosidl_typesupport_fastrtps_c.dir/rosidl_typesupport_fastrtps_c/more_interfaces/srv/detail/delta_theta__type_support_c.cpp.o[0m
[2.780s] [ 50%] [32mBuilding CXX object CMakeFiles/more_interfaces__rosidl_typesupport_fastrtps_cpp.dir/rosidl_typesupport_fastrtps_cpp/more_interfaces/srv/detail/dds_fastrtps/delta_theta__type_support.cpp.o[0m
[2.830s] [ 52%] [32m[1mLinking C shared library libmore_interfaces__rosidl_typesupport_introspection_c.so[0m
[2.877s] [ 52%] Built target more_interfaces__rosidl_typesupport_introspection_c
[2.930s] [ 55%] [32mBuilding CXX object CMakeFiles/more_interfaces__rosidl_typesupport_c.dir/rosidl_typesupport_c/more_interfaces/srv/delta_theta__type_support.cpp.o[0m
[2.977s] [ 58%] [32mBuilding CXX object CMakeFiles/more_interfaces__rosidl_typesupport_introspection_cpp.dir/rosidl_typesupport_introspection_cpp/more_interfaces/srv/detail/delta_theta__type_support.cpp.o[0m
[2.990s] [ 61%] [32m[1mLinking CXX shared library libmore_interfaces__rosidl_typesupport_c.so[0m
[3.057s] [ 61%] Built target more_interfaces__rosidl_typesupport_c
[3.309s] [ 64%] [32m[1mLinking CXX shared library libmore_interfaces__rosidl_typesupport_fastrtps_c.so[0m
[3.412s] [ 67%] [32m[1mLinking CXX shared library libmore_interfaces__rosidl_typesupport_cpp.so[0m
[3.431s] [ 67%] Built target more_interfaces__rosidl_typesupport_fastrtps_c
[3.538s] [ 67%] Built target more_interfaces__rosidl_typesupport_cpp
[3.704s] [ 70%] [32m[1mLinking CXX shared library libmore_interfaces__rosidl_typesupport_fastrtps_cpp.so[0m
[3.749s] [ 73%] [32m[1mLinking CXX shared library libmore_interfaces__rosidl_typesupport_introspection_cpp.so[0m
[3.808s] [ 73%] Built target more_interfaces__rosidl_typesupport_fastrtps_cpp
[3.850s] [ 73%] Built target more_interfaces__rosidl_typesupport_introspection_cpp
[3.874s] [ 73%] Built target more_interfaces
[3.898s] [ 76%] [34m[1mGenerating Python code for ROS interfaces[0m
[4.391s] [ 76%] Built target more_interfaces__py
[4.410s] [ 79%] [32mBuilding C object CMakeFiles/more_interfaces__rosidl_generator_py.dir/rosidl_generator_py/more_interfaces/srv/_delta_theta_s.c.o[0m
[4.546s] [ 82%] [32m[1mLinking C shared library rosidl_generator_py/more_interfaces/libmore_interfaces__rosidl_generator_py.so[0m
[4.584s] [ 82%] Built target more_interfaces__rosidl_generator_py
[4.603s] [ 91%] [32mBuilding C object CMakeFiles/more_interfaces__rosidl_typesupport_c__pyext.dir/rosidl_generator_py/more_interfaces/_more_interfaces_s.ep.rosidl_typesupport_c.c.o[0m
[4.603s] [ 91%] [32mBuilding C object CMakeFiles/more_interfaces__rosidl_typesupport_fastrtps_c__pyext.dir/rosidl_generator_py/more_interfaces/_more_interfaces_s.ep.rosidl_typesupport_fastrtps_c.c.o[0m
[4.603s] [ 91%] [32mBuilding C object CMakeFiles/more_interfaces__rosidl_typesupport_introspection_c__pyext.dir/rosidl_generator_py/more_interfaces/_more_interfaces_s.ep.rosidl_typesupport_introspection_c.c.o[0m
[4.738s] [100%] [32m[1mLinking C shared library rosidl_generator_py/more_interfaces/more_interfaces_s__rosidl_typesupport_c.cpython-310-x86_64-linux-gnu.so[0m
[4.738s] [100%] [32m[1mLinking C shared library rosidl_generator_py/more_interfaces/more_interfaces_s__rosidl_typesupport_fastrtps_c.cpython-310-x86_64-linux-gnu.so[0m
[4.738s] [100%] [32m[1mLinking C shared library rosidl_generator_py/more_interfaces/more_interfaces_s__rosidl_typesupport_introspection_c.cpython-310-x86_64-linux-gnu.so[0m
[4.783s] [100%] Built target more_interfaces__rosidl_typesupport_fastrtps_c__pyext
[4.783s] [100%] Built target more_interfaces__rosidl_typesupport_introspection_c__pyext
[4.783s] [100%] Built target more_interfaces__rosidl_typesupport_c__pyext
[4.794s] Invoked command in '/home/sanmaster/onshape-to-robot-tutorial/delta_robot_min_ws/src/build/more_interfaces' returned '0': CMAKE_PREFIX_PATH=/opt/ros/iron /usr/bin/cmake --build /home/sanmaster/onshape-to-robot-tutorial/delta_robot_min_ws/src/build/more_interfaces -- -j12 -l12
[4.866s] Invoking command in '/home/sanmaster/onshape-to-robot-tutorial/delta_robot_min_ws/src/build/more_interfaces': CMAKE_PREFIX_PATH=/opt/ros/iron /usr/bin/cmake --install /home/sanmaster/onshape-to-robot-tutorial/delta_robot_min_ws/src/build/more_interfaces
[4.873s] -- Install configuration: ""
[4.873s] -- Installing: /home/sanmaster/onshape-to-robot-tutorial/delta_robot_min_ws/src/install/more_interfaces/share/ament_index/resource_index/rosidl_interfaces/more_interfaces
[4.874s] -- Installing: /home/sanmaster/onshape-to-robot-tutorial/delta_robot_min_ws/src/install/more_interfaces/share/more_interfaces/srv/DeltaTheta.json
[4.874s] -- Installing: /home/sanmaster/onshape-to-robot-tutorial/delta_robot_min_ws/src/install/more_interfaces/include/more_interfaces/more_interfaces
[4.874s] -- Installing: /home/sanmaster/onshape-to-robot-tutorial/delta_robot_min_ws/src/install/more_interfaces/include/more_interfaces/more_interfaces/srv
[4.874s] -- Installing: /home/sanmaster/onshape-to-robot-tutorial/delta_robot_min_ws/src/install/more_interfaces/include/more_interfaces/more_interfaces/srv/delta_theta.h
[4.874s] -- Installing: /home/sanmaster/onshape-to-robot-tutorial/delta_robot_min_ws/src/install/more_interfaces/include/more_interfaces/more_interfaces/srv/detail
[4.874s] -- Installing: /home/sanmaster/onshape-to-robot-tutorial/delta_robot_min_ws/src/install/more_interfaces/include/more_interfaces/more_interfaces/srv/detail/delta_theta__struct.h
[4.874s] -- Installing: /home/sanmaster/onshape-to-robot-tutorial/delta_robot_min_ws/src/install/more_interfaces/include/more_interfaces/more_interfaces/srv/detail/delta_theta__type_support.h
[4.874s] -- Installing: /home/sanmaster/onshape-to-robot-tutorial/delta_robot_min_ws/src/install/more_interfaces/include/more_interfaces/more_interfaces/srv/detail/delta_theta__description.c
[4.874s] -- Installing: /home/sanmaster/onshape-to-robot-tutorial/delta_robot_min_ws/src/install/more_interfaces/include/more_interfaces/more_interfaces/srv/detail/delta_theta__functions.h
[4.874s] -- Installing: /home/sanmaster/onshape-to-robot-tutorial/delta_robot_min_ws/src/install/more_interfaces/include/more_interfaces/more_interfaces/srv/detail/delta_theta__functions.c
[4.875s] -- Installing: /home/sanmaster/onshape-to-robot-tutorial/delta_robot_min_ws/src/install/more_interfaces/include/more_interfaces/more_interfaces/srv/detail/delta_theta__type_support.c
[4.875s] -- Installing: /home/sanmaster/onshape-to-robot-tutorial/delta_robot_min_ws/src/install/more_interfaces/include/more_interfaces/more_interfaces/msg
[4.875s] -- Installing: /home/sanmaster/onshape-to-robot-tutorial/delta_robot_min_ws/src/install/more_interfaces/include/more_interfaces/more_interfaces/msg/rosidl_generator_c__visibility_control.h
[4.875s] -- Installing: /home/sanmaster/onshape-to-robot-tutorial/delta_robot_min_ws/src/install/more_interfaces/share/more_interfaces/environment/library_path.sh
[4.875s] -- Installing: /home/sanmaster/onshape-to-robot-tutorial/delta_robot_min_ws/src/install/more_interfaces/share/more_interfaces/environment/library_path.dsv
[4.875s] -- Installing: /home/sanmaster/onshape-to-robot-tutorial/delta_robot_min_ws/src/install/more_interfaces/lib/libmore_interfaces__rosidl_generator_c.so
[4.876s] -- Set runtime path of "/home/sanmaster/onshape-to-robot-tutorial/delta_robot_min_ws/src/install/more_interfaces/lib/libmore_interfaces__rosidl_generator_c.so" to ""
[4.876s] -- Up-to-date: /home/sanmaster/onshape-to-robot-tutorial/delta_robot_min_ws/src/install/more_interfaces/include/more_interfaces/more_interfaces
[4.876s] -- Up-to-date: /home/sanmaster/onshape-to-robot-tutorial/delta_robot_min_ws/src/install/more_interfaces/include/more_interfaces/more_interfaces/srv
[4.876s] -- Up-to-date: /home/sanmaster/onshape-to-robot-tutorial/delta_robot_min_ws/src/install/more_interfaces/include/more_interfaces/more_interfaces/srv/detail
[4.876s] -- Installing: /home/sanmaster/onshape-to-robot-tutorial/delta_robot_min_ws/src/install/more_interfaces/include/more_interfaces/more_interfaces/srv/detail/delta_theta__rosidl_typesupport_fastrtps_c.h
[4.876s] -- Up-to-date: /home/sanmaster/onshape-to-robot-tutorial/delta_robot_min_ws/src/install/more_interfaces/include/more_interfaces/more_interfaces/msg
[4.876s] -- Installing: /home/sanmaster/onshape-to-robot-tutorial/delta_robot_min_ws/src/install/more_interfaces/include/more_interfaces/more_interfaces/msg/rosidl_typesupport_fastrtps_c__visibility_control.h
[4.876s] -- Installing: /home/sanmaster/onshape-to-robot-tutorial/delta_robot_min_ws/src/install/more_interfaces/lib/libmore_interfaces__rosidl_typesupport_fastrtps_c.so
[4.877s] -- Set runtime path of "/home/sanmaster/onshape-to-robot-tutorial/delta_robot_min_ws/src/install/more_interfaces/lib/libmore_interfaces__rosidl_typesupport_fastrtps_c.so" to ""
[4.877s] -- Up-to-date: /home/sanmaster/onshape-to-robot-tutorial/delta_robot_min_ws/src/install/more_interfaces/include/more_interfaces/more_interfaces
[4.877s] -- Up-to-date: /home/sanmaster/onshape-to-robot-tutorial/delta_robot_min_ws/src/install/more_interfaces/include/more_interfaces/more_interfaces/srv
[4.877s] -- Up-to-date: /home/sanmaster/onshape-to-robot-tutorial/delta_robot_min_ws/src/install/more_interfaces/include/more_interfaces/more_interfaces/srv/detail
[4.877s] -- Installing: /home/sanmaster/onshape-to-robot-tutorial/delta_robot_min_ws/src/install/more_interfaces/include/more_interfaces/more_interfaces/srv/detail/delta_theta__rosidl_typesupport_introspection_c.h
[4.877s] -- Up-to-date: /home/sanmaster/onshape-to-robot-tutorial/delta_robot_min_ws/src/install/more_interfaces/include/more_interfaces/more_interfaces/srv/detail/delta_theta__type_support.c
[4.877s] -- Up-to-date: /home/sanmaster/onshape-to-robot-tutorial/delta_robot_min_ws/src/install/more_interfaces/include/more_interfaces/more_interfaces/msg
[4.877s] -- Installing: /home/sanmaster/onshape-to-robot-tutorial/delta_robot_min_ws/src/install/more_interfaces/include/more_interfaces/more_interfaces/msg/rosidl_typesupport_introspection_c__visibility_control.h
[4.877s] -- Installing: /home/sanmaster/onshape-to-robot-tutorial/delta_robot_min_ws/src/install/more_interfaces/lib/libmore_interfaces__rosidl_typesupport_introspection_c.so
[4.877s] -- Set runtime path of "/home/sanmaster/onshape-to-robot-tutorial/delta_robot_min_ws/src/install/more_interfaces/lib/libmore_interfaces__rosidl_typesupport_introspection_c.so" to ""
[4.877s] -- Installing: /home/sanmaster/onshape-to-robot-tutorial/delta_robot_min_ws/src/install/more_interfaces/lib/libmore_interfaces__rosidl_typesupport_c.so
[4.878s] -- Set runtime path of "/home/sanmaster/onshape-to-robot-tutorial/delta_robot_min_ws/src/install/more_interfaces/lib/libmore_interfaces__rosidl_typesupport_c.so" to ""
[4.878s] -- Up-to-date: /home/sanmaster/onshape-to-robot-tutorial/delta_robot_min_ws/src/install/more_interfaces/include/more_interfaces/more_interfaces
[4.878s] -- Up-to-date: /home/sanmaster/onshape-to-robot-tutorial/delta_robot_min_ws/src/install/more_interfaces/include/more_interfaces/more_interfaces/srv
[4.878s] -- Up-to-date: /home/sanmaster/onshape-to-robot-tutorial/delta_robot_min_ws/src/install/more_interfaces/include/more_interfaces/more_interfaces/srv/detail
[4.878s] -- Installing: /home/sanmaster/onshape-to-robot-tutorial/delta_robot_min_ws/src/install/more_interfaces/include/more_interfaces/more_interfaces/srv/detail/delta_theta__struct.hpp
[4.878s] -- Installing: /home/sanmaster/onshape-to-robot-tutorial/delta_robot_min_ws/src/install/more_interfaces/include/more_interfaces/more_interfaces/srv/detail/delta_theta__builder.hpp
[4.878s] -- Installing: /home/sanmaster/onshape-to-robot-tutorial/delta_robot_min_ws/src/install/more_interfaces/include/more_interfaces/more_interfaces/srv/detail/delta_theta__traits.hpp
[4.878s] -- Installing: /home/sanmaster/onshape-to-robot-tutorial/delta_robot_min_ws/src/install/more_interfaces/include/more_interfaces/more_interfaces/srv/delta_theta.hpp
[4.878s] -- Up-to-date: /home/sanmaster/onshape-to-robot-tutorial/delta_robot_min_ws/src/install/more_interfaces/include/more_interfaces/more_interfaces
[4.878s] -- Up-to-date: /home/sanmaster/onshape-to-robot-tutorial/delta_robot_min_ws/src/install/more_interfaces/include/more_interfaces/more_interfaces/srv
[4.878s] -- Up-to-date: /home/sanmaster/onshape-to-robot-tutorial/delta_robot_min_ws/src/install/more_interfaces/include/more_interfaces/more_interfaces/srv/detail
[4.879s] -- Installing: /home/sanmaster/onshape-to-robot-tutorial/delta_robot_min_ws/src/install/more_interfaces/include/more_interfaces/more_interfaces/srv/detail/delta_theta__rosidl_typesupport_fastrtps_cpp.hpp
[4.879s] -- Installing: /home/sanmaster/onshape-to-robot-tutorial/delta_robot_min_ws/src/install/more_interfaces/include/more_interfaces/more_interfaces/srv/detail/dds_fastrtps
[4.879s] -- Up-to-date: /home/sanmaster/onshape-to-robot-tutorial/delta_robot_min_ws/src/install/more_interfaces/include/more_interfaces/more_interfaces/msg
[4.879s] -- Installing: /home/sanmaster/onshape-to-robot-tutorial/delta_robot_min_ws/src/install/more_interfaces/include/more_interfaces/more_interfaces/msg/rosidl_typesupport_fastrtps_cpp__visibility_control.h
[4.879s] -- Installing: /home/sanmaster/onshape-to-robot-tutorial/delta_robot_min_ws/src/install/more_interfaces/lib/libmore_interfaces__rosidl_typesupport_fastrtps_cpp.so
[4.879s] -- Set runtime path of "/home/sanmaster/onshape-to-robot-tutorial/delta_robot_min_ws/src/install/more_interfaces/lib/libmore_interfaces__rosidl_typesupport_fastrtps_cpp.so" to ""
[4.879s] -- Up-to-date: /home/sanmaster/onshape-to-robot-tutorial/delta_robot_min_ws/src/install/more_interfaces/include/more_interfaces/more_interfaces
[4.879s] -- Up-to-date: /home/sanmaster/onshape-to-robot-tutorial/delta_robot_min_ws/src/install/more_interfaces/include/more_interfaces/more_interfaces/srv
[4.880s] -- Up-to-date: /home/sanmaster/onshape-to-robot-tutorial/delta_robot_min_ws/src/install/more_interfaces/include/more_interfaces/more_interfaces/srv/detail
[4.880s] -- Installing: /home/sanmaster/onshape-to-robot-tutorial/delta_robot_min_ws/src/install/more_interfaces/include/more_interfaces/more_interfaces/srv/detail/delta_theta__rosidl_typesupport_introspection_cpp.hpp
[4.880s] -- Installing: /home/sanmaster/onshape-to-robot-tutorial/delta_robot_min_ws/src/install/more_interfaces/include/more_interfaces/more_interfaces/srv/detail/delta_theta__type_support.cpp
[4.880s] -- Installing: /home/sanmaster/onshape-to-robot-tutorial/delta_robot_min_ws/src/install/more_interfaces/lib/libmore_interfaces__rosidl_typesupport_introspection_cpp.so
[4.880s] -- Set runtime path of "/home/sanmaster/onshape-to-robot-tutorial/delta_robot_min_ws/src/install/more_interfaces/lib/libmore_interfaces__rosidl_typesupport_introspection_cpp.so" to ""
[4.880s] -- Installing: /home/sanmaster/onshape-to-robot-tutorial/delta_robot_min_ws/src/install/more_interfaces/lib/libmore_interfaces__rosidl_typesupport_cpp.so
[4.881s] -- Set runtime path of "/home/sanmaster/onshape-to-robot-tutorial/delta_robot_min_ws/src/install/more_interfaces/lib/libmore_interfaces__rosidl_typesupport_cpp.so" to ""
[4.881s] -- Installing: /home/sanmaster/onshape-to-robot-tutorial/delta_robot_min_ws/src/install/more_interfaces/share/more_interfaces/environment/pythonpath.sh
[4.881s] -- Installing: /home/sanmaster/onshape-to-robot-tutorial/delta_robot_min_ws/src/install/more_interfaces/share/more_interfaces/environment/pythonpath.dsv
[4.881s] -- Installing: /home/sanmaster/onshape-to-robot-tutorial/delta_robot_min_ws/src/install/more_interfaces/lib/python3.10/site-packages/more_interfaces-0.0.0-py3.10.egg-info
[4.881s] -- Installing: /home/sanmaster/onshape-to-robot-tutorial/delta_robot_min_ws/src/install/more_interfaces/lib/python3.10/site-packages/more_interfaces-0.0.0-py3.10.egg-info/PKG-INFO
[4.881s] -- Installing: /home/sanmaster/onshape-to-robot-tutorial/delta_robot_min_ws/src/install/more_interfaces/lib/python3.10/site-packages/more_interfaces-0.0.0-py3.10.egg-info/SOURCES.txt
[4.882s] -- Installing: /home/sanmaster/onshape-to-robot-tutorial/delta_robot_min_ws/src/install/more_interfaces/lib/python3.10/site-packages/more_interfaces-0.0.0-py3.10.egg-info/dependency_links.txt
[4.882s] -- Installing: /home/sanmaster/onshape-to-robot-tutorial/delta_robot_min_ws/src/install/more_interfaces/lib/python3.10/site-packages/more_interfaces-0.0.0-py3.10.egg-info/top_level.txt
[4.882s] -- Installing: /home/sanmaster/onshape-to-robot-tutorial/delta_robot_min_ws/src/install/more_interfaces/lib/python3.10/site-packages/more_interfaces
[4.882s] -- Installing: /home/sanmaster/onshape-to-robot-tutorial/delta_robot_min_ws/src/install/more_interfaces/lib/python3.10/site-packages/more_interfaces/more_interfaces_s__rosidl_typesupport_fastrtps_c.cpython-310-x86_64-linux-gnu.so
[4.882s] -- Installing: /home/sanmaster/onshape-to-robot-tutorial/delta_robot_min_ws/src/install/more_interfaces/lib/python3.10/site-packages/more_interfaces/_more_interfaces_s.ep.rosidl_typesupport_c.c
[4.882s] -- Installing: /home/sanmaster/onshape-to-robot-tutorial/delta_robot_min_ws/src/install/more_interfaces/lib/python3.10/site-packages/more_interfaces/srv
[4.882s] -- Installing: /home/sanmaster/onshape-to-robot-tutorial/delta_robot_min_ws/src/install/more_interfaces/lib/python3.10/site-packages/more_interfaces/srv/_delta_theta_s.c
[4.882s] -- Installing: /home/sanmaster/onshape-to-robot-tutorial/delta_robot_min_ws/src/install/more_interfaces/lib/python3.10/site-packages/more_interfaces/srv/__init__.py
[4.883s] -- Installing: /home/sanmaster/onshape-to-robot-tutorial/delta_robot_min_ws/src/install/more_interfaces/lib/python3.10/site-packages/more_interfaces/srv/_delta_theta.py
[4.883s] -- Installing: /home/sanmaster/onshape-to-robot-tutorial/delta_robot_min_ws/src/install/more_interfaces/lib/python3.10/site-packages/more_interfaces/more_interfaces_s__rosidl_typesupport_c.cpython-310-x86_64-linux-gnu.so
[4.883s] -- Installing: /home/sanmaster/onshape-to-robot-tutorial/delta_robot_min_ws/src/install/more_interfaces/lib/python3.10/site-packages/more_interfaces/__init__.py
[4.883s] -- Installing: /home/sanmaster/onshape-to-robot-tutorial/delta_robot_min_ws/src/install/more_interfaces/lib/python3.10/site-packages/more_interfaces/libmore_interfaces__rosidl_generator_py.so
[4.883s] -- Installing: /home/sanmaster/onshape-to-robot-tutorial/delta_robot_min_ws/src/install/more_interfaces/lib/python3.10/site-packages/more_interfaces/_more_interfaces_s.ep.rosidl_typesupport_introspection_c.c
[4.883s] -- Installing: /home/sanmaster/onshape-to-robot-tutorial/delta_robot_min_ws/src/install/more_interfaces/lib/python3.10/site-packages/more_interfaces/_more_interfaces_s.ep.rosidl_typesupport_fastrtps_c.c
[4.883s] -- Installing: /home/sanmaster/onshape-to-robot-tutorial/delta_robot_min_ws/src/install/more_interfaces/lib/python3.10/site-packages/more_interfaces/more_interfaces_s__rosidl_typesupport_introspection_c.cpython-310-x86_64-linux-gnu.so
[4.918s] Listing '/home/sanmaster/onshape-to-robot-tutorial/delta_robot_min_ws/src/install/more_interfaces/lib/python3.10/site-packages/more_interfaces'...
[4.918s] Compiling '/home/sanmaster/onshape-to-robot-tutorial/delta_robot_min_ws/src/install/more_interfaces/lib/python3.10/site-packages/more_interfaces/__init__.py'...
[4.918s] Listing '/home/sanmaster/onshape-to-robot-tutorial/delta_robot_min_ws/src/install/more_interfaces/lib/python3.10/site-packages/more_interfaces/srv'...
[4.918s] Compiling '/home/sanmaster/onshape-to-robot-tutorial/delta_robot_min_ws/src/install/more_interfaces/lib/python3.10/site-packages/more_interfaces/srv/__init__.py'...
[4.918s] Compiling '/home/sanmaster/onshape-to-robot-tutorial/delta_robot_min_ws/src/install/more_interfaces/lib/python3.10/site-packages/more_interfaces/srv/_delta_theta.py'...
[4.924s] -- Installing: /home/sanmaster/onshape-to-robot-tutorial/delta_robot_min_ws/src/install/more_interfaces/lib/python3.10/site-packages/more_interfaces/more_interfaces_s__rosidl_typesupport_fastrtps_c.cpython-310-x86_64-linux-gnu.so
[4.924s] -- Set runtime path of "/home/sanmaster/onshape-to-robot-tutorial/delta_robot_min_ws/src/install/more_interfaces/lib/python3.10/site-packages/more_interfaces/more_interfaces_s__rosidl_typesupport_fastrtps_c.cpython-310-x86_64-linux-gnu.so" to ""
[4.925s] -- Installing: /home/sanmaster/onshape-to-robot-tutorial/delta_robot_min_ws/src/install/more_interfaces/lib/python3.10/site-packages/more_interfaces/more_interfaces_s__rosidl_typesupport_introspection_c.cpython-310-x86_64-linux-gnu.so
[4.925s] -- Set runtime path of "/home/sanmaster/onshape-to-robot-tutorial/delta_robot_min_ws/src/install/more_interfaces/lib/python3.10/site-packages/more_interfaces/more_interfaces_s__rosidl_typesupport_introspection_c.cpython-310-x86_64-linux-gnu.so" to ""
[4.925s] -- Installing: /home/sanmaster/onshape-to-robot-tutorial/delta_robot_min_ws/src/install/more_interfaces/lib/python3.10/site-packages/more_interfaces/more_interfaces_s__rosidl_typesupport_c.cpython-310-x86_64-linux-gnu.so
[4.926s] -- Set runtime path of "/home/sanmaster/onshape-to-robot-tutorial/delta_robot_min_ws/src/install/more_interfaces/lib/python3.10/site-packages/more_interfaces/more_interfaces_s__rosidl_typesupport_c.cpython-310-x86_64-linux-gnu.so" to ""
[4.926s] -- Installing: /home/sanmaster/onshape-to-robot-tutorial/delta_robot_min_ws/src/install/more_interfaces/lib/libmore_interfaces__rosidl_generator_py.so
[4.926s] -- Set runtime path of "/home/sanmaster/onshape-to-robot-tutorial/delta_robot_min_ws/src/install/more_interfaces/lib/libmore_interfaces__rosidl_generator_py.so" to ""
[4.926s] -- Installing: /home/sanmaster/onshape-to-robot-tutorial/delta_robot_min_ws/src/install/more_interfaces/share/more_interfaces/srv/DeltaTheta.idl
[4.927s] -- Installing: /home/sanmaster/onshape-to-robot-tutorial/delta_robot_min_ws/src/install/more_interfaces/share/more_interfaces/srv/DeltaTheta.srv
[4.927s] -- Installing: /home/sanmaster/onshape-to-robot-tutorial/delta_robot_min_ws/src/install/more_interfaces/share/more_interfaces/srv/DeltaTheta_Request.msg
[4.927s] -- Installing: /home/sanmaster/onshape-to-robot-tutorial/delta_robot_min_ws/src/install/more_interfaces/share/more_interfaces/srv/DeltaTheta_Response.msg
[4.927s] -- Installing: /home/sanmaster/onshape-to-robot-tutorial/delta_robot_min_ws/src/install/more_interfaces/share/ament_index/resource_index/package_run_dependencies/more_interfaces
[4.927s] -- Installing: /home/sanmaster/onshape-to-robot-tutorial/delta_robot_min_ws/src/install/more_interfaces/share/ament_index/resource_index/parent_prefix_path/more_interfaces
[4.927s] -- Installing: /home/sanmaster/onshape-to-robot-tutorial/delta_robot_min_ws/src/install/more_interfaces/share/more_interfaces/environment/ament_prefix_path.sh
[4.927s] -- Installing: /home/sanmaster/onshape-to-robot-tutorial/delta_robot_min_ws/src/install/more_interfaces/share/more_interfaces/environment/ament_prefix_path.dsv
[4.928s] -- Installing: /home/sanmaster/onshape-to-robot-tutorial/delta_robot_min_ws/src/install/more_interfaces/share/more_interfaces/environment/path.sh
[4.928s] -- Installing: /home/sanmaster/onshape-to-robot-tutorial/delta_robot_min_ws/src/install/more_interfaces/share/more_interfaces/environment/path.dsv
[4.928s] -- Installing: /home/sanmaster/onshape-to-robot-tutorial/delta_robot_min_ws/src/install/more_interfaces/share/more_interfaces/local_setup.bash
[4.928s] -- Installing: /home/sanmaster/onshape-to-robot-tutorial/delta_robot_min_ws/src/install/more_interfaces/share/more_interfaces/local_setup.sh
[4.928s] -- Installing: /home/sanmaster/onshape-to-robot-tutorial/delta_robot_min_ws/src/install/more_interfaces/share/more_interfaces/local_setup.zsh
[4.928s] -- Installing: /home/sanmaster/onshape-to-robot-tutorial/delta_robot_min_ws/src/install/more_interfaces/share/more_interfaces/local_setup.dsv
[4.928s] -- Installing: /home/sanmaster/onshape-to-robot-tutorial/delta_robot_min_ws/src/install/more_interfaces/share/more_interfaces/package.dsv
[4.928s] -- Installing: /home/sanmaster/onshape-to-robot-tutorial/delta_robot_min_ws/src/install/more_interfaces/share/ament_index/resource_index/packages/more_interfaces
[4.929s] -- Installing: /home/sanmaster/onshape-to-robot-tutorial/delta_robot_min_ws/src/install/more_interfaces/share/more_interfaces/cmake/export_more_interfaces__rosidl_generator_cExport.cmake
[4.929s] -- Installing: /home/sanmaster/onshape-to-robot-tutorial/delta_robot_min_ws/src/install/more_interfaces/share/more_interfaces/cmake/export_more_interfaces__rosidl_generator_cExport-noconfig.cmake
[4.929s] -- Installing: /home/sanmaster/onshape-to-robot-tutorial/delta_robot_min_ws/src/install/more_interfaces/share/more_interfaces/cmake/export_more_interfaces__rosidl_typesupport_fastrtps_cExport.cmake
[4.929s] -- Installing: /home/sanmaster/onshape-to-robot-tutorial/delta_robot_min_ws/src/install/more_interfaces/share/more_interfaces/cmake/export_more_interfaces__rosidl_typesupport_fastrtps_cExport-noconfig.cmake
[4.929s] -- Installing: /home/sanmaster/onshape-to-robot-tutorial/delta_robot_min_ws/src/install/more_interfaces/share/more_interfaces/cmake/more_interfaces__rosidl_typesupport_introspection_cExport.cmake
[4.929s] -- Installing: /home/sanmaster/onshape-to-robot-tutorial/delta_robot_min_ws/src/install/more_interfaces/share/more_interfaces/cmake/more_interfaces__rosidl_typesupport_introspection_cExport-noconfig.cmake
[4.929s] -- Installing: /home/sanmaster/onshape-to-robot-tutorial/delta_robot_min_ws/src/install/more_interfaces/share/more_interfaces/cmake/more_interfaces__rosidl_typesupport_cExport.cmake
[4.929s] -- Installing: /home/sanmaster/onshape-to-robot-tutorial/delta_robot_min_ws/src/install/more_interfaces/share/more_interfaces/cmake/more_interfaces__rosidl_typesupport_cExport-noconfig.cmake
[4.930s] -- Installing: /home/sanmaster/onshape-to-robot-tutorial/delta_robot_min_ws/src/install/more_interfaces/share/more_interfaces/cmake/export_more_interfaces__rosidl_generator_cppExport.cmake
[4.930s] -- Installing: /home/sanmaster/onshape-to-robot-tutorial/delta_robot_min_ws/src/install/more_interfaces/share/more_interfaces/cmake/export_more_interfaces__rosidl_typesupport_fastrtps_cppExport.cmake
[4.930s] -- Installing: /home/sanmaster/onshape-to-robot-tutorial/delta_robot_min_ws/src/install/more_interfaces/share/more_interfaces/cmake/export_more_interfaces__rosidl_typesupport_fastrtps_cppExport-noconfig.cmake
[4.930s] -- Installing: /home/sanmaster/onshape-to-robot-tutorial/delta_robot_min_ws/src/install/more_interfaces/share/more_interfaces/cmake/more_interfaces__rosidl_typesupport_introspection_cppExport.cmake
[4.930s] -- Installing: /home/sanmaster/onshape-to-robot-tutorial/delta_robot_min_ws/src/install/more_interfaces/share/more_interfaces/cmake/more_interfaces__rosidl_typesupport_introspection_cppExport-noconfig.cmake
[4.930s] -- Installing: /home/sanmaster/onshape-to-robot-tutorial/delta_robot_min_ws/src/install/more_interfaces/share/more_interfaces/cmake/more_interfaces__rosidl_typesupport_cppExport.cmake
[4.931s] -- Installing: /home/sanmaster/onshape-to-robot-tutorial/delta_robot_min_ws/src/install/more_interfaces/share/more_interfaces/cmake/more_interfaces__rosidl_typesupport_cppExport-noconfig.cmake
[4.931s] -- Installing: /home/sanmaster/onshape-to-robot-tutorial/delta_robot_min_ws/src/install/more_interfaces/share/more_interfaces/cmake/export_more_interfaces__rosidl_generator_pyExport.cmake
[4.931s] -- Installing: /home/sanmaster/onshape-to-robot-tutorial/delta_robot_min_ws/src/install/more_interfaces/share/more_interfaces/cmake/export_more_interfaces__rosidl_generator_pyExport-noconfig.cmake
[4.931s] -- Installing: /home/sanmaster/onshape-to-robot-tutorial/delta_robot_min_ws/src/install/more_interfaces/share/more_interfaces/cmake/rosidl_cmake-extras.cmake
[4.931s] -- Installing: /home/sanmaster/onshape-to-robot-tutorial/delta_robot_min_ws/src/install/more_interfaces/share/more_interfaces/cmake/ament_cmake_export_dependencies-extras.cmake
[4.931s] -- Installing: /home/sanmaster/onshape-to-robot-tutorial/delta_robot_min_ws/src/install/more_interfaces/share/more_interfaces/cmake/ament_cmake_export_include_directories-extras.cmake
[4.931s] -- Installing: /home/sanmaster/onshape-to-robot-tutorial/delta_robot_min_ws/src/install/more_interfaces/share/more_interfaces/cmake/ament_cmake_export_libraries-extras.cmake
[4.931s] -- Installing: /home/sanmaster/onshape-to-robot-tutorial/delta_robot_min_ws/src/install/more_interfaces/share/more_interfaces/cmake/ament_cmake_export_targets-extras.cmake
[4.932s] -- Installing: /home/sanmaster/onshape-to-robot-tutorial/delta_robot_min_ws/src/install/more_interfaces/share/more_interfaces/cmake/rosidl_cmake_export_typesupport_targets-extras.cmake
[4.932s] -- Installing: /home/sanmaster/onshape-to-robot-tutorial/delta_robot_min_ws/src/install/more_interfaces/share/more_interfaces/cmake/rosidl_cmake_export_typesupport_libraries-extras.cmake
[4.932s] -- Installing: /home/sanmaster/onshape-to-robot-tutorial/delta_robot_min_ws/src/install/more_interfaces/share/more_interfaces/cmake/more_interfacesConfig.cmake
[4.932s] -- Installing: /home/sanmaster/onshape-to-robot-tutorial/delta_robot_min_ws/src/install/more_interfaces/share/more_interfaces/cmake/more_interfacesConfig-version.cmake
[4.932s] -- Installing: /home/sanmaster/onshape-to-robot-tutorial/delta_robot_min_ws/src/install/more_interfaces/share/more_interfaces/package.xml
[4.934s] Invoked command in '/home/sanmaster/onshape-to-robot-tutorial/delta_robot_min_ws/src/build/more_interfaces' returned '0': CMAKE_PREFIX_PATH=/opt/ros/iron /usr/bin/cmake --install /home/sanmaster/onshape-to-robot-tutorial/delta_robot_min_ws/src/build/more_interfaces
