[0.703s] Invoking command in '/home/sanmaster/onshape-to-robot-tutorial/delta_robot_min_ws/src/my_third_delta': PYTHONPATH=/home/sanmaster/onshape-to-robot-tutorial/delta_robot_min_ws/build/my_third_delta/prefix_override:/home/sanmaster/onshape-to-robot-tutorial/delta_robot_min_ws/install/my_third_delta/lib/python3.10/site-packages:${PYTHONPATH} /usr/bin/python3 -W ignore:setup.py install is deprecated setup.py egg_info --egg-base ../../build/my_third_delta build --build-base /home/sanmaster/onshape-to-robot-tutorial/delta_robot_min_ws/build/my_third_delta/build install --record /home/sanmaster/onshape-to-robot-tutorial/delta_robot_min_ws/build/my_third_delta/install.log --single-version-externally-managed install_data
[0.992s] running egg_info
[0.993s] writing ../../build/my_third_delta/my_third_delta.egg-info/PKG-INFO
[0.993s] writing dependency_links to ../../build/my_third_delta/my_third_delta.egg-info/dependency_links.txt
[0.993s] writing entry points to ../../build/my_third_delta/my_third_delta.egg-info/entry_points.txt
[0.994s] writing requirements to ../../build/my_third_delta/my_third_delta.egg-info/requires.txt
[0.994s] writing top-level names to ../../build/my_third_delta/my_third_delta.egg-info/top_level.txt
[0.996s] reading manifest file '../../build/my_third_delta/my_third_delta.egg-info/SOURCES.txt'
[0.998s] writing manifest file '../../build/my_third_delta/my_third_delta.egg-info/SOURCES.txt'
[0.998s] running build
[0.998s] running build_py
[0.999s] running install
[0.999s] running install_lib
[1.000s] running install_data
[1.001s] running install_egg_info
[1.003s] removing '/home/sanmaster/onshape-to-robot-tutorial/delta_robot_min_ws/install/my_third_delta/lib/python3.10/site-packages/my_third_delta-0.0.0-py3.10.egg-info' (and everything under it)
[1.003s] Copying ../../build/my_third_delta/my_third_delta.egg-info to /home/sanmaster/onshape-to-robot-tutorial/delta_robot_min_ws/install/my_third_delta/lib/python3.10/site-packages/my_third_delta-0.0.0-py3.10.egg-info
[1.004s] running install_scripts
[1.026s] writing list of installed files to '/home/sanmaster/onshape-to-robot-tutorial/delta_robot_min_ws/build/my_third_delta/install.log'
[1.051s] Invoked command in '/home/sanmaster/onshape-to-robot-tutorial/delta_robot_min_ws/src/my_third_delta' returned '0': PYTHONPATH=/home/sanmaster/onshape-to-robot-tutorial/delta_robot_min_ws/build/my_third_delta/prefix_override:/home/sanmaster/onshape-to-robot-tutorial/delta_robot_min_ws/install/my_third_delta/lib/python3.10/site-packages:${PYTHONPATH} /usr/bin/python3 -W ignore:setup.py install is deprecated setup.py egg_info --egg-base ../../build/my_third_delta build --build-base /home/sanmaster/onshape-to-robot-tutorial/delta_robot_min_ws/build/my_third_delta/build install --record /home/sanmaster/onshape-to-robot-tutorial/delta_robot_min_ws/build/my_third_delta/install.log --single-version-externally-managed install_data
