running egg_info
writing ../../build/my_second_delta/my_second_delta.egg-info/PKG-INFO
writing dependency_links to ../../build/my_second_delta/my_second_delta.egg-info/dependency_links.txt
writing entry points to ../../build/my_second_delta/my_second_delta.egg-info/entry_points.txt
writing requirements to ../../build/my_second_delta/my_second_delta.egg-info/requires.txt
writing top-level names to ../../build/my_second_delta/my_second_delta.egg-info/top_level.txt
reading manifest file '../../build/my_second_delta/my_second_delta.egg-info/SOURCES.txt'
adding license file 'LICENSE'
writing manifest file '../../build/my_second_delta/my_second_delta.egg-info/SOURCES.txt'
running build
running build_py
running install
running install_lib
running install_data
copying urdf/delta.sdf -> /home/sanmaster/onshape-to-robot-tutorial/delta_robot_min_ws/install/my_second_delta/share/my_second_delta/urdf
running install_egg_info
removing '/home/sanmaster/onshape-to-robot-tutorial/delta_robot_min_ws/install/my_second_delta/lib/python3.10/site-packages/my_second_delta-0.0.0-py3.10.egg-info' (and everything under it)
Copying ../../build/my_second_delta/my_second_delta.egg-info to /home/sanmaster/onshape-to-robot-tutorial/delta_robot_min_ws/install/my_second_delta/lib/python3.10/site-packages/my_second_delta-0.0.0-py3.10.egg-info
running install_scripts
writing list of installed files to '/home/sanmaster/onshape-to-robot-tutorial/delta_robot_min_ws/build/my_second_delta/install.log'
