running egg_info
writing ../../build/my_first_delta/my_first_delta.egg-info/PKG-INFO
writing dependency_links to ../../build/my_first_delta/my_first_delta.egg-info/dependency_links.txt
writing entry points to ../../build/my_first_delta/my_first_delta.egg-info/entry_points.txt
writing requirements to ../../build/my_first_delta/my_first_delta.egg-info/requires.txt
writing top-level names to ../../build/my_first_delta/my_first_delta.egg-info/top_level.txt
reading manifest file '../../build/my_first_delta/my_first_delta.egg-info/SOURCES.txt'
adding license file 'LICENSE'
writing manifest file '../../build/my_first_delta/my_first_delta.egg-info/SOURCES.txt'
running build
running build_py
running install
running install_lib
running install_data
copying package.xml -> /home/sanmaster/onshape-to-robot-tutorial/delta_robot_min_ws/install/my_first_delta/share/my_first_delta
running install_egg_info
removing '/home/sanmaster/onshape-to-robot-tutorial/delta_robot_min_ws/install/my_first_delta/lib/python3.10/site-packages/my_first_delta-0.0.0-py3.10.egg-info' (and everything under it)
Copying ../../build/my_first_delta/my_first_delta.egg-info to /home/sanmaster/onshape-to-robot-tutorial/delta_robot_min_ws/install/my_first_delta/lib/python3.10/site-packages/my_first_delta-0.0.0-py3.10.egg-info
running install_scripts
Installing inverse_kinematics_client script to /home/sanmaster/onshape-to-robot-tutorial/delta_robot_min_ws/install/my_first_delta/lib/my_first_delta
Installing inverse_kinematics_server script to /home/sanmaster/onshape-to-robot-tutorial/delta_robot_min_ws/install/my_first_delta/lib/my_first_delta
Installing joint_publisher script to /home/sanmaster/onshape-to-robot-tutorial/delta_robot_min_ws/install/my_first_delta/lib/my_first_delta
writing list of installed files to '/home/sanmaster/onshape-to-robot-tutorial/delta_robot_min_ws/build/my_first_delta/install.log'
