running egg_info
writing build/my_second_delta/my_second_delta.egg-info/PKG-INFO
writing dependency_links to build/my_second_delta/my_second_delta.egg-info/dependency_links.txt
writing entry points to build/my_second_delta/my_second_delta.egg-info/entry_points.txt
writing requirements to build/my_second_delta/my_second_delta.egg-info/requires.txt
writing top-level names to build/my_second_delta/my_second_delta.egg-info/top_level.txt
reading manifest file 'build/my_second_delta/my_second_delta.egg-info/SOURCES.txt'
adding license file 'LICENSE'
writing manifest file 'build/my_second_delta/my_second_delta.egg-info/SOURCES.txt'
running build
running build_py
copying my_second_delta/plc_reader.py -> /home/sanmaster/onshape-to-robot-tutorial/delta_robot_min_ws/src/my_second_delta/build/my_second_delta/build/lib/my_second_delta
running install
running install_lib
copying /home/sanmaster/onshape-to-robot-tutorial/delta_robot_min_ws/src/my_second_delta/build/my_second_delta/build/lib/my_second_delta/plc_reader.py -> /home/sanmaster/onshape-to-robot-tutorial/delta_robot_min_ws/src/my_second_delta/install/my_second_delta/lib/python3.10/site-packages/my_second_delta
byte-compiling /home/sanmaster/onshape-to-robot-tutorial/delta_robot_min_ws/src/my_second_delta/install/my_second_delta/lib/python3.10/site-packages/my_second_delta/plc_reader.py to plc_reader.cpython-310.pyc
running install_data
running install_egg_info
removing '/home/sanmaster/onshape-to-robot-tutorial/delta_robot_min_ws/src/my_second_delta/install/my_second_delta/lib/python3.10/site-packages/my_second_delta-0.0.0-py3.10.egg-info' (and everything under it)
Copying build/my_second_delta/my_second_delta.egg-info to /home/sanmaster/onshape-to-robot-tutorial/delta_robot_min_ws/src/my_second_delta/install/my_second_delta/lib/python3.10/site-packages/my_second_delta-0.0.0-py3.10.egg-info
running install_scripts
Installing inverse_kinematics_client script to /home/sanmaster/onshape-to-robot-tutorial/delta_robot_min_ws/src/my_second_delta/install/my_second_delta/lib/my_second_delta
Installing inverse_kinematics_server script to /home/sanmaster/onshape-to-robot-tutorial/delta_robot_min_ws/src/my_second_delta/install/my_second_delta/lib/my_second_delta
Installing joint_publisher script to /home/sanmaster/onshape-to-robot-tutorial/delta_robot_min_ws/src/my_second_delta/install/my_second_delta/lib/my_second_delta
Installing plc_reader script to /home/sanmaster/onshape-to-robot-tutorial/delta_robot_min_ws/src/my_second_delta/install/my_second_delta/lib/my_second_delta
Installing spawner script to /home/sanmaster/onshape-to-robot-tutorial/delta_robot_min_ws/src/my_second_delta/install/my_second_delta/lib/my_second_delta
writing list of installed files to '/home/sanmaster/onshape-to-robot-tutorial/delta_robot_min_ws/src/my_second_delta/build/my_second_delta/install.log'
