[0.100s] DEBUG:colcon:Command line arguments: ['/usr/bin/colcon', 'build', '--executor', 'sequential']
[0.100s] DEBUG:colcon:Parsed command line arguments: Namespace(log_base=None, log_level=None, verb_name='build', build_base='build', install_base='install', merge_install=False, symlink_install=False, test_result_base=None, continue_on_error=False, executor='sequential', parallel_workers=12, event_handlers=None, ignore_user_meta=False, metas=['./colcon.meta'], base_paths=['.'], packages_ignore=None, packages_ignore_regex=None, paths=None, packages_up_to=None, packages_up_to_regex=None, packages_above=None, packages_above_and_dependencies=None, packages_above_depth=None, packages_select_by_dep=None, packages_skip_by_dep=None, packages_skip_up_to=None, packages_select_build_failed=False, packages_skip_build_finished=False, packages_select_test_failures=False, packages_skip_test_passed=False, packages_select=None, packages_skip=None, packages_select_regex=None, packages_skip_regex=None, packages_start=None, packages_end=None, allow_overriding=[], cmake_args=None, cmake_target=None, cmake_target_skip_unavailable=False, cmake_clean_cache=False, cmake_clean_first=False, cmake_force_configure=False, ament_cmake_args=None, catkin_cmake_args=None, catkin_skip_building_tests=False, verb_parser=<colcon_defaults.argument_parser.defaults.DefaultArgumentsDecorator object at 0x75de4cb31360>, verb_extension=<colcon_core.verb.build.BuildVerb object at 0x75de4cb30070>, main=<bound method BuildVerb.main of <colcon_core.verb.build.BuildVerb object at 0x75de4cb30070>>)
[0.281s] Level 1:colcon.colcon_core.package_discovery:discover_packages(colcon_meta) check parameters
[0.281s] Level 1:colcon.colcon_core.package_discovery:discover_packages(recursive) check parameters
[0.281s] Level 1:colcon.colcon_core.package_discovery:discover_packages(ignore) check parameters
[0.281s] Level 1:colcon.colcon_core.package_discovery:discover_packages(path) check parameters
[0.281s] Level 1:colcon.colcon_core.package_discovery:discover_packages(colcon_meta) discover
[0.281s] Level 1:colcon.colcon_core.package_discovery:discover_packages(recursive) discover
[0.281s] INFO:colcon.colcon_core.package_discovery:Crawling recursively for packages in '/home/sanmaster/onshape-to-robot-tutorial/delta_robot_min_ws'
[0.281s] Level 1:colcon.colcon_core.package_identification:_identify(.) by extensions ['ignore', 'ignore_ament_install']
[0.281s] Level 1:colcon.colcon_core.package_identification:_identify(.) by extension 'ignore'
[0.282s] Level 1:colcon.colcon_core.package_identification:_identify(.) by extension 'ignore_ament_install'
[0.282s] Level 1:colcon.colcon_core.package_identification:_identify(.) by extensions ['colcon_pkg']
[0.282s] Level 1:colcon.colcon_core.package_identification:_identify(.) by extension 'colcon_pkg'
[0.282s] Level 1:colcon.colcon_core.package_identification:_identify(.) by extensions ['colcon_meta']
[0.282s] Level 1:colcon.colcon_core.package_identification:_identify(.) by extension 'colcon_meta'
[0.282s] Level 1:colcon.colcon_core.package_identification:_identify(.) by extensions ['ros']
[0.282s] Level 1:colcon.colcon_core.package_identification:_identify(.) by extension 'ros'
[0.293s] Level 1:colcon.colcon_core.package_identification:_identify(.) by extensions ['cmake', 'python']
[0.293s] Level 1:colcon.colcon_core.package_identification:_identify(.) by extension 'cmake'
[0.293s] Level 1:colcon.colcon_core.package_identification:_identify(.) by extension 'python'
[0.293s] Level 1:colcon.colcon_core.package_identification:_identify(.) by extensions ['python_setup_py']
[0.293s] Level 1:colcon.colcon_core.package_identification:_identify(.) by extension 'python_setup_py'
[0.293s] Level 1:colcon.colcon_core.package_identification:_identify(build) by extensions ['ignore', 'ignore_ament_install']
[0.293s] Level 1:colcon.colcon_core.package_identification:_identify(build) by extension 'ignore'
[0.294s] Level 1:colcon.colcon_core.package_identification:_identify(build) ignored
[0.294s] Level 1:colcon.colcon_core.package_identification:_identify(install) by extensions ['ignore', 'ignore_ament_install']
[0.294s] Level 1:colcon.colcon_core.package_identification:_identify(install) by extension 'ignore'
[0.294s] Level 1:colcon.colcon_core.package_identification:_identify(install) ignored
[0.294s] Level 1:colcon.colcon_core.package_identification:_identify(log) by extensions ['ignore', 'ignore_ament_install']
[0.294s] Level 1:colcon.colcon_core.package_identification:_identify(log) by extension 'ignore'
[0.294s] Level 1:colcon.colcon_core.package_identification:_identify(log) ignored
[0.294s] Level 1:colcon.colcon_core.package_identification:_identify(rosbag2_2024_05_26-16_18_09) by extensions ['ignore', 'ignore_ament_install']
[0.294s] Level 1:colcon.colcon_core.package_identification:_identify(rosbag2_2024_05_26-16_18_09) by extension 'ignore'
[0.294s] Level 1:colcon.colcon_core.package_identification:_identify(rosbag2_2024_05_26-16_18_09) by extension 'ignore_ament_install'
[0.294s] Level 1:colcon.colcon_core.package_identification:_identify(rosbag2_2024_05_26-16_18_09) by extensions ['colcon_pkg']
[0.294s] Level 1:colcon.colcon_core.package_identification:_identify(rosbag2_2024_05_26-16_18_09) by extension 'colcon_pkg'
[0.295s] Level 1:colcon.colcon_core.package_identification:_identify(rosbag2_2024_05_26-16_18_09) by extensions ['colcon_meta']
[0.295s] Level 1:colcon.colcon_core.package_identification:_identify(rosbag2_2024_05_26-16_18_09) by extension 'colcon_meta'
[0.295s] Level 1:colcon.colcon_core.package_identification:_identify(rosbag2_2024_05_26-16_18_09) by extensions ['ros']
[0.295s] Level 1:colcon.colcon_core.package_identification:_identify(rosbag2_2024_05_26-16_18_09) by extension 'ros'
[0.295s] Level 1:colcon.colcon_core.package_identification:_identify(rosbag2_2024_05_26-16_18_09) by extensions ['cmake', 'python']
[0.295s] Level 1:colcon.colcon_core.package_identification:_identify(rosbag2_2024_05_26-16_18_09) by extension 'cmake'
[0.295s] Level 1:colcon.colcon_core.package_identification:_identify(rosbag2_2024_05_26-16_18_09) by extension 'python'
[0.295s] Level 1:colcon.colcon_core.package_identification:_identify(rosbag2_2024_05_26-16_18_09) by extensions ['python_setup_py']
[0.295s] Level 1:colcon.colcon_core.package_identification:_identify(rosbag2_2024_05_26-16_18_09) by extension 'python_setup_py'
[0.295s] Level 1:colcon.colcon_core.package_identification:_identify(src) by extensions ['ignore', 'ignore_ament_install']
[0.295s] Level 1:colcon.colcon_core.package_identification:_identify(src) by extension 'ignore'
[0.295s] Level 1:colcon.colcon_core.package_identification:_identify(src) by extension 'ignore_ament_install'
[0.295s] Level 1:colcon.colcon_core.package_identification:_identify(src) by extensions ['colcon_pkg']
[0.295s] Level 1:colcon.colcon_core.package_identification:_identify(src) by extension 'colcon_pkg'
[0.295s] Level 1:colcon.colcon_core.package_identification:_identify(src) by extensions ['colcon_meta']
[0.295s] Level 1:colcon.colcon_core.package_identification:_identify(src) by extension 'colcon_meta'
[0.295s] Level 1:colcon.colcon_core.package_identification:_identify(src) by extensions ['ros']
[0.295s] Level 1:colcon.colcon_core.package_identification:_identify(src) by extension 'ros'
[0.295s] Level 1:colcon.colcon_core.package_identification:_identify(src) by extensions ['cmake', 'python']
[0.295s] Level 1:colcon.colcon_core.package_identification:_identify(src) by extension 'cmake'
[0.295s] Level 1:colcon.colcon_core.package_identification:_identify(src) by extension 'python'
[0.296s] Level 1:colcon.colcon_core.package_identification:_identify(src) by extensions ['python_setup_py']
[0.296s] Level 1:colcon.colcon_core.package_identification:_identify(src) by extension 'python_setup_py'
[0.296s] Level 1:colcon.colcon_core.package_identification:_identify(src/build) by extensions ['ignore', 'ignore_ament_install']
[0.296s] Level 1:colcon.colcon_core.package_identification:_identify(src/build) by extension 'ignore'
[0.296s] Level 1:colcon.colcon_core.package_identification:_identify(src/build) ignored
[0.296s] Level 1:colcon.colcon_core.package_identification:_identify(src/install) by extensions ['ignore', 'ignore_ament_install']
[0.296s] Level 1:colcon.colcon_core.package_identification:_identify(src/install) by extension 'ignore'
[0.296s] Level 1:colcon.colcon_core.package_identification:_identify(src/install) ignored
[0.296s] Level 1:colcon.colcon_core.package_identification:_identify(src/log) by extensions ['ignore', 'ignore_ament_install']
[0.296s] Level 1:colcon.colcon_core.package_identification:_identify(src/log) by extension 'ignore'
[0.296s] Level 1:colcon.colcon_core.package_identification:_identify(src/log) ignored
[0.296s] Level 1:colcon.colcon_core.package_identification:_identify(src/more_interfaces) by extensions ['ignore', 'ignore_ament_install']
[0.296s] Level 1:colcon.colcon_core.package_identification:_identify(src/more_interfaces) by extension 'ignore'
[0.296s] Level 1:colcon.colcon_core.package_identification:_identify(src/more_interfaces) by extension 'ignore_ament_install'
[0.297s] Level 1:colcon.colcon_core.package_identification:_identify(src/more_interfaces) by extensions ['colcon_pkg']
[0.297s] Level 1:colcon.colcon_core.package_identification:_identify(src/more_interfaces) by extension 'colcon_pkg'
[0.297s] Level 1:colcon.colcon_core.package_identification:_identify(src/more_interfaces) by extensions ['colcon_meta']
[0.297s] Level 1:colcon.colcon_core.package_identification:_identify(src/more_interfaces) by extension 'colcon_meta'
[0.297s] Level 1:colcon.colcon_core.package_identification:_identify(src/more_interfaces) by extensions ['ros']
[0.297s] Level 1:colcon.colcon_core.package_identification:_identify(src/more_interfaces) by extension 'ros'
[0.299s] DEBUG:colcon.colcon_core.package_identification:Package 'src/more_interfaces' with type 'ros.ament_cmake' and name 'more_interfaces'
[0.299s] Level 1:colcon.colcon_core.package_identification:_identify(src/my_first_delta) by extensions ['ignore', 'ignore_ament_install']
[0.299s] Level 1:colcon.colcon_core.package_identification:_identify(src/my_first_delta) by extension 'ignore'
[0.299s] Level 1:colcon.colcon_core.package_identification:_identify(src/my_first_delta) by extension 'ignore_ament_install'
[0.299s] Level 1:colcon.colcon_core.package_identification:_identify(src/my_first_delta) by extensions ['colcon_pkg']
[0.299s] Level 1:colcon.colcon_core.package_identification:_identify(src/my_first_delta) by extension 'colcon_pkg'
[0.299s] Level 1:colcon.colcon_core.package_identification:_identify(src/my_first_delta) by extensions ['colcon_meta']
[0.299s] Level 1:colcon.colcon_core.package_identification:_identify(src/my_first_delta) by extension 'colcon_meta'
[0.299s] Level 1:colcon.colcon_core.package_identification:_identify(src/my_first_delta) by extensions ['ros']
[0.299s] Level 1:colcon.colcon_core.package_identification:_identify(src/my_first_delta) by extension 'ros'
[0.300s] DEBUG:colcon.colcon_core.package_identification:Package 'src/my_first_delta' with type 'ros.ament_python' and name 'my_first_delta'
[0.300s] Level 1:colcon.colcon_core.package_discovery:discover_packages(recursive) using defaults
[0.300s] Level 1:colcon.colcon_core.package_discovery:discover_packages(ignore) discover
[0.300s] Level 1:colcon.colcon_core.package_discovery:discover_packages(ignore) using defaults
[0.300s] Level 1:colcon.colcon_core.package_discovery:discover_packages(path) discover
[0.300s] Level 1:colcon.colcon_core.package_discovery:discover_packages(path) using defaults
[0.329s] Level 1:colcon.colcon_core.package_discovery:discover_packages(prefix_path) check parameters
[0.329s] Level 1:colcon.colcon_core.package_discovery:discover_packages(prefix_path) discover
[0.331s] DEBUG:colcon.colcon_installed_package_information.package_discovery:Found 323 installed packages in /opt/ros/iron
[0.333s] Level 1:colcon.colcon_core.package_discovery:discover_packages(prefix_path) using defaults
[0.384s] Level 5:colcon.colcon_core.verb:set package 'more_interfaces' build argument 'cmake_args' from command line to 'None'
[0.384s] Level 5:colcon.colcon_core.verb:set package 'more_interfaces' build argument 'cmake_target' from command line to 'None'
[0.384s] Level 5:colcon.colcon_core.verb:set package 'more_interfaces' build argument 'cmake_target_skip_unavailable' from command line to 'False'
[0.384s] Level 5:colcon.colcon_core.verb:set package 'more_interfaces' build argument 'cmake_clean_cache' from command line to 'False'
[0.384s] Level 5:colcon.colcon_core.verb:set package 'more_interfaces' build argument 'cmake_clean_first' from command line to 'False'
[0.385s] Level 5:colcon.colcon_core.verb:set package 'more_interfaces' build argument 'cmake_force_configure' from command line to 'False'
[0.385s] Level 5:colcon.colcon_core.verb:set package 'more_interfaces' build argument 'ament_cmake_args' from command line to 'None'
[0.385s] Level 5:colcon.colcon_core.verb:set package 'more_interfaces' build argument 'catkin_cmake_args' from command line to 'None'
[0.385s] Level 5:colcon.colcon_core.verb:set package 'more_interfaces' build argument 'catkin_skip_building_tests' from command line to 'False'
[0.385s] DEBUG:colcon.colcon_core.verb:Building package 'more_interfaces' with the following arguments: {'ament_cmake_args': None, 'build_base': '/home/sanmaster/onshape-to-robot-tutorial/delta_robot_min_ws/build/more_interfaces', 'catkin_cmake_args': None, 'catkin_skip_building_tests': False, 'cmake_args': None, 'cmake_clean_cache': False, 'cmake_clean_first': False, 'cmake_force_configure': False, 'cmake_target': None, 'cmake_target_skip_unavailable': False, 'install_base': '/home/sanmaster/onshape-to-robot-tutorial/delta_robot_min_ws/install/more_interfaces', 'merge_install': False, 'path': '/home/sanmaster/onshape-to-robot-tutorial/delta_robot_min_ws/src/more_interfaces', 'symlink_install': False, 'test_result_base': None}
[0.385s] Level 5:colcon.colcon_core.verb:set package 'my_first_delta' build argument 'cmake_args' from command line to 'None'
[0.385s] Level 5:colcon.colcon_core.verb:set package 'my_first_delta' build argument 'cmake_target' from command line to 'None'
[0.385s] Level 5:colcon.colcon_core.verb:set package 'my_first_delta' build argument 'cmake_target_skip_unavailable' from command line to 'False'
[0.385s] Level 5:colcon.colcon_core.verb:set package 'my_first_delta' build argument 'cmake_clean_cache' from command line to 'False'
[0.385s] Level 5:colcon.colcon_core.verb:set package 'my_first_delta' build argument 'cmake_clean_first' from command line to 'False'
[0.385s] Level 5:colcon.colcon_core.verb:set package 'my_first_delta' build argument 'cmake_force_configure' from command line to 'False'
[0.385s] Level 5:colcon.colcon_core.verb:set package 'my_first_delta' build argument 'ament_cmake_args' from command line to 'None'
[0.385s] Level 5:colcon.colcon_core.verb:set package 'my_first_delta' build argument 'catkin_cmake_args' from command line to 'None'
[0.385s] Level 5:colcon.colcon_core.verb:set package 'my_first_delta' build argument 'catkin_skip_building_tests' from command line to 'False'
[0.385s] DEBUG:colcon.colcon_core.verb:Building package 'my_first_delta' with the following arguments: {'ament_cmake_args': None, 'build_base': '/home/sanmaster/onshape-to-robot-tutorial/delta_robot_min_ws/build/my_first_delta', 'catkin_cmake_args': None, 'catkin_skip_building_tests': False, 'cmake_args': None, 'cmake_clean_cache': False, 'cmake_clean_first': False, 'cmake_force_configure': False, 'cmake_target': None, 'cmake_target_skip_unavailable': False, 'install_base': '/home/sanmaster/onshape-to-robot-tutorial/delta_robot_min_ws/install/my_first_delta', 'merge_install': False, 'path': '/home/sanmaster/onshape-to-robot-tutorial/delta_robot_min_ws/src/my_first_delta', 'symlink_install': False, 'test_result_base': None}
[0.385s] INFO:colcon.colcon_core.executor:Executing jobs using 'sequential' executor
[0.386s] DEBUG:colcon.colcon_core.executor.sequential:run_until_complete 'more_interfaces'
[0.386s] INFO:colcon.colcon_ros.task.ament_cmake.build:Building ROS package in '/home/sanmaster/onshape-to-robot-tutorial/delta_robot_min_ws/src/more_interfaces' with build type 'ament_cmake'
[0.387s] INFO:colcon.colcon_cmake.task.cmake.build:Building CMake package in '/home/sanmaster/onshape-to-robot-tutorial/delta_robot_min_ws/src/more_interfaces'
[0.389s] INFO:colcon.colcon_core.plugin_system:Skipping extension 'colcon_core.shell.bat': Not used on non-Windows systems
[0.389s] INFO:colcon.colcon_core.shell:Skip shell extension 'powershell' for command environment: Not usable outside of PowerShell
[0.389s] DEBUG:colcon.colcon_core.shell:Skip shell extension 'dsv' for command environment
[0.397s] DEBUG:colcon.colcon_core.event_handler.log_command:Invoking command in '/home/sanmaster/onshape-to-robot-tutorial/delta_robot_min_ws/build/more_interfaces': CMAKE_PREFIX_PATH=/opt/ros/iron /usr/bin/cmake --build /home/sanmaster/onshape-to-robot-tutorial/delta_robot_min_ws/build/more_interfaces -- -j12 -l12
[0.789s] DEBUG:colcon.colcon_core.event_handler.log_command:Invoked command in '/home/sanmaster/onshape-to-robot-tutorial/delta_robot_min_ws/build/more_interfaces' returned '0': CMAKE_PREFIX_PATH=/opt/ros/iron /usr/bin/cmake --build /home/sanmaster/onshape-to-robot-tutorial/delta_robot_min_ws/build/more_interfaces -- -j12 -l12
[0.873s] DEBUG:colcon.colcon_core.event_handler.log_command:Invoking command in '/home/sanmaster/onshape-to-robot-tutorial/delta_robot_min_ws/build/more_interfaces': CMAKE_PREFIX_PATH=/opt/ros/iron /usr/bin/cmake --install /home/sanmaster/onshape-to-robot-tutorial/delta_robot_min_ws/build/more_interfaces
[0.946s] Level 1:colcon.colcon_core.environment:create_environment_scripts_only(more_interfaces)
[0.947s] DEBUG:colcon.colcon_core.event_handler.log_command:Invoked command in '/home/sanmaster/onshape-to-robot-tutorial/delta_robot_min_ws/build/more_interfaces' returned '0': CMAKE_PREFIX_PATH=/opt/ros/iron /usr/bin/cmake --install /home/sanmaster/onshape-to-robot-tutorial/delta_robot_min_ws/build/more_interfaces
[0.949s] Level 1:colcon.colcon_core.environment:checking '/home/sanmaster/onshape-to-robot-tutorial/delta_robot_min_ws/install/more_interfaces' for CMake module files
[0.950s] Level 1:colcon.colcon_core.environment:checking '/home/sanmaster/onshape-to-robot-tutorial/delta_robot_min_ws/install/more_interfaces' for CMake config files
[0.951s] Level 1:colcon.colcon_core.shell:create_environment_hook('more_interfaces', 'cmake_prefix_path')
[0.951s] INFO:colcon.colcon_core.shell:Creating environment hook '/home/sanmaster/onshape-to-robot-tutorial/delta_robot_min_ws/install/more_interfaces/share/more_interfaces/hook/cmake_prefix_path.ps1'
[0.952s] INFO:colcon.colcon_core.shell:Creating environment descriptor '/home/sanmaster/onshape-to-robot-tutorial/delta_robot_min_ws/install/more_interfaces/share/more_interfaces/hook/cmake_prefix_path.dsv'
[0.952s] INFO:colcon.colcon_core.shell:Creating environment hook '/home/sanmaster/onshape-to-robot-tutorial/delta_robot_min_ws/install/more_interfaces/share/more_interfaces/hook/cmake_prefix_path.sh'
[0.953s] Level 1:colcon.colcon_core.environment:checking '/home/sanmaster/onshape-to-robot-tutorial/delta_robot_min_ws/install/more_interfaces/lib'
[0.953s] Level 1:colcon.colcon_core.shell:create_environment_hook('more_interfaces', 'ld_library_path_lib')
[0.954s] INFO:colcon.colcon_core.shell:Creating environment hook '/home/sanmaster/onshape-to-robot-tutorial/delta_robot_min_ws/install/more_interfaces/share/more_interfaces/hook/ld_library_path_lib.ps1'
[0.954s] INFO:colcon.colcon_core.shell:Creating environment descriptor '/home/sanmaster/onshape-to-robot-tutorial/delta_robot_min_ws/install/more_interfaces/share/more_interfaces/hook/ld_library_path_lib.dsv'
[0.954s] INFO:colcon.colcon_core.shell:Creating environment hook '/home/sanmaster/onshape-to-robot-tutorial/delta_robot_min_ws/install/more_interfaces/share/more_interfaces/hook/ld_library_path_lib.sh'
[0.955s] Level 1:colcon.colcon_core.environment:checking '/home/sanmaster/onshape-to-robot-tutorial/delta_robot_min_ws/install/more_interfaces/bin'
[0.955s] Level 1:colcon.colcon_core.environment:checking '/home/sanmaster/onshape-to-robot-tutorial/delta_robot_min_ws/install/more_interfaces/lib/pkgconfig/more_interfaces.pc'
[0.955s] Level 1:colcon.colcon_core.environment:checking '/home/sanmaster/onshape-to-robot-tutorial/delta_robot_min_ws/install/more_interfaces/lib/python3.10/site-packages'
[0.955s] Level 1:colcon.colcon_core.shell:create_environment_hook('more_interfaces', 'pythonpath')
[0.955s] INFO:colcon.colcon_core.shell:Creating environment hook '/home/sanmaster/onshape-to-robot-tutorial/delta_robot_min_ws/install/more_interfaces/share/more_interfaces/hook/pythonpath.ps1'
[0.956s] INFO:colcon.colcon_core.shell:Creating environment descriptor '/home/sanmaster/onshape-to-robot-tutorial/delta_robot_min_ws/install/more_interfaces/share/more_interfaces/hook/pythonpath.dsv'
[0.956s] INFO:colcon.colcon_core.shell:Creating environment hook '/home/sanmaster/onshape-to-robot-tutorial/delta_robot_min_ws/install/more_interfaces/share/more_interfaces/hook/pythonpath.sh'
[0.957s] Level 1:colcon.colcon_core.environment:checking '/home/sanmaster/onshape-to-robot-tutorial/delta_robot_min_ws/install/more_interfaces/bin'
[0.957s] INFO:colcon.colcon_core.shell:Creating package script '/home/sanmaster/onshape-to-robot-tutorial/delta_robot_min_ws/install/more_interfaces/share/more_interfaces/package.ps1'
[0.958s] INFO:colcon.colcon_core.shell:Creating package descriptor '/home/sanmaster/onshape-to-robot-tutorial/delta_robot_min_ws/install/more_interfaces/share/more_interfaces/package.dsv'
[0.959s] INFO:colcon.colcon_core.shell:Creating package script '/home/sanmaster/onshape-to-robot-tutorial/delta_robot_min_ws/install/more_interfaces/share/more_interfaces/package.sh'
[0.960s] INFO:colcon.colcon_core.shell:Creating package script '/home/sanmaster/onshape-to-robot-tutorial/delta_robot_min_ws/install/more_interfaces/share/more_interfaces/package.bash'
[0.961s] INFO:colcon.colcon_core.shell:Creating package script '/home/sanmaster/onshape-to-robot-tutorial/delta_robot_min_ws/install/more_interfaces/share/more_interfaces/package.zsh'
[0.961s] Level 1:colcon.colcon_core.environment:create_file_with_runtime_dependencies(/home/sanmaster/onshape-to-robot-tutorial/delta_robot_min_ws/install/more_interfaces/share/colcon-core/packages/more_interfaces)
[1.032s] Level 1:colcon.colcon_core.environment:create_environment_scripts_only(more_interfaces)
[1.032s] Level 1:colcon.colcon_core.environment:checking '/home/sanmaster/onshape-to-robot-tutorial/delta_robot_min_ws/install/more_interfaces' for CMake module files
[1.033s] Level 1:colcon.colcon_core.environment:checking '/home/sanmaster/onshape-to-robot-tutorial/delta_robot_min_ws/install/more_interfaces' for CMake config files
[1.033s] Level 1:colcon.colcon_core.shell:create_environment_hook('more_interfaces', 'cmake_prefix_path')
[1.033s] INFO:colcon.colcon_core.shell:Creating environment hook '/home/sanmaster/onshape-to-robot-tutorial/delta_robot_min_ws/install/more_interfaces/share/more_interfaces/hook/cmake_prefix_path.ps1'
[1.034s] INFO:colcon.colcon_core.shell:Creating environment descriptor '/home/sanmaster/onshape-to-robot-tutorial/delta_robot_min_ws/install/more_interfaces/share/more_interfaces/hook/cmake_prefix_path.dsv'
[1.034s] INFO:colcon.colcon_core.shell:Creating environment hook '/home/sanmaster/onshape-to-robot-tutorial/delta_robot_min_ws/install/more_interfaces/share/more_interfaces/hook/cmake_prefix_path.sh'
[1.034s] Level 1:colcon.colcon_core.environment:checking '/home/sanmaster/onshape-to-robot-tutorial/delta_robot_min_ws/install/more_interfaces/lib'
[1.034s] Level 1:colcon.colcon_core.shell:create_environment_hook('more_interfaces', 'ld_library_path_lib')
[1.035s] INFO:colcon.colcon_core.shell:Creating environment hook '/home/sanmaster/onshape-to-robot-tutorial/delta_robot_min_ws/install/more_interfaces/share/more_interfaces/hook/ld_library_path_lib.ps1'
[1.035s] INFO:colcon.colcon_core.shell:Creating environment descriptor '/home/sanmaster/onshape-to-robot-tutorial/delta_robot_min_ws/install/more_interfaces/share/more_interfaces/hook/ld_library_path_lib.dsv'
[1.035s] INFO:colcon.colcon_core.shell:Creating environment hook '/home/sanmaster/onshape-to-robot-tutorial/delta_robot_min_ws/install/more_interfaces/share/more_interfaces/hook/ld_library_path_lib.sh'
[1.036s] Level 1:colcon.colcon_core.environment:checking '/home/sanmaster/onshape-to-robot-tutorial/delta_robot_min_ws/install/more_interfaces/bin'
[1.036s] Level 1:colcon.colcon_core.environment:checking '/home/sanmaster/onshape-to-robot-tutorial/delta_robot_min_ws/install/more_interfaces/lib/pkgconfig/more_interfaces.pc'
[1.036s] Level 1:colcon.colcon_core.environment:checking '/home/sanmaster/onshape-to-robot-tutorial/delta_robot_min_ws/install/more_interfaces/lib/python3.10/site-packages'
[1.036s] Level 1:colcon.colcon_core.shell:create_environment_hook('more_interfaces', 'pythonpath')
[1.037s] INFO:colcon.colcon_core.shell:Creating environment hook '/home/sanmaster/onshape-to-robot-tutorial/delta_robot_min_ws/install/more_interfaces/share/more_interfaces/hook/pythonpath.ps1'
[1.037s] INFO:colcon.colcon_core.shell:Creating environment descriptor '/home/sanmaster/onshape-to-robot-tutorial/delta_robot_min_ws/install/more_interfaces/share/more_interfaces/hook/pythonpath.dsv'
[1.037s] INFO:colcon.colcon_core.shell:Creating environment hook '/home/sanmaster/onshape-to-robot-tutorial/delta_robot_min_ws/install/more_interfaces/share/more_interfaces/hook/pythonpath.sh'
[1.038s] Level 1:colcon.colcon_core.environment:checking '/home/sanmaster/onshape-to-robot-tutorial/delta_robot_min_ws/install/more_interfaces/bin'
[1.038s] INFO:colcon.colcon_core.shell:Creating package script '/home/sanmaster/onshape-to-robot-tutorial/delta_robot_min_ws/install/more_interfaces/share/more_interfaces/package.ps1'
[1.039s] INFO:colcon.colcon_core.shell:Creating package descriptor '/home/sanmaster/onshape-to-robot-tutorial/delta_robot_min_ws/install/more_interfaces/share/more_interfaces/package.dsv'
[1.040s] INFO:colcon.colcon_core.shell:Creating package script '/home/sanmaster/onshape-to-robot-tutorial/delta_robot_min_ws/install/more_interfaces/share/more_interfaces/package.sh'
[1.040s] INFO:colcon.colcon_core.shell:Creating package script '/home/sanmaster/onshape-to-robot-tutorial/delta_robot_min_ws/install/more_interfaces/share/more_interfaces/package.bash'
[1.041s] INFO:colcon.colcon_core.shell:Creating package script '/home/sanmaster/onshape-to-robot-tutorial/delta_robot_min_ws/install/more_interfaces/share/more_interfaces/package.zsh'
[1.041s] Level 1:colcon.colcon_core.environment:create_file_with_runtime_dependencies(/home/sanmaster/onshape-to-robot-tutorial/delta_robot_min_ws/install/more_interfaces/share/colcon-core/packages/more_interfaces)
[1.042s] DEBUG:colcon.colcon_core.executor.sequential:run_until_complete 'more_interfaces' finished with '0'
[1.042s] DEBUG:colcon.colcon_core.executor.sequential:run_until_complete 'my_first_delta'
[1.042s] INFO:colcon.colcon_ros.task.ament_python.build:Building ROS package in '/home/sanmaster/onshape-to-robot-tutorial/delta_robot_min_ws/src/my_first_delta' with build type 'ament_python'
[1.042s] Level 1:colcon.colcon_core.shell:create_environment_hook('my_first_delta', 'ament_prefix_path')
[1.042s] INFO:colcon.colcon_core.shell:Creating environment hook '/home/sanmaster/onshape-to-robot-tutorial/delta_robot_min_ws/install/my_first_delta/share/my_first_delta/hook/ament_prefix_path.ps1'
[1.043s] INFO:colcon.colcon_core.shell:Creating environment descriptor '/home/sanmaster/onshape-to-robot-tutorial/delta_robot_min_ws/install/my_first_delta/share/my_first_delta/hook/ament_prefix_path.dsv'
[1.043s] INFO:colcon.colcon_core.shell:Creating environment hook '/home/sanmaster/onshape-to-robot-tutorial/delta_robot_min_ws/install/my_first_delta/share/my_first_delta/hook/ament_prefix_path.sh'
[1.044s] INFO:colcon.colcon_core.shell:Skip shell extension 'powershell' for command environment: Not usable outside of PowerShell
[1.044s] DEBUG:colcon.colcon_core.shell:Skip shell extension 'dsv' for command environment
[1.327s] INFO:colcon.colcon_core.task.python.build:Building Python package in '/home/sanmaster/onshape-to-robot-tutorial/delta_robot_min_ws/src/my_first_delta'
[1.327s] INFO:colcon.colcon_core.shell:Skip shell extension 'powershell' for command environment: Not usable outside of PowerShell
[1.327s] DEBUG:colcon.colcon_core.shell:Skip shell extension 'dsv' for command environment
[1.661s] DEBUG:colcon.colcon_core.event_handler.log_command:Invoking command in '/home/sanmaster/onshape-to-robot-tutorial/delta_robot_min_ws/src/my_first_delta': PYTHONPATH=/home/sanmaster/onshape-to-robot-tutorial/delta_robot_min_ws/build/my_first_delta/prefix_override:/home/sanmaster/onshape-to-robot-tutorial/delta_robot_min_ws/install/my_first_delta/lib/python3.10/site-packages:${PYTHONPATH} /usr/bin/python3 -W ignore:setup.py install is deprecated setup.py egg_info --egg-base ../../build/my_first_delta build --build-base /home/sanmaster/onshape-to-robot-tutorial/delta_robot_min_ws/build/my_first_delta/build install --record /home/sanmaster/onshape-to-robot-tutorial/delta_robot_min_ws/build/my_first_delta/install.log --single-version-externally-managed install_data
[1.958s] Level 1:colcon.colcon_core.environment:checking '/home/sanmaster/onshape-to-robot-tutorial/delta_robot_min_ws/install/my_first_delta' for CMake module files
[1.958s] DEBUG:colcon.colcon_core.event_handler.log_command:Invoked command in '/home/sanmaster/onshape-to-robot-tutorial/delta_robot_min_ws/src/my_first_delta' returned '0': PYTHONPATH=/home/sanmaster/onshape-to-robot-tutorial/delta_robot_min_ws/build/my_first_delta/prefix_override:/home/sanmaster/onshape-to-robot-tutorial/delta_robot_min_ws/install/my_first_delta/lib/python3.10/site-packages:${PYTHONPATH} /usr/bin/python3 -W ignore:setup.py install is deprecated setup.py egg_info --egg-base ../../build/my_first_delta build --build-base /home/sanmaster/onshape-to-robot-tutorial/delta_robot_min_ws/build/my_first_delta/build install --record /home/sanmaster/onshape-to-robot-tutorial/delta_robot_min_ws/build/my_first_delta/install.log --single-version-externally-managed install_data
[1.959s] Level 1:colcon.colcon_core.environment:checking '/home/sanmaster/onshape-to-robot-tutorial/delta_robot_min_ws/install/my_first_delta' for CMake config files
[1.960s] Level 1:colcon.colcon_core.environment:checking '/home/sanmaster/onshape-to-robot-tutorial/delta_robot_min_ws/install/my_first_delta/lib'
[1.960s] Level 1:colcon.colcon_core.environment:checking '/home/sanmaster/onshape-to-robot-tutorial/delta_robot_min_ws/install/my_first_delta/bin'
[1.960s] Level 1:colcon.colcon_core.environment:checking '/home/sanmaster/onshape-to-robot-tutorial/delta_robot_min_ws/install/my_first_delta/lib/pkgconfig/my_first_delta.pc'
[1.960s] Level 1:colcon.colcon_core.environment:checking '/home/sanmaster/onshape-to-robot-tutorial/delta_robot_min_ws/install/my_first_delta/lib/python3.10/site-packages'
[1.960s] Level 1:colcon.colcon_core.shell:create_environment_hook('my_first_delta', 'pythonpath')
[1.961s] INFO:colcon.colcon_core.shell:Creating environment hook '/home/sanmaster/onshape-to-robot-tutorial/delta_robot_min_ws/install/my_first_delta/share/my_first_delta/hook/pythonpath.ps1'
[1.961s] INFO:colcon.colcon_core.shell:Creating environment descriptor '/home/sanmaster/onshape-to-robot-tutorial/delta_robot_min_ws/install/my_first_delta/share/my_first_delta/hook/pythonpath.dsv'
[1.961s] INFO:colcon.colcon_core.shell:Creating environment hook '/home/sanmaster/onshape-to-robot-tutorial/delta_robot_min_ws/install/my_first_delta/share/my_first_delta/hook/pythonpath.sh'
[1.962s] Level 1:colcon.colcon_core.environment:checking '/home/sanmaster/onshape-to-robot-tutorial/delta_robot_min_ws/install/my_first_delta/bin'
[1.962s] Level 1:colcon.colcon_core.environment:create_environment_scripts_only(my_first_delta)
[1.962s] INFO:colcon.colcon_core.shell:Creating package script '/home/sanmaster/onshape-to-robot-tutorial/delta_robot_min_ws/install/my_first_delta/share/my_first_delta/package.ps1'
[1.963s] INFO:colcon.colcon_core.shell:Creating package descriptor '/home/sanmaster/onshape-to-robot-tutorial/delta_robot_min_ws/install/my_first_delta/share/my_first_delta/package.dsv'
[1.963s] INFO:colcon.colcon_core.shell:Creating package script '/home/sanmaster/onshape-to-robot-tutorial/delta_robot_min_ws/install/my_first_delta/share/my_first_delta/package.sh'
[1.964s] INFO:colcon.colcon_core.shell:Creating package script '/home/sanmaster/onshape-to-robot-tutorial/delta_robot_min_ws/install/my_first_delta/share/my_first_delta/package.bash'
[1.964s] INFO:colcon.colcon_core.shell:Creating package script '/home/sanmaster/onshape-to-robot-tutorial/delta_robot_min_ws/install/my_first_delta/share/my_first_delta/package.zsh'
[1.964s] Level 1:colcon.colcon_core.environment:create_file_with_runtime_dependencies(/home/sanmaster/onshape-to-robot-tutorial/delta_robot_min_ws/install/my_first_delta/share/colcon-core/packages/my_first_delta)
[1.965s] DEBUG:colcon.colcon_core.executor.sequential:run_until_complete 'my_first_delta' finished with '0'
[1.965s] DEBUG:colcon.colcon_core.executor.sequential:closing loop
[1.965s] DEBUG:colcon.colcon_core.executor.sequential:loop closed
[1.965s] DEBUG:colcon.colcon_core.event_reactor:joining thread
[1.969s] INFO:colcon.colcon_core.plugin_system:Skipping extension 'colcon_notification.desktop_notification.terminal_notifier': Not used on non-Darwin systems
[1.969s] INFO:colcon.colcon_core.plugin_system:Skipping extension 'colcon_notification.desktop_notification.win32': Not used on non-Windows systems
[1.969s] INFO:colcon.colcon_notification.desktop_notification:Sending desktop notification using 'notify2'
[1.978s] DEBUG:colcon.colcon_core.event_reactor:joined thread
[1.979s] INFO:colcon.colcon_core.shell:Creating prefix script '/home/sanmaster/onshape-to-robot-tutorial/delta_robot_min_ws/install/local_setup.ps1'
[1.979s] INFO:colcon.colcon_core.shell:Creating prefix util module '/home/sanmaster/onshape-to-robot-tutorial/delta_robot_min_ws/install/_local_setup_util_ps1.py'
[1.981s] INFO:colcon.colcon_core.shell:Creating prefix chain script '/home/sanmaster/onshape-to-robot-tutorial/delta_robot_min_ws/install/setup.ps1'
[1.981s] INFO:colcon.colcon_core.shell:Creating prefix script '/home/sanmaster/onshape-to-robot-tutorial/delta_robot_min_ws/install/local_setup.sh'
[1.982s] INFO:colcon.colcon_core.shell:Creating prefix util module '/home/sanmaster/onshape-to-robot-tutorial/delta_robot_min_ws/install/_local_setup_util_sh.py'
[1.982s] INFO:colcon.colcon_core.shell:Creating prefix chain script '/home/sanmaster/onshape-to-robot-tutorial/delta_robot_min_ws/install/setup.sh'
[1.983s] INFO:colcon.colcon_core.shell:Creating prefix script '/home/sanmaster/onshape-to-robot-tutorial/delta_robot_min_ws/install/local_setup.bash'
[1.984s] INFO:colcon.colcon_core.shell:Creating prefix chain script '/home/sanmaster/onshape-to-robot-tutorial/delta_robot_min_ws/install/setup.bash'
[1.984s] INFO:colcon.colcon_core.shell:Creating prefix script '/home/sanmaster/onshape-to-robot-tutorial/delta_robot_min_ws/install/local_setup.zsh'
[1.985s] INFO:colcon.colcon_core.shell:Creating prefix chain script '/home/sanmaster/onshape-to-robot-tutorial/delta_robot_min_ws/install/setup.zsh'
