[0.701s] Invoking command in '/home/sanmaster/onshape-to-robot-tutorial/delta_robot_min_ws/src/my_second_delta': PYTHONPATH=/home/sanmaster/onshape-to-robot-tutorial/delta_robot_min_ws/build/my_second_delta/prefix_override:/home/sanmaster/onshape-to-robot-tutorial/delta_robot_min_ws/install/my_second_delta/lib/python3.10/site-packages:${PYTHONPATH} /usr/bin/python3 -W ignore:setup.py install is deprecated setup.py egg_info --egg-base ../../build/my_second_delta build --build-base /home/sanmaster/onshape-to-robot-tutorial/delta_robot_min_ws/build/my_second_delta/build install --record /home/sanmaster/onshape-to-robot-tutorial/delta_robot_min_ws/build/my_second_delta/install.log --single-version-externally-managed install_data
[0.995s] running egg_info
[0.996s] creating ../../build/my_second_delta/my_second_delta.egg-info
[0.997s] writing ../../build/my_second_delta/my_second_delta.egg-info/PKG-INFO
[0.997s] writing dependency_links to ../../build/my_second_delta/my_second_delta.egg-info/dependency_links.txt
[0.997s] writing entry points to ../../build/my_second_delta/my_second_delta.egg-info/entry_points.txt
[0.997s] writing requirements to ../../build/my_second_delta/my_second_delta.egg-info/requires.txt
[0.997s] writing top-level names to ../../build/my_second_delta/my_second_delta.egg-info/top_level.txt
[0.998s] writing manifest file '../../build/my_second_delta/my_second_delta.egg-info/SOURCES.txt'
[1.000s] reading manifest file '../../build/my_second_delta/my_second_delta.egg-info/SOURCES.txt'
[1.001s] adding license file 'LICENSE'
[1.002s] writing manifest file '../../build/my_second_delta/my_second_delta.egg-info/SOURCES.txt'
[1.002s] running build
[1.002s] running build_py
[1.002s] creating /home/sanmaster/onshape-to-robot-tutorial/delta_robot_min_ws/build/my_second_delta/build
[1.002s] creating /home/sanmaster/onshape-to-robot-tutorial/delta_robot_min_ws/build/my_second_delta/build/lib
[1.002s] creating /home/sanmaster/onshape-to-robot-tutorial/delta_robot_min_ws/build/my_second_delta/build/lib/my_second_delta
[1.003s] copying my_second_delta/__init__.py -> /home/sanmaster/onshape-to-robot-tutorial/delta_robot_min_ws/build/my_second_delta/build/lib/my_second_delta
[1.003s] running install
[1.003s] running install_lib
[1.006s] creating /home/sanmaster/onshape-to-robot-tutorial/delta_robot_min_ws/install/my_second_delta/lib/python3.10/site-packages/my_second_delta
[1.006s] copying /home/sanmaster/onshape-to-robot-tutorial/delta_robot_min_ws/build/my_second_delta/build/lib/my_second_delta/__init__.py -> /home/sanmaster/onshape-to-robot-tutorial/delta_robot_min_ws/install/my_second_delta/lib/python3.10/site-packages/my_second_delta
[1.007s] byte-compiling /home/sanmaster/onshape-to-robot-tutorial/delta_robot_min_ws/install/my_second_delta/lib/python3.10/site-packages/my_second_delta/__init__.py to __init__.cpython-310.pyc
[1.007s] running install_data
[1.008s] creating /home/sanmaster/onshape-to-robot-tutorial/delta_robot_min_ws/install/my_second_delta/share/ament_index
[1.008s] creating /home/sanmaster/onshape-to-robot-tutorial/delta_robot_min_ws/install/my_second_delta/share/ament_index/resource_index
[1.008s] creating /home/sanmaster/onshape-to-robot-tutorial/delta_robot_min_ws/install/my_second_delta/share/ament_index/resource_index/packages
[1.008s] copying resource/my_second_delta -> /home/sanmaster/onshape-to-robot-tutorial/delta_robot_min_ws/install/my_second_delta/share/ament_index/resource_index/packages
[1.008s] copying package.xml -> /home/sanmaster/onshape-to-robot-tutorial/delta_robot_min_ws/install/my_second_delta/share/my_second_delta
[1.008s] running install_egg_info
[1.011s] Copying ../../build/my_second_delta/my_second_delta.egg-info to /home/sanmaster/onshape-to-robot-tutorial/delta_robot_min_ws/install/my_second_delta/lib/python3.10/site-packages/my_second_delta-0.0.0-py3.10.egg-info
[1.012s] running install_scripts
[1.046s] writing list of installed files to '/home/sanmaster/onshape-to-robot-tutorial/delta_robot_min_ws/build/my_second_delta/install.log'
[1.072s] Invoked command in '/home/sanmaster/onshape-to-robot-tutorial/delta_robot_min_ws/src/my_second_delta' returned '0': PYTHONPATH=/home/sanmaster/onshape-to-robot-tutorial/delta_robot_min_ws/build/my_second_delta/prefix_override:/home/sanmaster/onshape-to-robot-tutorial/delta_robot_min_ws/install/my_second_delta/lib/python3.10/site-packages:${PYTHONPATH} /usr/bin/python3 -W ignore:setup.py install is deprecated setup.py egg_info --egg-base ../../build/my_second_delta build --build-base /home/sanmaster/onshape-to-robot-tutorial/delta_robot_min_ws/build/my_second_delta/build install --record /home/sanmaster/onshape-to-robot-tutorial/delta_robot_min_ws/build/my_second_delta/install.log --single-version-externally-managed install_data
