[0.875s] Invoking command in '/home/sanmaster/onshape-to-robot-tutorial/delta_robot_min_ws/src/my_second_delta': PYTHONPATH=/home/sanmaster/onshape-to-robot-tutorial/delta_robot_min_ws/build/my_second_delta/prefix_override:/home/sanmaster/onshape-to-robot-tutorial/delta_robot_min_ws/install/my_second_delta/lib/python3.10/site-packages:${PYTHONPATH} /usr/bin/python3 -W ignore:setup.py install is deprecated setup.py egg_info --egg-base ../../build/my_second_delta build --build-base /home/sanmaster/onshape-to-robot-tutorial/delta_robot_min_ws/build/my_second_delta/build install --record /home/sanmaster/onshape-to-robot-tutorial/delta_robot_min_ws/build/my_second_delta/install.log --single-version-externally-managed install_data
[1.269s] running egg_info
[1.270s] writing ../../build/my_second_delta/my_second_delta.egg-info/PKG-INFO
[1.270s] writing dependency_links to ../../build/my_second_delta/my_second_delta.egg-info/dependency_links.txt
[1.270s] writing entry points to ../../build/my_second_delta/my_second_delta.egg-info/entry_points.txt
[1.271s] writing requirements to ../../build/my_second_delta/my_second_delta.egg-info/requires.txt
[1.271s] writing top-level names to ../../build/my_second_delta/my_second_delta.egg-info/top_level.txt
[1.273s] reading manifest file '../../build/my_second_delta/my_second_delta.egg-info/SOURCES.txt'
[1.273s] adding license file 'LICENSE'
[1.274s] writing manifest file '../../build/my_second_delta/my_second_delta.egg-info/SOURCES.txt'
[1.274s] running build
[1.274s] running build_py
[1.274s] running install
[1.274s] running install_lib
[1.276s] running install_data
[1.276s] copying urdf/macros.xacro -> /home/sanmaster/onshape-to-robot-tutorial/delta_robot_min_ws/install/my_second_delta/share/my_second_delta/urdf
[1.276s] running install_egg_info
[1.278s] removing '/home/sanmaster/onshape-to-robot-tutorial/delta_robot_min_ws/install/my_second_delta/lib/python3.10/site-packages/my_second_delta-0.0.0-py3.10.egg-info' (and everything under it)
[1.278s] Copying ../../build/my_second_delta/my_second_delta.egg-info to /home/sanmaster/onshape-to-robot-tutorial/delta_robot_min_ws/install/my_second_delta/lib/python3.10/site-packages/my_second_delta-0.0.0-py3.10.egg-info
[1.279s] running install_scripts
[1.302s] writing list of installed files to '/home/sanmaster/onshape-to-robot-tutorial/delta_robot_min_ws/build/my_second_delta/install.log'
[1.323s] Invoked command in '/home/sanmaster/onshape-to-robot-tutorial/delta_robot_min_ws/src/my_second_delta' returned '0': PYTHONPATH=/home/sanmaster/onshape-to-robot-tutorial/delta_robot_min_ws/build/my_second_delta/prefix_override:/home/sanmaster/onshape-to-robot-tutorial/delta_robot_min_ws/install/my_second_delta/lib/python3.10/site-packages:${PYTHONPATH} /usr/bin/python3 -W ignore:setup.py install is deprecated setup.py egg_info --egg-base ../../build/my_second_delta build --build-base /home/sanmaster/onshape-to-robot-tutorial/delta_robot_min_ws/build/my_second_delta/build install --record /home/sanmaster/onshape-to-robot-tutorial/delta_robot_min_ws/build/my_second_delta/install.log --single-version-externally-managed install_data
