[1.208s] Invoking command in '/home/sanmaster/onshape-to-robot-tutorial/delta_robot_min_ws/src/my_second_delta': PYTHONPATH=/home/sanmaster/onshape-to-robot-tutorial/delta_robot_min_ws/src/my_second_delta/build/my_second_delta/prefix_override:/home/sanmaster/onshape-to-robot-tutorial/delta_robot_min_ws/src/my_second_delta/install/my_second_delta/lib/python3.10/site-packages:${PYTHONPATH} /usr/bin/python3 -W ignore:setup.py install is deprecated setup.py egg_info --egg-base build/my_second_delta build --build-base /home/sanmaster/onshape-to-robot-tutorial/delta_robot_min_ws/src/my_second_delta/build/my_second_delta/build install --record /home/sanmaster/onshape-to-robot-tutorial/delta_robot_min_ws/src/my_second_delta/build/my_second_delta/install.log --single-version-externally-managed install_data
[1.675s] running egg_info
[1.675s] creating build/my_second_delta/my_second_delta.egg-info
[1.676s] writing build/my_second_delta/my_second_delta.egg-info/PKG-INFO
[1.676s] writing dependency_links to build/my_second_delta/my_second_delta.egg-info/dependency_links.txt
[1.677s] writing entry points to build/my_second_delta/my_second_delta.egg-info/entry_points.txt
[1.677s] writing requirements to build/my_second_delta/my_second_delta.egg-info/requires.txt
[1.677s] writing top-level names to build/my_second_delta/my_second_delta.egg-info/top_level.txt
[1.678s] writing manifest file 'build/my_second_delta/my_second_delta.egg-info/SOURCES.txt'
[1.681s] reading manifest file 'build/my_second_delta/my_second_delta.egg-info/SOURCES.txt'
[1.682s] adding license file 'LICENSE'
[1.683s] writing manifest file 'build/my_second_delta/my_second_delta.egg-info/SOURCES.txt'
[1.683s] running build
[1.684s] running build_py
[1.684s] creating /home/sanmaster/onshape-to-robot-tutorial/delta_robot_min_ws/src/my_second_delta/build/my_second_delta/build
[1.684s] creating /home/sanmaster/onshape-to-robot-tutorial/delta_robot_min_ws/src/my_second_delta/build/my_second_delta/build/lib
[1.684s] creating /home/sanmaster/onshape-to-robot-tutorial/delta_robot_min_ws/src/my_second_delta/build/my_second_delta/build/lib/my_second_delta
[1.684s] copying my_second_delta/excel_publisher.py -> /home/sanmaster/onshape-to-robot-tutorial/delta_robot_min_ws/src/my_second_delta/build/my_second_delta/build/lib/my_second_delta
[1.685s] copying my_second_delta/inverse_kinematics_server.py -> /home/sanmaster/onshape-to-robot-tutorial/delta_robot_min_ws/src/my_second_delta/build/my_second_delta/build/lib/my_second_delta
[1.685s] copying my_second_delta/__init__.py -> /home/sanmaster/onshape-to-robot-tutorial/delta_robot_min_ws/src/my_second_delta/build/my_second_delta/build/lib/my_second_delta
[1.685s] copying my_second_delta/inverse_kinematics_client.py -> /home/sanmaster/onshape-to-robot-tutorial/delta_robot_min_ws/src/my_second_delta/build/my_second_delta/build/lib/my_second_delta
[1.685s] copying my_second_delta/joint_publisher.py -> /home/sanmaster/onshape-to-robot-tutorial/delta_robot_min_ws/src/my_second_delta/build/my_second_delta/build/lib/my_second_delta
[1.685s] copying my_second_delta/plc_reader.py -> /home/sanmaster/onshape-to-robot-tutorial/delta_robot_min_ws/src/my_second_delta/build/my_second_delta/build/lib/my_second_delta
[1.685s] running install
[1.686s] running install_lib
[1.687s] creating /home/sanmaster/onshape-to-robot-tutorial/delta_robot_min_ws/src/my_second_delta/install/my_second_delta/lib/python3.10/site-packages/my_second_delta
[1.687s] copying /home/sanmaster/onshape-to-robot-tutorial/delta_robot_min_ws/src/my_second_delta/build/my_second_delta/build/lib/my_second_delta/excel_publisher.py -> /home/sanmaster/onshape-to-robot-tutorial/delta_robot_min_ws/src/my_second_delta/install/my_second_delta/lib/python3.10/site-packages/my_second_delta
[1.687s] copying /home/sanmaster/onshape-to-robot-tutorial/delta_robot_min_ws/src/my_second_delta/build/my_second_delta/build/lib/my_second_delta/inverse_kinematics_server.py -> /home/sanmaster/onshape-to-robot-tutorial/delta_robot_min_ws/src/my_second_delta/install/my_second_delta/lib/python3.10/site-packages/my_second_delta
[1.688s] copying /home/sanmaster/onshape-to-robot-tutorial/delta_robot_min_ws/src/my_second_delta/build/my_second_delta/build/lib/my_second_delta/__init__.py -> /home/sanmaster/onshape-to-robot-tutorial/delta_robot_min_ws/src/my_second_delta/install/my_second_delta/lib/python3.10/site-packages/my_second_delta
[1.688s] copying /home/sanmaster/onshape-to-robot-tutorial/delta_robot_min_ws/src/my_second_delta/build/my_second_delta/build/lib/my_second_delta/inverse_kinematics_client.py -> /home/sanmaster/onshape-to-robot-tutorial/delta_robot_min_ws/src/my_second_delta/install/my_second_delta/lib/python3.10/site-packages/my_second_delta
[1.688s] copying /home/sanmaster/onshape-to-robot-tutorial/delta_robot_min_ws/src/my_second_delta/build/my_second_delta/build/lib/my_second_delta/joint_publisher.py -> /home/sanmaster/onshape-to-robot-tutorial/delta_robot_min_ws/src/my_second_delta/install/my_second_delta/lib/python3.10/site-packages/my_second_delta
[1.688s] copying /home/sanmaster/onshape-to-robot-tutorial/delta_robot_min_ws/src/my_second_delta/build/my_second_delta/build/lib/my_second_delta/plc_reader.py -> /home/sanmaster/onshape-to-robot-tutorial/delta_robot_min_ws/src/my_second_delta/install/my_second_delta/lib/python3.10/site-packages/my_second_delta
[1.689s] byte-compiling /home/sanmaster/onshape-to-robot-tutorial/delta_robot_min_ws/src/my_second_delta/install/my_second_delta/lib/python3.10/site-packages/my_second_delta/excel_publisher.py to excel_publisher.cpython-310.pyc
[1.690s] byte-compiling /home/sanmaster/onshape-to-robot-tutorial/delta_robot_min_ws/src/my_second_delta/install/my_second_delta/lib/python3.10/site-packages/my_second_delta/inverse_kinematics_server.py to inverse_kinematics_server.cpython-310.pyc
[1.691s] byte-compiling /home/sanmaster/onshape-to-robot-tutorial/delta_robot_min_ws/src/my_second_delta/install/my_second_delta/lib/python3.10/site-packages/my_second_delta/__init__.py to __init__.cpython-310.pyc
[1.691s] byte-compiling /home/sanmaster/onshape-to-robot-tutorial/delta_robot_min_ws/src/my_second_delta/install/my_second_delta/lib/python3.10/site-packages/my_second_delta/inverse_kinematics_client.py to inverse_kinematics_client.cpython-310.pyc
[1.692s] byte-compiling /home/sanmaster/onshape-to-robot-tutorial/delta_robot_min_ws/src/my_second_delta/install/my_second_delta/lib/python3.10/site-packages/my_second_delta/joint_publisher.py to joint_publisher.cpython-310.pyc
[1.693s] byte-compiling /home/sanmaster/onshape-to-robot-tutorial/delta_robot_min_ws/src/my_second_delta/install/my_second_delta/lib/python3.10/site-packages/my_second_delta/plc_reader.py to plc_reader.cpython-310.pyc
[1.694s] running install_data
[1.694s] creating /home/sanmaster/onshape-to-robot-tutorial/delta_robot_min_ws/src/my_second_delta/install/my_second_delta/share/ament_index
[1.694s] creating /home/sanmaster/onshape-to-robot-tutorial/delta_robot_min_ws/src/my_second_delta/install/my_second_delta/share/ament_index/resource_index
[1.694s] creating /home/sanmaster/onshape-to-robot-tutorial/delta_robot_min_ws/src/my_second_delta/install/my_second_delta/share/ament_index/resource_index/packages
[1.695s] copying resource/my_second_delta -> /home/sanmaster/onshape-to-robot-tutorial/delta_robot_min_ws/src/my_second_delta/install/my_second_delta/share/ament_index/resource_index/packages
[1.695s] copying package.xml -> /home/sanmaster/onshape-to-robot-tutorial/delta_robot_min_ws/src/my_second_delta/install/my_second_delta/share/my_second_delta
[1.695s] creating /home/sanmaster/onshape-to-robot-tutorial/delta_robot_min_ws/src/my_second_delta/install/my_second_delta/share/my_second_delta/launch
[1.695s] copying launch/launch_delta.py -> /home/sanmaster/onshape-to-robot-tutorial/delta_robot_min_ws/src/my_second_delta/install/my_second_delta/share/my_second_delta/launch
[1.695s] creating /home/sanmaster/onshape-to-robot-tutorial/delta_robot_min_ws/src/my_second_delta/install/my_second_delta/share/my_second_delta/urdf
[1.695s] copying urdf/delta.urdf.xacro -> /home/sanmaster/onshape-to-robot-tutorial/delta_robot_min_ws/src/my_second_delta/install/my_second_delta/share/my_second_delta/urdf
[1.695s] copying urdf/macros.xacro -> /home/sanmaster/onshape-to-robot-tutorial/delta_robot_min_ws/src/my_second_delta/install/my_second_delta/share/my_second_delta/urdf
[1.695s] copying urdf/gazebo_stuff.xacro -> /home/sanmaster/onshape-to-robot-tutorial/delta_robot_min_ws/src/my_second_delta/install/my_second_delta/share/my_second_delta/urdf
[1.696s] copying urdf/delta.urdf -> /home/sanmaster/onshape-to-robot-tutorial/delta_robot_min_ws/src/my_second_delta/install/my_second_delta/share/my_second_delta/urdf
[1.696s] creating /home/sanmaster/onshape-to-robot-tutorial/delta_robot_min_ws/src/my_second_delta/install/my_second_delta/share/my_second_delta/meshes
[1.697s] copying meshes/Base_Fija.stl -> /home/sanmaster/onshape-to-robot-tutorial/delta_robot_min_ws/src/my_second_delta/install/my_second_delta/share/my_second_delta/meshes
[1.698s] copying meshes/Brazo.stl -> /home/sanmaster/onshape-to-robot-tutorial/delta_robot_min_ws/src/my_second_delta/install/my_second_delta/share/my_second_delta/meshes
[1.699s] copying meshes/Base_Movil.stl -> /home/sanmaster/onshape-to-robot-tutorial/delta_robot_min_ws/src/my_second_delta/install/my_second_delta/share/my_second_delta/meshes
[1.700s] creating /home/sanmaster/onshape-to-robot-tutorial/delta_robot_min_ws/src/my_second_delta/install/my_second_delta/share/my_second_delta/data
[1.701s] copying data/coordinates.xlsx -> /home/sanmaster/onshape-to-robot-tutorial/delta_robot_min_ws/src/my_second_delta/install/my_second_delta/share/my_second_delta/data
[1.701s] creating /home/sanmaster/onshape-to-robot-tutorial/delta_robot_min_ws/src/my_second_delta/install/my_second_delta/share/my_second_delta/config
[1.701s] copying config/delta_joint_position.yaml -> /home/sanmaster/onshape-to-robot-tutorial/delta_robot_min_ws/src/my_second_delta/install/my_second_delta/share/my_second_delta/config
[1.701s] creating /home/sanmaster/onshape-to-robot-tutorial/delta_robot_min_ws/src/my_second_delta/install/my_second_delta/include
[1.701s] creating /home/sanmaster/onshape-to-robot-tutorial/delta_robot_min_ws/src/my_second_delta/install/my_second_delta/include/my_second_delta
[1.701s] creating /home/sanmaster/onshape-to-robot-tutorial/delta_robot_min_ws/src/my_second_delta/install/my_second_delta/include/my_second_delta/hardware
[1.701s] copying hardware/include/ros2_control_demo_example_3/rrbot_system_multi_interface.hpp -> /home/sanmaster/onshape-to-robot-tutorial/delta_robot_min_ws/src/my_second_delta/install/my_second_delta/include/my_second_delta/hardware
[1.702s] copying hardware/include/ros2_control_demo_example_3/visibility_control.h -> /home/sanmaster/onshape-to-robot-tutorial/delta_robot_min_ws/src/my_second_delta/install/my_second_delta/include/my_second_delta/hardware
[1.702s] running install_egg_info
[1.704s] Copying build/my_second_delta/my_second_delta.egg-info to /home/sanmaster/onshape-to-robot-tutorial/delta_robot_min_ws/src/my_second_delta/install/my_second_delta/lib/python3.10/site-packages/my_second_delta-0.0.0-py3.10.egg-info
[1.705s] running install_scripts
[1.737s] Installing inverse_kinematics_client script to /home/sanmaster/onshape-to-robot-tutorial/delta_robot_min_ws/src/my_second_delta/install/my_second_delta/lib/my_second_delta
[1.738s] Installing inverse_kinematics_server script to /home/sanmaster/onshape-to-robot-tutorial/delta_robot_min_ws/src/my_second_delta/install/my_second_delta/lib/my_second_delta
[1.738s] Installing joint_publisher script to /home/sanmaster/onshape-to-robot-tutorial/delta_robot_min_ws/src/my_second_delta/install/my_second_delta/lib/my_second_delta
[1.738s] Installing plc_reader script to /home/sanmaster/onshape-to-robot-tutorial/delta_robot_min_ws/src/my_second_delta/install/my_second_delta/lib/my_second_delta
[1.739s] Installing spawner script to /home/sanmaster/onshape-to-robot-tutorial/delta_robot_min_ws/src/my_second_delta/install/my_second_delta/lib/my_second_delta
[1.739s] writing list of installed files to '/home/sanmaster/onshape-to-robot-tutorial/delta_robot_min_ws/src/my_second_delta/build/my_second_delta/install.log'
[1.771s] Invoked command in '/home/sanmaster/onshape-to-robot-tutorial/delta_robot_min_ws/src/my_second_delta' returned '0': PYTHONPATH=/home/sanmaster/onshape-to-robot-tutorial/delta_robot_min_ws/src/my_second_delta/build/my_second_delta/prefix_override:/home/sanmaster/onshape-to-robot-tutorial/delta_robot_min_ws/src/my_second_delta/install/my_second_delta/lib/python3.10/site-packages:${PYTHONPATH} /usr/bin/python3 -W ignore:setup.py install is deprecated setup.py egg_info --egg-base build/my_second_delta build --build-base /home/sanmaster/onshape-to-robot-tutorial/delta_robot_min_ws/src/my_second_delta/build/my_second_delta/build install --record /home/sanmaster/onshape-to-robot-tutorial/delta_robot_min_ws/src/my_second_delta/build/my_second_delta/install.log --single-version-externally-managed install_data
