[0.588s] Invoking command in '/home/sanmaster/onshape-to-robot-tutorial/delta_robot_min_ws/src/my_first_delta': PYTHONPATH=/home/sanmaster/onshape-to-robot-tutorial/delta_robot_min_ws/build/my_first_delta/prefix_override:/home/sanmaster/onshape-to-robot-tutorial/delta_robot_min_ws/install/my_first_delta/lib/python3.10/site-packages:${PYTHONPATH} /usr/bin/python3 -W ignore:setup.py install is deprecated setup.py egg_info --egg-base ../../build/my_first_delta build --build-base /home/sanmaster/onshape-to-robot-tutorial/delta_robot_min_ws/build/my_first_delta/build install --record /home/sanmaster/onshape-to-robot-tutorial/delta_robot_min_ws/build/my_first_delta/install.log --single-version-externally-managed install_data
[0.850s] running egg_info
[0.850s] writing ../../build/my_first_delta/my_first_delta.egg-info/PKG-INFO
[0.851s] writing dependency_links to ../../build/my_first_delta/my_first_delta.egg-info/dependency_links.txt
[0.851s] writing entry points to ../../build/my_first_delta/my_first_delta.egg-info/entry_points.txt
[0.851s] writing requirements to ../../build/my_first_delta/my_first_delta.egg-info/requires.txt
[0.851s] writing top-level names to ../../build/my_first_delta/my_first_delta.egg-info/top_level.txt
[0.852s] reading manifest file '../../build/my_first_delta/my_first_delta.egg-info/SOURCES.txt'
[0.853s] adding license file 'LICENSE'
[0.853s] writing manifest file '../../build/my_first_delta/my_first_delta.egg-info/SOURCES.txt'
[0.853s] running build
[0.854s] running build_py
[0.854s] running install
[0.854s] running install_lib
[0.855s] running install_data
[0.855s] copying launch/basic_launch.py -> /home/sanmaster/onshape-to-robot-tutorial/delta_robot_min_ws/install/my_first_delta/share/my_first_delta/launch
[0.855s] copying urdf/base.urdf.xacro -> /home/sanmaster/onshape-to-robot-tutorial/delta_robot_min_ws/install/my_first_delta/share/my_first_delta/urdf
[0.856s] running install_egg_info
[0.857s] removing '/home/sanmaster/onshape-to-robot-tutorial/delta_robot_min_ws/install/my_first_delta/lib/python3.10/site-packages/my_first_delta-0.0.0-py3.10.egg-info' (and everything under it)
[0.857s] Copying ../../build/my_first_delta/my_first_delta.egg-info to /home/sanmaster/onshape-to-robot-tutorial/delta_robot_min_ws/install/my_first_delta/lib/python3.10/site-packages/my_first_delta-0.0.0-py3.10.egg-info
[0.858s] running install_scripts
[0.879s] writing list of installed files to '/home/sanmaster/onshape-to-robot-tutorial/delta_robot_min_ws/build/my_first_delta/install.log'
[0.900s] Invoked command in '/home/sanmaster/onshape-to-robot-tutorial/delta_robot_min_ws/src/my_first_delta' returned '0': PYTHONPATH=/home/sanmaster/onshape-to-robot-tutorial/delta_robot_min_ws/build/my_first_delta/prefix_override:/home/sanmaster/onshape-to-robot-tutorial/delta_robot_min_ws/install/my_first_delta/lib/python3.10/site-packages:${PYTHONPATH} /usr/bin/python3 -W ignore:setup.py install is deprecated setup.py egg_info --egg-base ../../build/my_first_delta build --build-base /home/sanmaster/onshape-to-robot-tutorial/delta_robot_min_ws/build/my_first_delta/build install --record /home/sanmaster/onshape-to-robot-tutorial/delta_robot_min_ws/build/my_first_delta/install.log --single-version-externally-managed install_data
