running egg_info
creating ../../build/delta_moveit_config/delta_moveit_config.egg-info
writing ../../build/delta_moveit_config/delta_moveit_config.egg-info/PKG-INFO
writing dependency_links to ../../build/delta_moveit_config/delta_moveit_config.egg-info/dependency_links.txt
writing entry points to ../../build/delta_moveit_config/delta_moveit_config.egg-info/entry_points.txt
writing requirements to ../../build/delta_moveit_config/delta_moveit_config.egg-info/requires.txt
writing top-level names to ../../build/delta_moveit_config/delta_moveit_config.egg-info/top_level.txt
writing manifest file '../../build/delta_moveit_config/delta_moveit_config.egg-info/SOURCES.txt'
reading manifest file '../../build/delta_moveit_config/delta_moveit_config.egg-info/SOURCES.txt'
writing manifest file '../../build/delta_moveit_config/delta_moveit_config.egg-info/SOURCES.txt'
running build
running build_py
creating /home/sanmaster/onshape-to-robot-tutorial/delta_robot_min_ws/build/delta_moveit_config/build
creating /home/sanmaster/onshape-to-robot-tutorial/delta_robot_min_ws/build/delta_moveit_config/build/lib
creating /home/sanmaster/onshape-to-robot-tutorial/delta_robot_min_ws/build/delta_moveit_config/build/lib/delta_moveit_config
copying delta_moveit_config/__init__.py -> /home/sanmaster/onshape-to-robot-tutorial/delta_robot_min_ws/build/delta_moveit_config/build/lib/delta_moveit_config
running install
running install_lib
creating /home/sanmaster/onshape-to-robot-tutorial/delta_robot_min_ws/install/delta_moveit_config/lib/python3.10/site-packages/delta_moveit_config
copying /home/sanmaster/onshape-to-robot-tutorial/delta_robot_min_ws/build/delta_moveit_config/build/lib/delta_moveit_config/__init__.py -> /home/sanmaster/onshape-to-robot-tutorial/delta_robot_min_ws/install/delta_moveit_config/lib/python3.10/site-packages/delta_moveit_config
byte-compiling /home/sanmaster/onshape-to-robot-tutorial/delta_robot_min_ws/install/delta_moveit_config/lib/python3.10/site-packages/delta_moveit_config/__init__.py to __init__.cpython-310.pyc
running install_data
creating /home/sanmaster/onshape-to-robot-tutorial/delta_robot_min_ws/install/delta_moveit_config/share/ament_index
creating /home/sanmaster/onshape-to-robot-tutorial/delta_robot_min_ws/install/delta_moveit_config/share/ament_index/resource_index
creating /home/sanmaster/onshape-to-robot-tutorial/delta_robot_min_ws/install/delta_moveit_config/share/ament_index/resource_index/packages
copying resource/delta_moveit_config -> /home/sanmaster/onshape-to-robot-tutorial/delta_robot_min_ws/install/delta_moveit_config/share/ament_index/resource_index/packages
copying package.xml -> /home/sanmaster/onshape-to-robot-tutorial/delta_robot_min_ws/install/delta_moveit_config/share/delta_moveit_config
running install_egg_info
Copying ../../build/delta_moveit_config/delta_moveit_config.egg-info to /home/sanmaster/onshape-to-robot-tutorial/delta_robot_min_ws/install/delta_moveit_config/lib/python3.10/site-packages/delta_moveit_config-0.0.0-py3.10.egg-info
running install_scripts
writing list of installed files to '/home/sanmaster/onshape-to-robot-tutorial/delta_robot_min_ws/build/delta_moveit_config/install.log'
