[0.667s] Invoking command in '/home/sanmaster/onshape-to-robot-tutorial/delta_robot_min_ws/src/delta_moveit_config': PYTHONPATH=/home/sanmaster/onshape-to-robot-tutorial/delta_robot_min_ws/build/delta_moveit_config/prefix_override:/home/sanmaster/onshape-to-robot-tutorial/delta_robot_min_ws/install/delta_moveit_config/lib/python3.10/site-packages:${PYTHONPATH} /usr/bin/python3 -W ignore:setup.py install is deprecated setup.py egg_info --egg-base ../../build/delta_moveit_config build --build-base /home/sanmaster/onshape-to-robot-tutorial/delta_robot_min_ws/build/delta_moveit_config/build install --record /home/sanmaster/onshape-to-robot-tutorial/delta_robot_min_ws/build/delta_moveit_config/install.log --single-version-externally-managed install_data
[0.924s] running egg_info
[0.925s] creating ../../build/delta_moveit_config/delta_moveit_config.egg-info
[0.925s] writing ../../build/delta_moveit_config/delta_moveit_config.egg-info/PKG-INFO
[0.925s] writing dependency_links to ../../build/delta_moveit_config/delta_moveit_config.egg-info/dependency_links.txt
[0.926s] writing entry points to ../../build/delta_moveit_config/delta_moveit_config.egg-info/entry_points.txt
[0.926s] writing requirements to ../../build/delta_moveit_config/delta_moveit_config.egg-info/requires.txt
[0.926s] writing top-level names to ../../build/delta_moveit_config/delta_moveit_config.egg-info/top_level.txt
[0.926s] writing manifest file '../../build/delta_moveit_config/delta_moveit_config.egg-info/SOURCES.txt'
[0.927s] reading manifest file '../../build/delta_moveit_config/delta_moveit_config.egg-info/SOURCES.txt'
[0.928s] writing manifest file '../../build/delta_moveit_config/delta_moveit_config.egg-info/SOURCES.txt'
[0.929s] running build
[0.929s] running build_py
[0.929s] creating /home/sanmaster/onshape-to-robot-tutorial/delta_robot_min_ws/build/delta_moveit_config/build
[0.929s] creating /home/sanmaster/onshape-to-robot-tutorial/delta_robot_min_ws/build/delta_moveit_config/build/lib
[0.929s] creating /home/sanmaster/onshape-to-robot-tutorial/delta_robot_min_ws/build/delta_moveit_config/build/lib/delta_moveit_config
[0.929s] copying delta_moveit_config/__init__.py -> /home/sanmaster/onshape-to-robot-tutorial/delta_robot_min_ws/build/delta_moveit_config/build/lib/delta_moveit_config
[0.929s] running install
[0.929s] running install_lib
[0.930s] creating /home/sanmaster/onshape-to-robot-tutorial/delta_robot_min_ws/install/delta_moveit_config/lib/python3.10/site-packages/delta_moveit_config
[0.930s] copying /home/sanmaster/onshape-to-robot-tutorial/delta_robot_min_ws/build/delta_moveit_config/build/lib/delta_moveit_config/__init__.py -> /home/sanmaster/onshape-to-robot-tutorial/delta_robot_min_ws/install/delta_moveit_config/lib/python3.10/site-packages/delta_moveit_config
[0.930s] byte-compiling /home/sanmaster/onshape-to-robot-tutorial/delta_robot_min_ws/install/delta_moveit_config/lib/python3.10/site-packages/delta_moveit_config/__init__.py to __init__.cpython-310.pyc
[0.931s] running install_data
[0.931s] creating /home/sanmaster/onshape-to-robot-tutorial/delta_robot_min_ws/install/delta_moveit_config/share/ament_index
[0.931s] creating /home/sanmaster/onshape-to-robot-tutorial/delta_robot_min_ws/install/delta_moveit_config/share/ament_index/resource_index
[0.931s] creating /home/sanmaster/onshape-to-robot-tutorial/delta_robot_min_ws/install/delta_moveit_config/share/ament_index/resource_index/packages
[0.931s] copying resource/delta_moveit_config -> /home/sanmaster/onshape-to-robot-tutorial/delta_robot_min_ws/install/delta_moveit_config/share/ament_index/resource_index/packages
[0.931s] copying package.xml -> /home/sanmaster/onshape-to-robot-tutorial/delta_robot_min_ws/install/delta_moveit_config/share/delta_moveit_config
[0.931s] running install_egg_info
[0.933s] Copying ../../build/delta_moveit_config/delta_moveit_config.egg-info to /home/sanmaster/onshape-to-robot-tutorial/delta_robot_min_ws/install/delta_moveit_config/lib/python3.10/site-packages/delta_moveit_config-0.0.0-py3.10.egg-info
[0.934s] running install_scripts
[0.953s] writing list of installed files to '/home/sanmaster/onshape-to-robot-tutorial/delta_robot_min_ws/build/delta_moveit_config/install.log'
[0.972s] Invoked command in '/home/sanmaster/onshape-to-robot-tutorial/delta_robot_min_ws/src/delta_moveit_config' returned '0': PYTHONPATH=/home/sanmaster/onshape-to-robot-tutorial/delta_robot_min_ws/build/delta_moveit_config/prefix_override:/home/sanmaster/onshape-to-robot-tutorial/delta_robot_min_ws/install/delta_moveit_config/lib/python3.10/site-packages:${PYTHONPATH} /usr/bin/python3 -W ignore:setup.py install is deprecated setup.py egg_info --egg-base ../../build/delta_moveit_config build --build-base /home/sanmaster/onshape-to-robot-tutorial/delta_robot_min_ws/build/delta_moveit_config/build install --record /home/sanmaster/onshape-to-robot-tutorial/delta_robot_min_ws/build/delta_moveit_config/install.log --single-version-externally-managed install_data
