[0.009s] Invoking command in '/home/sanmaster/onshape-to-robot-tutorial/delta_robot_min_ws/build/delta_moveit_config': /usr/bin/cmake /home/sanmaster/onshape-to-robot-tutorial/delta_robot_min_ws/src/delta_moveit_config -DCMAKE_INSTALL_PREFIX=/home/sanmaster/onshape-to-robot-tutorial/delta_robot_min_ws/install/delta_moveit_config
[0.055s] -- The C compiler identification is GNU 11.4.0
[0.104s] -- The CXX compiler identification is GNU 11.4.0
[0.111s] -- Detecting C compiler ABI info
[0.171s] -- Detecting C compiler ABI info - done
[0.177s] -- Check for working C compiler: /usr/bin/cc - skipped
[0.177s] -- Detecting C compile features
[0.178s] -- Detecting C compile features - done
[0.180s] -- Detecting CXX compiler ABI info
[0.252s] -- Detecting CXX compiler ABI info - done
[0.260s] -- Check for working CXX compiler: /usr/bin/c++ - skipped
[0.260s] -- Detecting CXX compile features
[0.261s] -- Detecting CXX compile features - done
[0.264s] -- Found ament_cmake: 2.0.4 (/opt/ros/iron/share/ament_cmake/cmake)
[0.414s] -- Found Python3: /usr/bin/python3.10 (found version "3.10.12") found components: Interpreter 
[0.542s] Error parsing '/home/sanmaster/onshape-to-robot-tutorial/delta_robot_min_ws/src/delta_moveit_config/package.xml':
[0.583s] Traceback (most recent call last):
[0.583s]   File "/opt/ros/iron/share/ament_cmake_core/cmake/core/package_xml_2_cmake.py", line 150, in <module>
[0.583s]     main()
[0.583s]   File "/opt/ros/iron/share/ament_cmake_core/cmake/core/package_xml_2_cmake.py", line 53, in main
[0.584s]     raise e
[0.584s]   File "/opt/ros/iron/share/ament_cmake_core/cmake/core/package_xml_2_cmake.py", line 49, in main
[0.584s]     package = parse_package_string(
[0.584s]   File "/usr/lib/python3/dist-packages/catkin_pkg/package.py", line 788, in parse_package_string
[0.585s]     pkg.validate(warnings=warnings)
[0.585s]   File "/usr/lib/python3/dist-packages/catkin_pkg/package.py", line 330, in validate
[0.585s]     raise InvalidPackage('\n'.join(errors), self.filename)
[0.585s] catkin_pkg.package.InvalidPackage: Error(s) in package '/home/sanmaster/onshape-to-robot-tutorial/delta_robot_min_ws/src/delta_moveit_config/package.xml':
[0.585s] Invalid email "" for person ""
[0.585s] Maintainers must have an email address
[0.585s] Invalid email "" for person ""
[0.597s] [31mCMake Error at /opt/ros/iron/share/ament_cmake_core/cmake/core/ament_package_xml.cmake:95 (message):
[0.597s]   execute_process(/usr/bin/python3.10
[0.597s]   /opt/ros/iron/share/ament_cmake_core/cmake/core/package_xml_2_cmake.py
[0.597s]   /home/sanmaster/onshape-to-robot-tutorial/delta_robot_min_ws/src/delta_moveit_config/package.xml
[0.597s]   /home/sanmaster/onshape-to-robot-tutorial/delta_robot_min_ws/build/delta_moveit_config/ament_cmake_core/package.cmake)
[0.597s]   returned error code 1
[0.597s] Call Stack (most recent call first):
[0.597s]   /opt/ros/iron/share/ament_cmake_core/cmake/core/ament_package_xml.cmake:49 (_ament_package_xml)
[0.597s]   /opt/ros/iron/share/ament_cmake_core/cmake/core/ament_package.cmake:63 (ament_package_xml)
[0.597s]   CMakeLists.txt:6 (ament_package)
[0.598s] 
[0.598s] [0m
[0.598s] -- Configuring incomplete, errors occurred!
[0.598s] See also "/home/sanmaster/onshape-to-robot-tutorial/delta_robot_min_ws/build/delta_moveit_config/CMakeFiles/CMakeOutput.log".
[0.602s] Invoked command in '/home/sanmaster/onshape-to-robot-tutorial/delta_robot_min_ws/build/delta_moveit_config' returned '1': /usr/bin/cmake /home/sanmaster/onshape-to-robot-tutorial/delta_robot_min_ws/src/delta_moveit_config -DCMAKE_INSTALL_PREFIX=/home/sanmaster/onshape-to-robot-tutorial/delta_robot_min_ws/install/delta_moveit_config
