[0.663s] Invoking command in '/home/sanmaster/onshape-to-robot-tutorial/delta_robot_min_ws/src/my_third_delta': PYTHONPATH=/home/sanmaster/onshape-to-robot-tutorial/delta_robot_min_ws/build/my_third_delta/prefix_override:/home/sanmaster/onshape-to-robot-tutorial/delta_robot_min_ws/install/my_third_delta/lib/python3.10/site-packages:${PYTHONPATH} /usr/bin/python3 -W ignore:setup.py install is deprecated setup.py egg_info --egg-base ../../build/my_third_delta build --build-base /home/sanmaster/onshape-to-robot-tutorial/delta_robot_min_ws/build/my_third_delta/build install --record /home/sanmaster/onshape-to-robot-tutorial/delta_robot_min_ws/build/my_third_delta/install.log --single-version-externally-managed install_data
[0.921s] running egg_info
[0.921s] creating ../../build/my_third_delta/my_third_delta.egg-info
[0.921s] writing ../../build/my_third_delta/my_third_delta.egg-info/PKG-INFO
[0.922s] writing dependency_links to ../../build/my_third_delta/my_third_delta.egg-info/dependency_links.txt
[0.922s] writing entry points to ../../build/my_third_delta/my_third_delta.egg-info/entry_points.txt
[0.922s] writing requirements to ../../build/my_third_delta/my_third_delta.egg-info/requires.txt
[0.922s] writing top-level names to ../../build/my_third_delta/my_third_delta.egg-info/top_level.txt
[0.922s] writing manifest file '../../build/my_third_delta/my_third_delta.egg-info/SOURCES.txt'
[0.923s] reading manifest file '../../build/my_third_delta/my_third_delta.egg-info/SOURCES.txt'
[0.924s] writing manifest file '../../build/my_third_delta/my_third_delta.egg-info/SOURCES.txt'
[0.924s] running build
[0.925s] running build_py
[0.925s] creating /home/sanmaster/onshape-to-robot-tutorial/delta_robot_min_ws/build/my_third_delta/build
[0.925s] creating /home/sanmaster/onshape-to-robot-tutorial/delta_robot_min_ws/build/my_third_delta/build/lib
[0.925s] creating /home/sanmaster/onshape-to-robot-tutorial/delta_robot_min_ws/build/my_third_delta/build/lib/my_third_delta
[0.925s] copying my_third_delta/__init__.py -> /home/sanmaster/onshape-to-robot-tutorial/delta_robot_min_ws/build/my_third_delta/build/lib/my_third_delta
[0.925s] running install
[0.925s] running install_lib
[0.926s] creating /home/sanmaster/onshape-to-robot-tutorial/delta_robot_min_ws/install/my_third_delta/lib/python3.10/site-packages/my_third_delta
[0.926s] copying /home/sanmaster/onshape-to-robot-tutorial/delta_robot_min_ws/build/my_third_delta/build/lib/my_third_delta/__init__.py -> /home/sanmaster/onshape-to-robot-tutorial/delta_robot_min_ws/install/my_third_delta/lib/python3.10/site-packages/my_third_delta
[0.926s] byte-compiling /home/sanmaster/onshape-to-robot-tutorial/delta_robot_min_ws/install/my_third_delta/lib/python3.10/site-packages/my_third_delta/__init__.py to __init__.cpython-310.pyc
[0.926s] running install_data
[0.927s] creating /home/sanmaster/onshape-to-robot-tutorial/delta_robot_min_ws/install/my_third_delta/share/ament_index
[0.927s] creating /home/sanmaster/onshape-to-robot-tutorial/delta_robot_min_ws/install/my_third_delta/share/ament_index/resource_index
[0.927s] creating /home/sanmaster/onshape-to-robot-tutorial/delta_robot_min_ws/install/my_third_delta/share/ament_index/resource_index/packages
[0.927s] copying resource/my_third_delta -> /home/sanmaster/onshape-to-robot-tutorial/delta_robot_min_ws/install/my_third_delta/share/ament_index/resource_index/packages
[0.927s] copying package.xml -> /home/sanmaster/onshape-to-robot-tutorial/delta_robot_min_ws/install/my_third_delta/share/my_third_delta
[0.927s] running install_egg_info
[0.928s] Copying ../../build/my_third_delta/my_third_delta.egg-info to /home/sanmaster/onshape-to-robot-tutorial/delta_robot_min_ws/install/my_third_delta/lib/python3.10/site-packages/my_third_delta-0.0.0-py3.10.egg-info
[0.929s] running install_scripts
[0.949s] writing list of installed files to '/home/sanmaster/onshape-to-robot-tutorial/delta_robot_min_ws/build/my_third_delta/install.log'
[0.968s] Invoked command in '/home/sanmaster/onshape-to-robot-tutorial/delta_robot_min_ws/src/my_third_delta' returned '0': PYTHONPATH=/home/sanmaster/onshape-to-robot-tutorial/delta_robot_min_ws/build/my_third_delta/prefix_override:/home/sanmaster/onshape-to-robot-tutorial/delta_robot_min_ws/install/my_third_delta/lib/python3.10/site-packages:${PYTHONPATH} /usr/bin/python3 -W ignore:setup.py install is deprecated setup.py egg_info --egg-base ../../build/my_third_delta build --build-base /home/sanmaster/onshape-to-robot-tutorial/delta_robot_min_ws/build/my_third_delta/build install --record /home/sanmaster/onshape-to-robot-tutorial/delta_robot_min_ws/build/my_third_delta/install.log --single-version-externally-managed install_data
