running develop
/usr/lib/python3/dist-packages/setuptools/command/easy_install.py:158: EasyInstallDeprecationWarning: easy_install command is deprecated. Use build and pip and other standards-based tools.
  warnings.warn(
Removing /home/sanmaster/onshape-to-robot-tutorial/delta_robot_min_ws/install/my_first_delta/lib/python3.10/site-packages/my-first-delta.egg-link (link to .)
running egg_info
writing ../../build/my_first_delta/my_first_delta.egg-info/PKG-INFO
writing dependency_links to ../../build/my_first_delta/my_first_delta.egg-info/dependency_links.txt
writing entry points to ../../build/my_first_delta/my_first_delta.egg-info/entry_points.txt
writing requirements to ../../build/my_first_delta/my_first_delta.egg-info/requires.txt
writing top-level names to ../../build/my_first_delta/my_first_delta.egg-info/top_level.txt
reading manifest file '../../build/my_first_delta/my_first_delta.egg-info/SOURCES.txt'
adding license file 'LICENSE'
writing manifest file '../../build/my_first_delta/my_first_delta.egg-info/SOURCES.txt'
running build
running build_py
running install
running install_lib
creating /home/sanmaster/onshape-to-robot-tutorial/delta_robot_min_ws/install/my_first_delta/lib/python3.10/site-packages/my_first_delta
copying /home/sanmaster/onshape-to-robot-tutorial/delta_robot_min_ws/build/my_first_delta/build/lib/my_first_delta/__init__.py -> /home/sanmaster/onshape-to-robot-tutorial/delta_robot_min_ws/install/my_first_delta/lib/python3.10/site-packages/my_first_delta
copying /home/sanmaster/onshape-to-robot-tutorial/delta_robot_min_ws/build/my_first_delta/build/lib/my_first_delta/joint_publisher.py -> /home/sanmaster/onshape-to-robot-tutorial/delta_robot_min_ws/install/my_first_delta/lib/python3.10/site-packages/my_first_delta
byte-compiling /home/sanmaster/onshape-to-robot-tutorial/delta_robot_min_ws/install/my_first_delta/lib/python3.10/site-packages/my_first_delta/__init__.py to __init__.cpython-310.pyc
byte-compiling /home/sanmaster/onshape-to-robot-tutorial/delta_robot_min_ws/install/my_first_delta/lib/python3.10/site-packages/my_first_delta/joint_publisher.py to joint_publisher.cpython-310.pyc
running install_data
copying resource/my_first_delta -> /home/sanmaster/onshape-to-robot-tutorial/delta_robot_min_ws/install/my_first_delta/share/ament_index/resource_index/packages
copying package.xml -> /home/sanmaster/onshape-to-robot-tutorial/delta_robot_min_ws/install/my_first_delta/share/my_first_delta
copying launch/basic_launch.py -> /home/sanmaster/onshape-to-robot-tutorial/delta_robot_min_ws/install/my_first_delta/share/my_first_delta/launch
copying urdf/base.urdf.xacro -> /home/sanmaster/onshape-to-robot-tutorial/delta_robot_min_ws/install/my_first_delta/share/my_first_delta/urdf
running install_egg_info
Copying ../../build/my_first_delta/my_first_delta.egg-info to /home/sanmaster/onshape-to-robot-tutorial/delta_robot_min_ws/install/my_first_delta/lib/python3.10/site-packages/my_first_delta-0.0.0-py3.10.egg-info
running install_scripts
writing list of installed files to '/home/sanmaster/onshape-to-robot-tutorial/delta_robot_min_ws/build/my_first_delta/install.log'
