[0.805s] Invoking command in '/home/sanmaster/onshape-to-robot-tutorial/delta_robot_min_ws/src/my_third_delta': PYTHONPATH=/home/sanmaster/onshape-to-robot-tutorial/delta_robot_min_ws/build/my_third_delta/prefix_override:/home/sanmaster/onshape-to-robot-tutorial/delta_robot_min_ws/install/my_third_delta/lib/python3.10/site-packages:${PYTHONPATH} /usr/bin/python3 -W ignore:setup.py install is deprecated setup.py egg_info --egg-base ../../build/my_third_delta build --build-base /home/sanmaster/onshape-to-robot-tutorial/delta_robot_min_ws/build/my_third_delta/build install --record /home/sanmaster/onshape-to-robot-tutorial/delta_robot_min_ws/build/my_third_delta/install.log --single-version-externally-managed install_data
[1.120s] running egg_info
[1.121s] writing ../../build/my_third_delta/my_third_delta.egg-info/PKG-INFO
[1.121s] writing dependency_links to ../../build/my_third_delta/my_third_delta.egg-info/dependency_links.txt
[1.122s] writing entry points to ../../build/my_third_delta/my_third_delta.egg-info/entry_points.txt
[1.122s] writing requirements to ../../build/my_third_delta/my_third_delta.egg-info/requires.txt
[1.122s] writing top-level names to ../../build/my_third_delta/my_third_delta.egg-info/top_level.txt
[1.125s] reading manifest file '../../build/my_third_delta/my_third_delta.egg-info/SOURCES.txt'
[1.127s] writing manifest file '../../build/my_third_delta/my_third_delta.egg-info/SOURCES.txt'
[1.127s] running build
[1.127s] running build_py
[1.128s] running install
[1.128s] running install_lib
[1.130s] running install_data
[1.130s] copying urdf/delta.urdf.xacro -> /home/sanmaster/onshape-to-robot-tutorial/delta_robot_min_ws/install/my_third_delta/share/my_third_delta/urdf
[1.130s] copying urdf/delta.urdf -> /home/sanmaster/onshape-to-robot-tutorial/delta_robot_min_ws/install/my_third_delta/share/my_third_delta/urdf
[1.130s] running install_egg_info
[1.134s] removing '/home/sanmaster/onshape-to-robot-tutorial/delta_robot_min_ws/install/my_third_delta/lib/python3.10/site-packages/my_third_delta-0.0.0-py3.10.egg-info' (and everything under it)
[1.134s] Copying ../../build/my_third_delta/my_third_delta.egg-info to /home/sanmaster/onshape-to-robot-tutorial/delta_robot_min_ws/install/my_third_delta/lib/python3.10/site-packages/my_third_delta-0.0.0-py3.10.egg-info
[1.136s] running install_scripts
[1.163s] writing list of installed files to '/home/sanmaster/onshape-to-robot-tutorial/delta_robot_min_ws/build/my_third_delta/install.log'
[1.192s] Invoked command in '/home/sanmaster/onshape-to-robot-tutorial/delta_robot_min_ws/src/my_third_delta' returned '0': PYTHONPATH=/home/sanmaster/onshape-to-robot-tutorial/delta_robot_min_ws/build/my_third_delta/prefix_override:/home/sanmaster/onshape-to-robot-tutorial/delta_robot_min_ws/install/my_third_delta/lib/python3.10/site-packages:${PYTHONPATH} /usr/bin/python3 -W ignore:setup.py install is deprecated setup.py egg_info --egg-base ../../build/my_third_delta build --build-base /home/sanmaster/onshape-to-robot-tutorial/delta_robot_min_ws/build/my_third_delta/build install --record /home/sanmaster/onshape-to-robot-tutorial/delta_robot_min_ws/build/my_third_delta/install.log --single-version-externally-managed install_data
